#
# A fatal error has been detected by the Java Runtime Environment:
#
#  EXCEPTION_ACCESS_VIOLATION (0xc0000005) at pc=0x00007fff48f26845, pid=7480, tid=12632
#
# JRE version: OpenJDK Runtime Environment (11.0.10) (build 11.0.10+0-b96-7249189)
# Java VM: OpenJDK 64-Bit Server VM (11.0.10+0-b96-7249189, mixed mode, tiered, compressed oops, g1 gc, windows-amd64)
# Problematic frame:
# V  [jvm.dll+0x516845]
#
# No core dump will be written. Minidumps are not enabled by default on client versions of Windows
#
# If you would like to submit a bug report, please visit:
#   https://bugreport.java.com/bugreport/crash.jsp
#

---------------  S U M M A R Y ------------

Command Line: --add-opens=java.base/java.util=ALL-UNNAMED --add-opens=java.base/java.lang=ALL-UNNAMED --add-opens=java.base/java.lang.invoke=ALL-UNNAMED --add-opens=java.base/java.util=ALL-UNNAMED --add-opens=java.prefs/java.util.prefs=ALL-UNNAMED --add-opens=java.prefs/java.util.prefs=ALL-UNNAMED --add-opens=java.base/java.nio.charset=ALL-UNNAMED --add-opens=java.base/java.net=ALL-UNNAMED --add-opens=java.base/java.util.concurrent.atomic=ALL-UNNAMED -Xmx2048m -Dfile.encoding=UTF-8 -Duser.country=RU -Duser.language=ru -Duser.variant org.gradle.launcher.daemon.bootstrap.GradleDaemon 7.0.2

Host: Intel(R) Core(TM) i7-6700K CPU @ 4.00GHz, 8 cores, 15G,  Windows 10 , 64 bit Build 19041 (10.0.19041.1645)
Time: Sun May  8 12:54:13 2022 RTZ 2 (зима) elapsed time: 4.803009 seconds (0d 0h 0m 4s)

---------------  T H R E A D  ---------------

Current thread (0x0000021f4a0b2000):  JavaThread "C2 CompilerThread2" daemon [_thread_in_native, id=12632, stack(0x0000009707800000,0x0000009707900000)]


Current CompileTask:
C2:   4803 6188       4       java.beans.Introspector::addMethod (196 bytes)

Stack: [0x0000009707800000,0x0000009707900000],  sp=0x00000097078fa940,  free space=1002k
Native frames: (J=compiled Java code, j=interpreted, Vv=VM code, C=native code)
V  [jvm.dll+0x516845]
V  [jvm.dll+0x506524]
V  [jvm.dll+0x203253]
V  [jvm.dll+0x1fd07c]
V  [jvm.dll+0x1fa77f]
V  [jvm.dll+0x18354c]
V  [jvm.dll+0x208ee7]
V  [jvm.dll+0x207731]
V  [jvm.dll+0x6eb1cf]
V  [jvm.dll+0x6e3d45]
V  [jvm.dll+0x5ebe96]
C  [ucrtbase.dll+0x21bb2]
C  [KERNEL32.DLL+0x17034]
C  [ntdll.dll+0x52651]


siginfo: EXCEPTION_ACCESS_VIOLATION (0xc0000005), ExceptionInformation=0x0000000000000003 0x0000000000000000


Register to memory mapping:

RIP=0x00007fff48f26845 jvm.dll
RAX=0x0000021f4bd21778 points into unknown readable memory: 0x00007fff491f3de0 | e0 3d 1f 49 ff 7f 00 00
RBX=0x00000097078faa30 is pointing into the stack for thread: 0x0000021f4a0b2000
RCX=0x0000021f4b12fe18 points into unknown readable memory: 0x0000021f4c1938c0 | c0 38 19 4c 1f 02 00 00
RDX=0x0 is NULL
RSP=0x00000097078fa940 is pointing into the stack for thread: 0x0000021f4a0b2000
RBP=0x4000021f4c1938c0 is an unknown value
RSI=0x0000000000000001 is an unknown value
RDI=0x0000021f4bd21778 points into unknown readable memory: 0x00007fff491f3de0 | e0 3d 1f 49 ff 7f 00 00
R8 =0x0000021f4a6673fc points into unknown readable memory: 6e 20 ff ff
R9 =0x0000000000000002 is an unknown value
R10=0x0000000000000010 is an unknown value
R11=0x00000097078fa8b8 is pointing into the stack for thread: 0x0000021f4a0b2000
R12=0x0 is NULL
R13=0x0 is NULL
R14=0x00000097078fa9c8 is pointing into the stack for thread: 0x0000021f4a0b2000
R15=0x00000097078fae00 is pointing into the stack for thread: 0x0000021f4a0b2000


Registers:
RAX=0x0000021f4bd21778, RBX=0x00000097078faa30, RCX=0x0000021f4b12fe18, RDX=0x0000000000000000
RSP=0x00000097078fa940, RBP=0x4000021f4c1938c0, RSI=0x0000000000000001, RDI=0x0000021f4bd21778
R8 =0x0000021f4a6673fc, R9 =0x0000000000000002, R10=0x0000000000000010, R11=0x00000097078fa8b8
R12=0x0000000000000000, R13=0x0000000000000000, R14=0x00000097078fa9c8, R15=0x00000097078fae00
RIP=0x00007fff48f26845, EFLAGS=0x0000000000010203

Top of Stack: (sp=0x00000097078fa940)
0x00000097078fa940:   0000000000000000 0000021f00000032
0x00000097078fa950:   00000097078faa30 0000000000000001
0x00000097078fa960:   0000000000000000 0000000000000001
0x00000097078fa970:   0000000000000002 00007fff48f16524
0x00000097078fa980:   00000097078faa80 0000021f488daa50
0x00000097078fa990:   0000021f488daa50 00000097078fae00
0x00000097078fa9a0:   0000021f4bddb5c0 0000000000001000
0x00000097078fa9b0:   0000021f5032b180 0000021f00000000
0x00000097078fa9c0:   0000021f00000009 00007fff4927de48
0x00000097078fa9d0:   0000021f4bddb5c0 0000000000000200
0x00000097078fa9e0:   0000021f4a6673c0 0000021f4bddb5c0
0x00000097078fa9f0:   0000021f4bb6dbd0 00000000001828b0
0x00000097078faa00:   0000021f4bb6dc20 0000021f4bb75bb8
0x00000097078faa10:   0000021f4bddb5c0 0000021f00000004
0x00000097078faa20:   0000021f4bcacf70 0000000000000000
0x00000097078faa30:   0000021f4fd09370 0000021f4fd1cd10 

Instructions: (pc=0x00007fff48f26845)
0x00007fff48f26745:   48 89 6c 24 30 3b 5e 28 72 0b 8b d3 48 8d 4e 20
0x00007fff48f26755:   e8 66 5c 0b 00 4c 8b 44 24 40 48 8b 46 30 48 8b
0x00007fff48f26765:   6c 24 30 49 8d 50 01 48 89 14 d8 33 db 39 5f 20
0x00007fff48f26775:   76 25 66 0f 1f 84 00 00 00 00 00 48 8b 57 10 48
0x00007fff48f26785:   8b ce 48 8b 14 da e8 70 ff ff ff 4c 8b 44 24 40
0x00007fff48f26795:   ff c3 3b 5f 20 72 e4 48 8b 5c 24 38 48 8b 74 24
0x00007fff48f267a5:   48 48 83 c4 20 5f c3 cc cc cc cc 48 89 5c 24 10
0x00007fff48f267b5:   48 89 74 24 18 48 89 7c 24 20 41 54 41 56 41 57
0x00007fff48f267c5:   48 83 ec 20 48 8b 41 10 4c 8b f2 45 0f b6 e1 49
0x00007fff48f267d5:   8b d8 4c 8b f9 48 8b b8 38 02 00 00 8b 57 28 8b
0x00007fff48f267e5:   c2 c1 e8 05 41 3b 46 10 72 0b 49 8b 06 49 8b ce
0x00007fff48f267f5:   ff 50 18 eb 1a 8b c8 83 e2 1f 49 8b 46 18 4c 8d
0x00007fff48f26805:   04 88 b8 01 00 00 00 0f b6 ca d3 e0 41 09 00 48
0x00007fff48f26815:   8b d7 49 8b cf e8 71 0b 00 00 48 8b f8 48 89 6c
0x00007fff48f26825:   24 40 44 8b 50 20 33 f6 0f 1f 00 41 3b f2 0f 83
0x00007fff48f26835:   8b 00 00 00 48 8b 4f 10 8b d6 ff c6 48 8b 2c d1
0x00007fff48f26845:   83 7d 20 00 74 e5 8b 4d 28 8b c1 c1 e8 05 41 3b
0x00007fff48f26855:   46 10 72 0d 49 8b 06 8b d1 49 8b ce ff 50 18 eb
0x00007fff48f26865:   26 83 e1 1f 41 b9 01 00 00 00 41 d3 e1 8b c8 49
0x00007fff48f26875:   8b 46 18 4c 8d 04 88 8b 0c 88 8b c1 41 0b c9 41
0x00007fff48f26885:   89 08 41 23 c1 75 a4 48 8b d5 49 8b cf e8 f9 0a
0x00007fff48f26895:   00 00 48 83 03 10 48 8b e8 48 8b 0b 48 3b 4b 08
0x00007fff48f268a5:   72 08 48 8b cb e8 f1 5b 0b 00 48 8b 0b 48 89 39
0x00007fff48f268b5:   48 8b fd 89 71 08 44 8b 55 20 e9 67 ff ff ff 45
0x00007fff48f268c5:   85 d2 74 1a 0f b6 47 30 c0 e8 04 a8 01 75 0f 45
0x00007fff48f268d5:   0f b6 c4 48 8b d7 49 8b cf e8 4d 00 00 00 48 8b
0x00007fff48f268e5:   03 48 3b 43 10 72 16 48 8b 38 8b 70 08 48 83 c0
0x00007fff48f268f5:   f0 44 8b 57 20 48 89 03 e9 2e ff ff ff 48 8b 6c
0x00007fff48f26905:   24 40 48 8b 5c 24 48 48 8b 74 24 50 48 8b 7c 24
0x00007fff48f26915:   58 48 83 c4 20 41 5f 41 5e 41 5c c3 cc cc cc cc
0x00007fff48f26925:   cc cc cc cc cc cc cc cc cc cc cc 48 89 54 24 10
0x00007fff48f26935:   53 55 56 57 41 54 41 56 48 83 ec 48 8b 42 2c 4c 


Stack slot to memory mapping:
stack at sp + 0 slots: 0x0 is NULL
stack at sp + 1 slots: 0x0000021f00000032 is an unknown value
stack at sp + 2 slots: 0x00000097078faa30 is pointing into the stack for thread: 0x0000021f4a0b2000
stack at sp + 3 slots: 0x0000000000000001 is an unknown value
stack at sp + 4 slots: 0x0 is NULL
stack at sp + 5 slots: 0x0000000000000001 is an unknown value
stack at sp + 6 slots: 0x0000000000000002 is an unknown value
stack at sp + 7 slots: 0x00007fff48f16524 jvm.dll


---------------  P R O C E S S  ---------------

Threads class SMR info:
_java_thread_list=0x0000021f50126550, length=52, elements={
0x0000021f2d09c800, 0x0000021f48549800, 0x0000021f4854d000, 0x0000021f48574000,
0x0000021f48575800, 0x0000021f48576800, 0x0000021f48579800, 0x0000021f485ca000,
0x0000021f485d6800, 0x0000021f4872b800, 0x0000021f4a978800, 0x0000021f48ea5000,
0x0000021f48801000, 0x0000021f4a6ae800, 0x0000021f49cdb000, 0x0000021f49e8b000,
0x0000021f49f57000, 0x0000021f4a6e6000, 0x0000021f497be000, 0x0000021f4aca9800,
0x0000021f4adf0800, 0x0000021f4adf1800, 0x0000021f4adf5800, 0x0000021f4adf5000,
0x0000021f4adf2800, 0x0000021f4adf3000, 0x0000021f4adf4000, 0x0000021f4adf0000,
0x0000021f4adf6800, 0x0000021f4a0b2000, 0x0000021f4bf61800, 0x0000021f4bf62000,
0x0000021f4bf63800, 0x0000021f4bf64800, 0x0000021f4bf65800, 0x0000021f4bf66000,
0x0000021f4bf60800, 0x0000021f4bf6c800, 0x0000021f4bf69800, 0x0000021f4bf6a800,
0x0000021f4bf6b000, 0x0000021f4bf67000, 0x0000021f4bf68800, 0x0000021f4bf6c000,
0x0000021f4bf6d800, 0x0000021f4bf68000, 0x0000021f4bf6e800, 0x0000021f4c03a000,
0x0000021f4c039000, 0x0000021f4c03a800, 0x0000021f4c036800, 0x0000021f4c03d000
}

Java Threads: ( => current thread )
  0x0000021f2d09c800 JavaThread "main" [_thread_blocked, id=5048, stack(0x0000009704c00000,0x0000009704d00000)]
  0x0000021f48549800 JavaThread "Reference Handler" daemon [_thread_blocked, id=12392, stack(0x0000009705300000,0x0000009705400000)]
  0x0000021f4854d000 JavaThread "Finalizer" daemon [_thread_blocked, id=6364, stack(0x0000009705400000,0x0000009705500000)]
  0x0000021f48574000 JavaThread "Signal Dispatcher" daemon [_thread_blocked, id=3752, stack(0x0000009705500000,0x0000009705600000)]
  0x0000021f48575800 JavaThread "Attach Listener" daemon [_thread_blocked, id=1208, stack(0x0000009705600000,0x0000009705700000)]
  0x0000021f48576800 JavaThread "Service Thread" daemon [_thread_blocked, id=8960, stack(0x0000009705700000,0x0000009705800000)]
  0x0000021f48579800 JavaThread "C2 CompilerThread0" daemon [_thread_blocked, id=7836, stack(0x0000009705800000,0x0000009705900000)]
  0x0000021f485ca000 JavaThread "C1 CompilerThread0" daemon [_thread_in_native, id=8808, stack(0x0000009705900000,0x0000009705a00000)]
  0x0000021f485d6800 JavaThread "Sweeper thread" daemon [_thread_blocked, id=1192, stack(0x0000009705a00000,0x0000009705b00000)]
  0x0000021f4872b800 JavaThread "Common-Cleaner" daemon [_thread_blocked, id=7376, stack(0x0000009705b00000,0x0000009705c00000)]
  0x0000021f4a978800 JavaThread "Daemon health stats" [_thread_blocked, id=1524, stack(0x0000009706400000,0x0000009706500000)]
  0x0000021f48ea5000 JavaThread "Incoming local TCP Connector on port 1806" [_thread_in_native, id=7860, stack(0x0000009705d00000,0x0000009705e00000)]
  0x0000021f48801000 JavaThread "Daemon periodic checks" [_thread_blocked, id=12784, stack(0x0000009705e00000,0x0000009705f00000)]
  0x0000021f4a6ae800 JavaThread "Daemon" [_thread_blocked, id=3212, stack(0x0000009706500000,0x0000009706600000)]
  0x0000021f49cdb000 JavaThread "Handler for socket connection from /127.0.0.1:1806 to /127.0.0.1:1807" [_thread_in_native, id=10524, stack(0x0000009706600000,0x0000009706700000)]
  0x0000021f49e8b000 JavaThread "C2 CompilerThread1" daemon [_thread_blocked, id=7528, stack(0x0000009706700000,0x0000009706800000)]
  0x0000021f49f57000 JavaThread "Cancel handler" [_thread_blocked, id=1052, stack(0x0000009706800000,0x0000009706900000)]
  0x0000021f4a6e6000 JavaThread "Daemon worker" [_thread_in_vm, id=6124, stack(0x0000009706900000,0x0000009706a00000)]
  0x0000021f497be000 JavaThread "Asynchronous log dispatcher for DefaultDaemonConnection: socket connection from /127.0.0.1:1806 to /127.0.0.1:1807" [_thread_blocked, id=11096, stack(0x0000009706a00000,0x0000009706b00000)]
  0x0000021f4aca9800 JavaThread "Stdin handler" [_thread_blocked, id=10976, stack(0x0000009706b00000,0x0000009706c00000)]
  0x0000021f4adf0800 JavaThread "Daemon client event forwarder" [_thread_blocked, id=10512, stack(0x0000009706c00000,0x0000009706d00000)]
  0x0000021f4adf1800 JavaThread "Cache worker for file hash cache (C:\Users\admin\.gradle\caches\7.0.2\fileHashes)" [_thread_blocked, id=13292, stack(0x0000009706d00000,0x0000009706e00000)]
  0x0000021f4adf5800 JavaThread "File lock request listener" [_thread_in_native, id=3448, stack(0x0000009706e00000,0x0000009706f00000)]
  0x0000021f4adf5000 JavaThread "Cache worker for journal cache (C:\Users\admin\.gradle\caches\journal-1)" [_thread_blocked, id=12172, stack(0x0000009707200000,0x0000009707300000)]
  0x0000021f4adf2800 JavaThread "Cache worker for file hash cache (C:\Users\admin\AndroidStudioProjects\GamesForCat\.gradle\7.0.2\fileHashes)" [_thread_blocked, id=1700, stack(0x0000009707300000,0x0000009707400000)]
  0x0000021f4adf3000 JavaThread "File watcher server" daemon [_thread_in_native, id=3176, stack(0x0000009707400000,0x0000009707500000)]
  0x0000021f4adf4000 JavaThread "File watcher consumer" daemon [_thread_blocked, id=8468, stack(0x0000009707500000,0x0000009707600000)]
  0x0000021f4adf0000 JavaThread "Cache worker for checksums cache (C:\Users\admin\AndroidStudioProjects\GamesForCat\.gradle\checksums)" [_thread_blocked, id=7424, stack(0x0000009707600000,0x0000009707700000)]
  0x0000021f4adf6800 JavaThread "Cache worker for cache directory md-supplier (C:\Users\admin\.gradle\caches\7.0.2\md-supplier)" [_thread_blocked, id=6472, stack(0x0000009707700000,0x0000009707800000)]
=>0x0000021f4a0b2000 JavaThread "C2 CompilerThread2" daemon [_thread_in_native, id=12632, stack(0x0000009707800000,0x0000009707900000)]
  0x0000021f4bf61800 JavaThread "Cache worker for cache directory md-rule (C:\Users\admin\.gradle\caches\7.0.2\md-rule)" [_thread_blocked, id=2264, stack(0x0000009707900000,0x0000009707a00000)]
  0x0000021f4bf62000 JavaThread "Cache worker for execution history cache (C:\Users\admin\.gradle\caches\7.0.2\executionHistory)" [_thread_blocked, id=9024, stack(0x0000009707a00000,0x0000009707b00000)]
  0x0000021f4bf63800 JavaThread "jar transforms" [_thread_blocked, id=9220, stack(0x0000009707b00000,0x0000009707c00000)]
  0x0000021f4bf64800 JavaThread "jar transforms Thread 2" [_thread_blocked, id=12004, stack(0x0000009707c00000,0x0000009707d00000)]
  0x0000021f4bf65800 JavaThread "Cache worker for file content cache (C:\Users\admin\.gradle\caches\7.0.2\fileContent)" [_thread_blocked, id=13040, stack(0x0000009707d00000,0x0000009707e00000)]
  0x0000021f4bf66000 JavaThread "Cache worker for dependencies-accessors (C:\Users\admin\AndroidStudioProjects\GamesForCat\.gradle\7.0.2\dependencies-accessors)" [_thread_blocked, id=3484, stack(0x0000009707e00000,0x0000009707f00000)]
  0x0000021f4bf60800 JavaThread "jar transforms Thread 3" [_thread_blocked, id=7256, stack(0x0000009707f00000,0x0000009708000000)]
  0x0000021f4bf6c800 JavaThread "Cache worker for Build Output Cleanup Cache (C:\Users\admin\AndroidStudioProjects\GamesForCat\.gradle\buildOutputCleanup)" [_thread_blocked, id=12460, stack(0x0000009708000000,0x0000009708100000)]
  0x0000021f4bf69800 JavaThread "Build operations" [_thread_blocked, id=11272, stack(0x0000009708100000,0x0000009708200000)]
  0x0000021f4bf6a800 JavaThread "Build operations Thread 2" [_thread_blocked, id=10372, stack(0x0000009708200000,0x0000009708300000)]
  0x0000021f4bf6b000 JavaThread "Build operations Thread 3" [_thread_blocked, id=9888, stack(0x0000009708300000,0x0000009708400000)]
  0x0000021f4bf67000 JavaThread "Build operations Thread 4" [_thread_blocked, id=4732, stack(0x0000009708400000,0x0000009708500000)]
  0x0000021f4bf68800 JavaThread "Build operations Thread 5" [_thread_blocked, id=6264, stack(0x0000009708500000,0x0000009708600000)]
  0x0000021f4bf6c000 JavaThread "Build operations Thread 6" [_thread_blocked, id=5792, stack(0x0000009708600000,0x0000009708700000)]
  0x0000021f4bf6d800 JavaThread "Build operations Thread 7" [_thread_blocked, id=6128, stack(0x0000009708700000,0x0000009708800000)]
  0x0000021f4bf68000 JavaThread "Build operations Thread 8" [_thread_blocked, id=9836, stack(0x0000009708800000,0x0000009708900000)]
  0x0000021f4bf6e800 JavaThread "jar transforms Thread 4" [_thread_blocked, id=3800, stack(0x0000009708900000,0x0000009708a00000)]
  0x0000021f4c03a000 JavaThread "jar transforms Thread 5" [_thread_blocked, id=1284, stack(0x0000009708a00000,0x0000009708b00000)]
  0x0000021f4c039000 JavaThread "jar transforms Thread 6" [_thread_blocked, id=6480, stack(0x0000009708b00000,0x0000009708c00000)]
  0x0000021f4c03a800 JavaThread "jar transforms Thread 7" [_thread_blocked, id=13272, stack(0x0000009708c00000,0x0000009708d00000)]
  0x0000021f4c036800 JavaThread "jar transforms Thread 8" [_thread_blocked, id=5436, stack(0x0000009708d00000,0x0000009708e00000)]
  0x0000021f4c03d000 JavaThread "Memory manager" [_thread_blocked, id=10368, stack(0x0000009708e00000,0x0000009708f00000)]

Other Threads:
  0x0000021f47d1e800 VMThread "VM Thread" [stack: 0x0000009705200000,0x0000009705300000] [id=10132]
  0x0000021f48748800 WatcherThread [stack: 0x0000009705c00000,0x0000009705d00000] [id=12196]
  0x0000021f2d0b4000 GCTaskThread "GC Thread#0" [stack: 0x0000009704d00000,0x0000009704e00000] [id=11276]
  0x0000021f4997f800 GCTaskThread "GC Thread#1" [stack: 0x0000009705f00000,0x0000009706000000] [id=2476]
  0x0000021f49484000 GCTaskThread "GC Thread#2" [stack: 0x0000009706000000,0x0000009706100000] [id=2908]
  0x0000021f48b57000 GCTaskThread "GC Thread#3" [stack: 0x0000009706100000,0x0000009706200000] [id=1704]
  0x0000021f497f9800 GCTaskThread "GC Thread#4" [stack: 0x0000009706200000,0x0000009706300000] [id=2072]
  0x0000021f497fc000 GCTaskThread "GC Thread#5" [stack: 0x0000009706300000,0x0000009706400000] [id=13300]
  0x0000021f497f6800 GCTaskThread "GC Thread#6" [stack: 0x0000009706f00000,0x0000009707000000] [id=9964]
  0x0000021f497f8800 GCTaskThread "GC Thread#7" [stack: 0x0000009707000000,0x0000009707100000] [id=11456]
  0x0000021f2d0e8000 ConcurrentGCThread "G1 Main Marker" [stack: 0x0000009704e00000,0x0000009704f00000] [id=6668]
  0x0000021f2d0ea800 ConcurrentGCThread "G1 Conc#0" [stack: 0x0000009704f00000,0x0000009705000000] [id=9760]
  0x0000021f497fa800 ConcurrentGCThread "G1 Conc#1" [stack: 0x0000009707100000,0x0000009707200000] [id=5712]
  0x0000021f2d17d800 ConcurrentGCThread "G1 Refine#0" [stack: 0x0000009705000000,0x0000009705100000] [id=5704]
  0x0000021f47b9a800 ConcurrentGCThread "G1 Young RemSet Sampling" [stack: 0x0000009705100000,0x0000009705200000] [id=11996]

Threads with active compile tasks:
C2 CompilerThread2   4869 6188       4       java.beans.Introspector::addMethod (196 bytes)

VM state:not at safepoint (normal execution)

VM Mutex/Monitor currently owned by a thread: None

Heap address: 0x0000000080000000, size: 2048 MB, Compressed Oops mode: 32-bit
Narrow klass base: 0x0000000000000000, Narrow klass shift: 3
Compressed class space size: 1073741824 Address: 0x0000000100000000

Heap:
 garbage-first heap   total 262144K, used 130283K [0x0000000080000000, 0x0000000100000000)
  region size 1024K, 87 young (89088K), 3 survivors (3072K)
 Metaspace       used 64742K, capacity 66319K, committed 66508K, reserved 1107968K
  class space    used 8259K, capacity 8821K, committed 8908K, reserved 1048576K
Heap Regions: E=young(eden), S=young(survivor), O=old, HS=humongous(starts), HC=humongous(continues), CS=collection set, F=free, A=archive, TAMS=top-at-mark-start (previous, next)
|   0|0x0000000080000000, 0x0000000080100000, 0x0000000080100000|100%| O|  |TAMS 0x0000000080100000, 0x0000000080000000| Untracked 
|   1|0x0000000080100000, 0x0000000080200000, 0x0000000080200000|100%| O|  |TAMS 0x0000000080200000, 0x0000000080100000| Untracked 
|   2|0x0000000080200000, 0x0000000080300000, 0x0000000080300000|100%| O|  |TAMS 0x0000000080300000, 0x0000000080200000| Untracked 
|   3|0x0000000080300000, 0x0000000080400000, 0x0000000080400000|100%|HS|  |TAMS 0x0000000080400000, 0x0000000080300000| Complete 
|   4|0x0000000080400000, 0x0000000080500000, 0x0000000080500000|100%|HC|  |TAMS 0x0000000080500000, 0x0000000080400000| Complete 
|   5|0x0000000080500000, 0x0000000080600000, 0x0000000080600000|100%|HC|  |TAMS 0x0000000080600000, 0x0000000080500000| Complete 
|   6|0x0000000080600000, 0x0000000080700000, 0x0000000080700000|100%| O|  |TAMS 0x0000000080700000, 0x0000000080600000| Untracked 
|   7|0x0000000080700000, 0x0000000080800000, 0x0000000080800000|100%| O|  |TAMS 0x0000000080800000, 0x0000000080700000| Untracked 
|   8|0x0000000080800000, 0x0000000080900000, 0x0000000080900000|100%| O|  |TAMS 0x0000000080900000, 0x0000000080800000| Untracked 
|   9|0x0000000080900000, 0x00000000809ffff8, 0x0000000080a00000| 99%| O|  |TAMS 0x00000000809ffff8, 0x0000000080900000| Untracked 
|  10|0x0000000080a00000, 0x0000000080b00000, 0x0000000080b00000|100%| O|  |TAMS 0x0000000080b00000, 0x0000000080a00000| Untracked 
|  11|0x0000000080b00000, 0x0000000080c00000, 0x0000000080c00000|100%| O|  |TAMS 0x0000000080c00000, 0x0000000080b00000| Untracked 
|  12|0x0000000080c00000, 0x0000000080d00000, 0x0000000080d00000|100%| O|  |TAMS 0x0000000080d00000, 0x0000000080c00000| Untracked 
|  13|0x0000000080d00000, 0x0000000080e00000, 0x0000000080e00000|100%| O|  |TAMS 0x0000000080e00000, 0x0000000080d00000| Untracked 
|  14|0x0000000080e00000, 0x0000000080f00000, 0x0000000080f00000|100%| O|  |TAMS 0x0000000080f00000, 0x0000000080e00000| Untracked 
|  15|0x0000000080f00000, 0x0000000081000000, 0x0000000081000000|100%| O|  |TAMS 0x0000000081000000, 0x0000000080f00000| Untracked 
|  16|0x0000000081000000, 0x0000000081100000, 0x0000000081100000|100%|HS|  |TAMS 0x0000000081100000, 0x0000000081000000| Complete 
|  17|0x0000000081100000, 0x0000000081200000, 0x0000000081200000|100%|HS|  |TAMS 0x0000000081200000, 0x0000000081100000| Complete 
|  18|0x0000000081200000, 0x0000000081300000, 0x0000000081300000|100%|HS|  |TAMS 0x0000000081300000, 0x0000000081200000| Complete 
|  19|0x0000000081300000, 0x0000000081400000, 0x0000000081400000|100%|HC|  |TAMS 0x0000000081400000, 0x0000000081300000| Complete 
|  20|0x0000000081400000, 0x0000000081500000, 0x0000000081500000|100%| O|  |TAMS 0x0000000081500000, 0x0000000081400000| Untracked 
|  21|0x0000000081500000, 0x0000000081600000, 0x0000000081600000|100%| O|  |TAMS 0x0000000081600000, 0x0000000081500000| Untracked 
|  22|0x0000000081600000, 0x0000000081700000, 0x0000000081700000|100%| O|  |TAMS 0x0000000081700000, 0x0000000081600000| Untracked 
|  23|0x0000000081700000, 0x0000000081800000, 0x0000000081800000|100%| O|  |TAMS 0x0000000081800000, 0x0000000081700000| Untracked 
|  24|0x0000000081800000, 0x0000000081900000, 0x0000000081900000|100%| O|  |TAMS 0x0000000081900000, 0x0000000081800000| Untracked 
|  25|0x0000000081900000, 0x0000000081a00000, 0x0000000081a00000|100%| O|  |TAMS 0x0000000081a00000, 0x0000000081900000| Untracked 
|  26|0x0000000081a00000, 0x0000000081b00000, 0x0000000081b00000|100%| O|  |TAMS 0x0000000081b00000, 0x0000000081a00000| Untracked 
|  27|0x0000000081b00000, 0x0000000081c00000, 0x0000000081c00000|100%| O|  |TAMS 0x0000000081c00000, 0x0000000081b00000| Untracked 
|  28|0x0000000081c00000, 0x0000000081d00000, 0x0000000081d00000|100%| O|  |TAMS 0x0000000081d00000, 0x0000000081c00000| Untracked 
|  29|0x0000000081d00000, 0x0000000081e00000, 0x0000000081e00000|100%| O|  |TAMS 0x0000000081e00000, 0x0000000081d00000| Untracked 
|  30|0x0000000081e00000, 0x0000000081f00000, 0x0000000081f00000|100%| O|  |TAMS 0x0000000081f00000, 0x0000000081e00000| Untracked 
|  31|0x0000000081f00000, 0x0000000082000000, 0x0000000082000000|100%| O|  |TAMS 0x0000000082000000, 0x0000000081f00000| Untracked 
|  32|0x0000000082000000, 0x0000000082100000, 0x0000000082100000|100%| O|  |TAMS 0x0000000082100000, 0x0000000082000000| Untracked 
|  33|0x0000000082100000, 0x0000000082200000, 0x0000000082200000|100%| O|  |TAMS 0x0000000082200000, 0x0000000082100000| Untracked 
|  34|0x0000000082200000, 0x0000000082300000, 0x0000000082300000|100%| O|  |TAMS 0x0000000082300000, 0x0000000082200000| Untracked 
|  35|0x0000000082300000, 0x0000000082400000, 0x0000000082400000|100%| O|  |TAMS 0x0000000082400000, 0x0000000082300000| Untracked 
|  36|0x0000000082400000, 0x0000000082500000, 0x0000000082500000|100%| O|  |TAMS 0x0000000082500000, 0x0000000082400000| Untracked 
|  37|0x0000000082500000, 0x0000000082600000, 0x0000000082600000|100%| O|  |TAMS 0x0000000082600000, 0x0000000082500000| Untracked 
|  38|0x0000000082600000, 0x0000000082700000, 0x0000000082700000|100%| O|  |TAMS 0x0000000082700000, 0x0000000082600000| Untracked 
|  39|0x0000000082700000, 0x0000000082800000, 0x0000000082800000|100%| O|  |TAMS 0x0000000082800000, 0x0000000082700000| Untracked 
|  40|0x0000000082800000, 0x0000000082900000, 0x0000000082900000|100%| O|  |TAMS 0x0000000082900000, 0x0000000082800000| Untracked 
|  41|0x0000000082900000, 0x000000008295d000, 0x0000000082a00000| 36%| O|  |TAMS 0x000000008295d000, 0x0000000082900000| Untracked 
|  42|0x0000000082a00000, 0x0000000082b00000, 0x0000000082b00000|100%|HS|  |TAMS 0x0000000082a00000, 0x0000000082a00000| Complete 
|  43|0x0000000082b00000, 0x0000000082b00000, 0x0000000082c00000|  0%| F|  |TAMS 0x0000000082b00000, 0x0000000082b00000| Untracked 
|  44|0x0000000082c00000, 0x0000000082c00000, 0x0000000082d00000|  0%| F|  |TAMS 0x0000000082c00000, 0x0000000082c00000| Untracked 
|  45|0x0000000082d00000, 0x0000000082d00000, 0x0000000082e00000|  0%| F|  |TAMS 0x0000000082d00000, 0x0000000082d00000| Untracked 
|  46|0x0000000082e00000, 0x0000000082e00000, 0x0000000082f00000|  0%| F|  |TAMS 0x0000000082e00000, 0x0000000082e00000| Untracked 
|  47|0x0000000082f00000, 0x0000000082f00000, 0x0000000083000000|  0%| F|  |TAMS 0x0000000082f00000, 0x0000000082f00000| Untracked 
|  48|0x0000000083000000, 0x0000000083000000, 0x0000000083100000|  0%| F|  |TAMS 0x0000000083000000, 0x0000000083000000| Untracked 
|  49|0x0000000083100000, 0x0000000083100000, 0x0000000083200000|  0%| F|  |TAMS 0x0000000083100000, 0x0000000083100000| Untracked 
|  50|0x0000000083200000, 0x0000000083200000, 0x0000000083300000|  0%| F|  |TAMS 0x0000000083200000, 0x0000000083200000| Untracked 
|  51|0x0000000083300000, 0x0000000083300000, 0x0000000083400000|  0%| F|  |TAMS 0x0000000083300000, 0x0000000083300000| Untracked 
|  52|0x0000000083400000, 0x0000000083400000, 0x0000000083500000|  0%| F|  |TAMS 0x0000000083400000, 0x0000000083400000| Untracked 
|  53|0x0000000083500000, 0x0000000083500000, 0x0000000083600000|  0%| F|  |TAMS 0x0000000083500000, 0x0000000083500000| Untracked 
|  54|0x0000000083600000, 0x0000000083600000, 0x0000000083700000|  0%| F|  |TAMS 0x0000000083600000, 0x0000000083600000| Untracked 
|  55|0x0000000083700000, 0x0000000083700000, 0x0000000083800000|  0%| F|  |TAMS 0x0000000083700000, 0x0000000083700000| Untracked 
|  56|0x0000000083800000, 0x0000000083800000, 0x0000000083900000|  0%| F|  |TAMS 0x0000000083800000, 0x0000000083800000| Untracked 
|  57|0x0000000083900000, 0x0000000083900000, 0x0000000083a00000|  0%| F|  |TAMS 0x0000000083900000, 0x0000000083900000| Untracked 
|  58|0x0000000083a00000, 0x0000000083a00000, 0x0000000083b00000|  0%| F|  |TAMS 0x0000000083a00000, 0x0000000083a00000| Untracked 
|  59|0x0000000083b00000, 0x0000000083b00000, 0x0000000083c00000|  0%| F|  |TAMS 0x0000000083b00000, 0x0000000083b00000| Untracked 
|  60|0x0000000083c00000, 0x0000000083c00000, 0x0000000083d00000|  0%| F|  |TAMS 0x0000000083c00000, 0x0000000083c00000| Untracked 
|  61|0x0000000083d00000, 0x0000000083d00000, 0x0000000083e00000|  0%| F|  |TAMS 0x0000000083d00000, 0x0000000083d00000| Untracked 
|  62|0x0000000083e00000, 0x0000000083e00000, 0x0000000083f00000|  0%| F|  |TAMS 0x0000000083e00000, 0x0000000083e00000| Untracked 
|  63|0x0000000083f00000, 0x0000000083f00000, 0x0000000084000000|  0%| F|  |TAMS 0x0000000083f00000, 0x0000000083f00000| Untracked 
|  64|0x0000000084000000, 0x0000000084000000, 0x0000000084100000|  0%| F|  |TAMS 0x0000000084000000, 0x0000000084000000| Untracked 
|  65|0x0000000084100000, 0x0000000084100000, 0x0000000084200000|  0%| F|  |TAMS 0x0000000084100000, 0x0000000084100000| Untracked 
|  66|0x0000000084200000, 0x0000000084200000, 0x0000000084300000|  0%| F|  |TAMS 0x0000000084200000, 0x0000000084200000| Untracked 
|  67|0x0000000084300000, 0x0000000084300000, 0x0000000084400000|  0%| F|  |TAMS 0x0000000084300000, 0x0000000084300000| Untracked 
|  68|0x0000000084400000, 0x0000000084400000, 0x0000000084500000|  0%| F|  |TAMS 0x0000000084400000, 0x0000000084400000| Untracked 
|  69|0x0000000084500000, 0x0000000084500000, 0x0000000084600000|  0%| F|  |TAMS 0x0000000084500000, 0x0000000084500000| Untracked 
|  70|0x0000000084600000, 0x0000000084600000, 0x0000000084700000|  0%| F|  |TAMS 0x0000000084600000, 0x0000000084600000| Untracked 
|  71|0x0000000084700000, 0x0000000084700000, 0x0000000084800000|  0%| F|  |TAMS 0x0000000084700000, 0x0000000084700000| Untracked 
|  72|0x0000000084800000, 0x0000000084800000, 0x0000000084900000|  0%| F|  |TAMS 0x0000000084800000, 0x0000000084800000| Untracked 
|  73|0x0000000084900000, 0x0000000084900000, 0x0000000084a00000|  0%| F|  |TAMS 0x0000000084900000, 0x0000000084900000| Untracked 
|  74|0x0000000084a00000, 0x0000000084a00000, 0x0000000084b00000|  0%| F|  |TAMS 0x0000000084a00000, 0x0000000084a00000| Untracked 
|  75|0x0000000084b00000, 0x0000000084b00000, 0x0000000084c00000|  0%| F|  |TAMS 0x0000000084b00000, 0x0000000084b00000| Untracked 
|  76|0x0000000084c00000, 0x0000000084c00000, 0x0000000084d00000|  0%| F|  |TAMS 0x0000000084c00000, 0x0000000084c00000| Untracked 
|  77|0x0000000084d00000, 0x0000000084d00000, 0x0000000084e00000|  0%| F|  |TAMS 0x0000000084d00000, 0x0000000084d00000| Untracked 
|  78|0x0000000084e00000, 0x0000000084e00000, 0x0000000084f00000|  0%| F|  |TAMS 0x0000000084e00000, 0x0000000084e00000| Untracked 
|  79|0x0000000084f00000, 0x0000000084f00000, 0x0000000085000000|  0%| F|  |TAMS 0x0000000084f00000, 0x0000000084f00000| Untracked 
|  80|0x0000000085000000, 0x0000000085000000, 0x0000000085100000|  0%| F|  |TAMS 0x0000000085000000, 0x0000000085000000| Untracked 
|  81|0x0000000085100000, 0x0000000085100000, 0x0000000085200000|  0%| F|  |TAMS 0x0000000085100000, 0x0000000085100000| Untracked 
|  82|0x0000000085200000, 0x0000000085200000, 0x0000000085300000|  0%| F|  |TAMS 0x0000000085200000, 0x0000000085200000| Untracked 
|  83|0x0000000085300000, 0x0000000085300000, 0x0000000085400000|  0%| F|  |TAMS 0x0000000085300000, 0x0000000085300000| Untracked 
|  84|0x0000000085400000, 0x0000000085400000, 0x0000000085500000|  0%| F|  |TAMS 0x0000000085400000, 0x0000000085400000| Untracked 
|  85|0x0000000085500000, 0x0000000085500000, 0x0000000085600000|  0%| F|  |TAMS 0x0000000085500000, 0x0000000085500000| Untracked 
|  86|0x0000000085600000, 0x0000000085600000, 0x0000000085700000|  0%| F|  |TAMS 0x0000000085600000, 0x0000000085600000| Untracked 
|  87|0x0000000085700000, 0x0000000085700000, 0x0000000085800000|  0%| F|  |TAMS 0x0000000085700000, 0x0000000085700000| Untracked 
|  88|0x0000000085800000, 0x0000000085800000, 0x0000000085900000|  0%| F|  |TAMS 0x0000000085800000, 0x0000000085800000| Untracked 
|  89|0x0000000085900000, 0x0000000085900000, 0x0000000085a00000|  0%| F|  |TAMS 0x0000000085900000, 0x0000000085900000| Untracked 
|  90|0x0000000085a00000, 0x0000000085a00000, 0x0000000085b00000|  0%| F|  |TAMS 0x0000000085a00000, 0x0000000085a00000| Untracked 
|  91|0x0000000085b00000, 0x0000000085b00000, 0x0000000085c00000|  0%| F|  |TAMS 0x0000000085b00000, 0x0000000085b00000| Untracked 
|  92|0x0000000085c00000, 0x0000000085c00000, 0x0000000085d00000|  0%| F|  |TAMS 0x0000000085c00000, 0x0000000085c00000| Untracked 
|  93|0x0000000085d00000, 0x0000000085d00000, 0x0000000085e00000|  0%| F|  |TAMS 0x0000000085d00000, 0x0000000085d00000| Untracked 
|  94|0x0000000085e00000, 0x0000000085e00000, 0x0000000085f00000|  0%| F|  |TAMS 0x0000000085e00000, 0x0000000085e00000| Untracked 
|  95|0x0000000085f00000, 0x0000000085f00000, 0x0000000086000000|  0%| F|  |TAMS 0x0000000085f00000, 0x0000000085f00000| Untracked 
|  96|0x0000000086000000, 0x0000000086000000, 0x0000000086100000|  0%| F|  |TAMS 0x0000000086000000, 0x0000000086000000| Untracked 
|  97|0x0000000086100000, 0x0000000086100000, 0x0000000086200000|  0%| F|  |TAMS 0x0000000086100000, 0x0000000086100000| Untracked 
|  98|0x0000000086200000, 0x0000000086200000, 0x0000000086300000|  0%| F|  |TAMS 0x0000000086200000, 0x0000000086200000| Untracked 
|  99|0x0000000086300000, 0x0000000086300000, 0x0000000086400000|  0%| F|  |TAMS 0x0000000086300000, 0x0000000086300000| Untracked 
| 100|0x0000000086400000, 0x0000000086400000, 0x0000000086500000|  0%| F|  |TAMS 0x0000000086400000, 0x0000000086400000| Untracked 
| 101|0x0000000086500000, 0x0000000086500000, 0x0000000086600000|  0%| F|  |TAMS 0x0000000086500000, 0x0000000086500000| Untracked 
| 102|0x0000000086600000, 0x0000000086600000, 0x0000000086700000|  0%| F|  |TAMS 0x0000000086600000, 0x0000000086600000| Untracked 
| 103|0x0000000086700000, 0x0000000086700000, 0x0000000086800000|  0%| F|  |TAMS 0x0000000086700000, 0x0000000086700000| Untracked 
| 104|0x0000000086800000, 0x0000000086800000, 0x0000000086900000|  0%| F|  |TAMS 0x0000000086800000, 0x0000000086800000| Untracked 
| 105|0x0000000086900000, 0x0000000086900000, 0x0000000086a00000|  0%| F|  |TAMS 0x0000000086900000, 0x0000000086900000| Untracked 
| 106|0x0000000086a00000, 0x0000000086a00000, 0x0000000086b00000|  0%| F|  |TAMS 0x0000000086a00000, 0x0000000086a00000| Untracked 
| 107|0x0000000086b00000, 0x0000000086b00000, 0x0000000086c00000|  0%| F|  |TAMS 0x0000000086b00000, 0x0000000086b00000| Untracked 
| 108|0x0000000086c00000, 0x0000000086c00000, 0x0000000086d00000|  0%| F|  |TAMS 0x0000000086c00000, 0x0000000086c00000| Untracked 
| 109|0x0000000086d00000, 0x0000000086d00000, 0x0000000086e00000|  0%| F|  |TAMS 0x0000000086d00000, 0x0000000086d00000| Untracked 
| 110|0x0000000086e00000, 0x0000000086e00000, 0x0000000086f00000|  0%| F|  |TAMS 0x0000000086e00000, 0x0000000086e00000| Untracked 
| 111|0x0000000086f00000, 0x0000000086f00000, 0x0000000087000000|  0%| F|  |TAMS 0x0000000086f00000, 0x0000000086f00000| Untracked 
| 112|0x0000000087000000, 0x0000000087000000, 0x0000000087100000|  0%| F|  |TAMS 0x0000000087000000, 0x0000000087000000| Untracked 
| 113|0x0000000087100000, 0x0000000087100000, 0x0000000087200000|  0%| F|  |TAMS 0x0000000087100000, 0x0000000087100000| Untracked 
| 114|0x0000000087200000, 0x0000000087200000, 0x0000000087300000|  0%| F|  |TAMS 0x0000000087200000, 0x0000000087200000| Untracked 
| 115|0x0000000087300000, 0x0000000087300000, 0x0000000087400000|  0%| F|  |TAMS 0x0000000087300000, 0x0000000087300000| Untracked 
| 116|0x0000000087400000, 0x0000000087400000, 0x0000000087500000|  0%| F|  |TAMS 0x0000000087400000, 0x0000000087400000| Untracked 
| 117|0x0000000087500000, 0x0000000087500000, 0x0000000087600000|  0%| F|  |TAMS 0x0000000087500000, 0x0000000087500000| Untracked 
| 118|0x0000000087600000, 0x0000000087600000, 0x0000000087700000|  0%| F|  |TAMS 0x0000000087600000, 0x0000000087600000| Untracked 
| 119|0x0000000087700000, 0x0000000087700000, 0x0000000087800000|  0%| F|  |TAMS 0x0000000087700000, 0x0000000087700000| Untracked 
| 120|0x0000000087800000, 0x0000000087800000, 0x0000000087900000|  0%| F|  |TAMS 0x0000000087800000, 0x0000000087800000| Untracked 
| 121|0x0000000087900000, 0x0000000087900000, 0x0000000087a00000|  0%| F|  |TAMS 0x0000000087900000, 0x0000000087900000| Untracked 
| 122|0x0000000087a00000, 0x0000000087a00000, 0x0000000087b00000|  0%| F|  |TAMS 0x0000000087a00000, 0x0000000087a00000| Untracked 
| 123|0x0000000087b00000, 0x0000000087b00000, 0x0000000087c00000|  0%| F|  |TAMS 0x0000000087b00000, 0x0000000087b00000| Untracked 
| 124|0x0000000087c00000, 0x0000000087c00000, 0x0000000087d00000|  0%| F|  |TAMS 0x0000000087c00000, 0x0000000087c00000| Untracked 
| 125|0x0000000087d00000, 0x0000000087d00000, 0x0000000087e00000|  0%| F|  |TAMS 0x0000000087d00000, 0x0000000087d00000| Untracked 
| 126|0x0000000087e00000, 0x0000000087e00000, 0x0000000087f00000|  0%| F|  |TAMS 0x0000000087e00000, 0x0000000087e00000| Untracked 
| 127|0x0000000087f00000, 0x0000000087f00000, 0x0000000088000000|  0%| F|  |TAMS 0x0000000087f00000, 0x0000000087f00000| Untracked 
| 128|0x0000000088000000, 0x0000000088000000, 0x0000000088100000|  0%| F|  |TAMS 0x0000000088000000, 0x0000000088000000| Untracked 
| 129|0x0000000088100000, 0x0000000088100000, 0x0000000088200000|  0%| F|  |TAMS 0x0000000088100000, 0x0000000088100000| Untracked 
| 130|0x0000000088200000, 0x0000000088200000, 0x0000000088300000|  0%| F|  |TAMS 0x0000000088200000, 0x0000000088200000| Untracked 
| 131|0x0000000088300000, 0x0000000088300000, 0x0000000088400000|  0%| F|  |TAMS 0x0000000088300000, 0x0000000088300000| Untracked 
| 132|0x0000000088400000, 0x0000000088400000, 0x0000000088500000|  0%| F|  |TAMS 0x0000000088400000, 0x0000000088400000| Untracked 
| 133|0x0000000088500000, 0x0000000088500000, 0x0000000088600000|  0%| F|  |TAMS 0x0000000088500000, 0x0000000088500000| Untracked 
| 134|0x0000000088600000, 0x0000000088600000, 0x0000000088700000|  0%| F|  |TAMS 0x0000000088600000, 0x0000000088600000| Untracked 
| 135|0x0000000088700000, 0x0000000088700000, 0x0000000088800000|  0%| F|  |TAMS 0x0000000088700000, 0x0000000088700000| Untracked 
| 136|0x0000000088800000, 0x0000000088800000, 0x0000000088900000|  0%| F|  |TAMS 0x0000000088800000, 0x0000000088800000| Untracked 
| 137|0x0000000088900000, 0x0000000088900000, 0x0000000088a00000|  0%| F|  |TAMS 0x0000000088900000, 0x0000000088900000| Untracked 
| 138|0x0000000088a00000, 0x0000000088a00000, 0x0000000088b00000|  0%| F|  |TAMS 0x0000000088a00000, 0x0000000088a00000| Untracked 
| 139|0x0000000088b00000, 0x0000000088b00000, 0x0000000088c00000|  0%| F|  |TAMS 0x0000000088b00000, 0x0000000088b00000| Untracked 
| 140|0x0000000088c00000, 0x0000000088c00000, 0x0000000088d00000|  0%| F|  |TAMS 0x0000000088c00000, 0x0000000088c00000| Untracked 
| 141|0x0000000088d00000, 0x0000000088d00000, 0x0000000088e00000|  0%| F|  |TAMS 0x0000000088d00000, 0x0000000088d00000| Untracked 
| 142|0x0000000088e00000, 0x0000000088e00000, 0x0000000088f00000|  0%| F|  |TAMS 0x0000000088e00000, 0x0000000088e00000| Untracked 
| 143|0x0000000088f00000, 0x0000000088f00000, 0x0000000089000000|  0%| F|  |TAMS 0x0000000088f00000, 0x0000000088f00000| Untracked 
| 144|0x0000000089000000, 0x0000000089000000, 0x0000000089100000|  0%| F|  |TAMS 0x0000000089000000, 0x0000000089000000| Untracked 
| 145|0x0000000089100000, 0x0000000089100000, 0x0000000089200000|  0%| F|  |TAMS 0x0000000089100000, 0x0000000089100000| Untracked 
| 146|0x0000000089200000, 0x0000000089200000, 0x0000000089300000|  0%| F|  |TAMS 0x0000000089200000, 0x0000000089200000| Untracked 
| 147|0x0000000089300000, 0x0000000089300000, 0x0000000089400000|  0%| F|  |TAMS 0x0000000089300000, 0x0000000089300000| Untracked 
| 148|0x0000000089400000, 0x0000000089400000, 0x0000000089500000|  0%| F|  |TAMS 0x0000000089400000, 0x0000000089400000| Untracked 
| 149|0x0000000089500000, 0x0000000089500000, 0x0000000089600000|  0%| F|  |TAMS 0x0000000089500000, 0x0000000089500000| Untracked 
| 150|0x0000000089600000, 0x0000000089600000, 0x0000000089700000|  0%| F|  |TAMS 0x0000000089600000, 0x0000000089600000| Untracked 
| 151|0x0000000089700000, 0x0000000089700000, 0x0000000089800000|  0%| F|  |TAMS 0x0000000089700000, 0x0000000089700000| Untracked 
| 152|0x0000000089800000, 0x0000000089800000, 0x0000000089900000|  0%| F|  |TAMS 0x0000000089800000, 0x0000000089800000| Untracked 
| 153|0x0000000089900000, 0x0000000089900000, 0x0000000089a00000|  0%| F|  |TAMS 0x0000000089900000, 0x0000000089900000| Untracked 
| 154|0x0000000089a00000, 0x0000000089a00000, 0x0000000089b00000|  0%| F|  |TAMS 0x0000000089a00000, 0x0000000089a00000| Untracked 
| 155|0x0000000089b00000, 0x0000000089b00000, 0x0000000089c00000|  0%| F|  |TAMS 0x0000000089b00000, 0x0000000089b00000| Untracked 
| 156|0x0000000089c00000, 0x0000000089c00000, 0x0000000089d00000|  0%| F|  |TAMS 0x0000000089c00000, 0x0000000089c00000| Untracked 
| 157|0x0000000089d00000, 0x0000000089d00000, 0x0000000089e00000|  0%| F|  |TAMS 0x0000000089d00000, 0x0000000089d00000| Untracked 
| 158|0x0000000089e00000, 0x0000000089e00000, 0x0000000089f00000|  0%| F|  |TAMS 0x0000000089e00000, 0x0000000089e00000| Untracked 
| 159|0x0000000089f00000, 0x0000000089f00000, 0x000000008a000000|  0%| F|  |TAMS 0x0000000089f00000, 0x0000000089f00000| Untracked 
| 160|0x000000008a000000, 0x000000008a000000, 0x000000008a100000|  0%| F|  |TAMS 0x000000008a000000, 0x000000008a000000| Untracked 
| 161|0x000000008a100000, 0x000000008a100000, 0x000000008a200000|  0%| F|  |TAMS 0x000000008a100000, 0x000000008a100000| Untracked 
| 162|0x000000008a200000, 0x000000008a200000, 0x000000008a300000|  0%| F|  |TAMS 0x000000008a200000, 0x000000008a200000| Untracked 
| 163|0x000000008a300000, 0x000000008a300000, 0x000000008a400000|  0%| F|  |TAMS 0x000000008a300000, 0x000000008a300000| Untracked 
| 164|0x000000008a400000, 0x000000008a400000, 0x000000008a500000|  0%| F|  |TAMS 0x000000008a400000, 0x000000008a400000| Untracked 
| 165|0x000000008a500000, 0x000000008a500000, 0x000000008a600000|  0%| F|  |TAMS 0x000000008a500000, 0x000000008a500000| Untracked 
| 166|0x000000008a600000, 0x000000008a600000, 0x000000008a700000|  0%| F|  |TAMS 0x000000008a600000, 0x000000008a600000| Untracked 
| 167|0x000000008a700000, 0x000000008a700000, 0x000000008a800000|  0%| F|  |TAMS 0x000000008a700000, 0x000000008a700000| Untracked 
| 168|0x000000008a800000, 0x000000008a8818b0, 0x000000008a900000| 50%| E|  |TAMS 0x000000008a800000, 0x000000008a800000| Complete 
| 169|0x000000008a900000, 0x000000008aa00000, 0x000000008aa00000|100%| E|CS|TAMS 0x000000008a900000, 0x000000008a900000| Complete 
| 170|0x000000008aa00000, 0x000000008ab00000, 0x000000008ab00000|100%| E|CS|TAMS 0x000000008aa00000, 0x000000008aa00000| Complete 
| 171|0x000000008ab00000, 0x000000008ac00000, 0x000000008ac00000|100%| E|CS|TAMS 0x000000008ab00000, 0x000000008ab00000| Complete 
| 172|0x000000008ac00000, 0x000000008ad00000, 0x000000008ad00000|100%| E|CS|TAMS 0x000000008ac00000, 0x000000008ac00000| Complete 
| 173|0x000000008ad00000, 0x000000008ae00000, 0x000000008ae00000|100%| E|CS|TAMS 0x000000008ad00000, 0x000000008ad00000| Complete 
| 174|0x000000008ae00000, 0x000000008af00000, 0x000000008af00000|100%| E|CS|TAMS 0x000000008ae00000, 0x000000008ae00000| Complete 
| 175|0x000000008af00000, 0x000000008b000000, 0x000000008b000000|100%| E|CS|TAMS 0x000000008af00000, 0x000000008af00000| Complete 
| 176|0x000000008b000000, 0x000000008b100000, 0x000000008b100000|100%| E|CS|TAMS 0x000000008b000000, 0x000000008b000000| Complete 
| 177|0x000000008b100000, 0x000000008b200000, 0x000000008b200000|100%| E|CS|TAMS 0x000000008b100000, 0x000000008b100000| Complete 
| 178|0x000000008b200000, 0x000000008b300000, 0x000000008b300000|100%| E|CS|TAMS 0x000000008b200000, 0x000000008b200000| Complete 
| 179|0x000000008b300000, 0x000000008b400000, 0x000000008b400000|100%| E|CS|TAMS 0x000000008b300000, 0x000000008b300000| Complete 
| 180|0x000000008b400000, 0x000000008b500000, 0x000000008b500000|100%| E|CS|TAMS 0x000000008b400000, 0x000000008b400000| Complete 
| 181|0x000000008b500000, 0x000000008b600000, 0x000000008b600000|100%| E|CS|TAMS 0x000000008b500000, 0x000000008b500000| Complete 
| 182|0x000000008b600000, 0x000000008b700000, 0x000000008b700000|100%| E|CS|TAMS 0x000000008b600000, 0x000000008b600000| Complete 
| 183|0x000000008b700000, 0x000000008b800000, 0x000000008b800000|100%| E|CS|TAMS 0x000000008b700000, 0x000000008b700000| Complete 
| 184|0x000000008b800000, 0x000000008b900000, 0x000000008b900000|100%| E|CS|TAMS 0x000000008b800000, 0x000000008b800000| Complete 
| 185|0x000000008b900000, 0x000000008ba00000, 0x000000008ba00000|100%| E|CS|TAMS 0x000000008b900000, 0x000000008b900000| Complete 
| 186|0x000000008ba00000, 0x000000008bb00000, 0x000000008bb00000|100%| E|CS|TAMS 0x000000008ba00000, 0x000000008ba00000| Complete 
| 187|0x000000008bb00000, 0x000000008bc00000, 0x000000008bc00000|100%| E|CS|TAMS 0x000000008bb00000, 0x000000008bb00000| Complete 
| 188|0x000000008bc00000, 0x000000008bd00000, 0x000000008bd00000|100%| E|CS|TAMS 0x000000008bc00000, 0x000000008bc00000| Complete 
| 189|0x000000008bd00000, 0x000000008be00000, 0x000000008be00000|100%| E|CS|TAMS 0x000000008bd00000, 0x000000008bd00000| Complete 
| 190|0x000000008be00000, 0x000000008bf00000, 0x000000008bf00000|100%| E|CS|TAMS 0x000000008be00000, 0x000000008be00000| Complete 
| 191|0x000000008bf00000, 0x000000008c000000, 0x000000008c000000|100%| E|CS|TAMS 0x000000008bf00000, 0x000000008bf00000| Complete 
| 192|0x000000008c000000, 0x000000008c100000, 0x000000008c100000|100%| E|CS|TAMS 0x000000008c000000, 0x000000008c000000| Complete 
| 193|0x000000008c100000, 0x000000008c200000, 0x000000008c200000|100%| E|CS|TAMS 0x000000008c100000, 0x000000008c100000| Complete 
| 194|0x000000008c200000, 0x000000008c300000, 0x000000008c300000|100%| E|CS|TAMS 0x000000008c200000, 0x000000008c200000| Complete 
| 195|0x000000008c300000, 0x000000008c400000, 0x000000008c400000|100%| E|CS|TAMS 0x000000008c300000, 0x000000008c300000| Complete 
| 196|0x000000008c400000, 0x000000008c500000, 0x000000008c500000|100%| E|CS|TAMS 0x000000008c400000, 0x000000008c400000| Complete 
| 197|0x000000008c500000, 0x000000008c600000, 0x000000008c600000|100%| E|CS|TAMS 0x000000008c500000, 0x000000008c500000| Complete 
| 198|0x000000008c600000, 0x000000008c700000, 0x000000008c700000|100%| E|CS|TAMS 0x000000008c600000, 0x000000008c600000| Complete 
| 199|0x000000008c700000, 0x000000008c800000, 0x000000008c800000|100%| E|CS|TAMS 0x000000008c700000, 0x000000008c700000| Complete 
| 200|0x000000008c800000, 0x000000008c900000, 0x000000008c900000|100%| E|CS|TAMS 0x000000008c800000, 0x000000008c800000| Complete 
| 201|0x000000008c900000, 0x000000008ca00000, 0x000000008ca00000|100%| E|CS|TAMS 0x000000008c900000, 0x000000008c900000| Complete 
| 202|0x000000008ca00000, 0x000000008cb00000, 0x000000008cb00000|100%| E|CS|TAMS 0x000000008ca00000, 0x000000008ca00000| Complete 
| 203|0x000000008cb00000, 0x000000008cc00000, 0x000000008cc00000|100%| E|CS|TAMS 0x000000008cb00000, 0x000000008cb00000| Complete 
| 204|0x000000008cc00000, 0x000000008cd00000, 0x000000008cd00000|100%| E|CS|TAMS 0x000000008cc00000, 0x000000008cc00000| Complete 
| 205|0x000000008cd00000, 0x000000008ce00000, 0x000000008ce00000|100%| E|CS|TAMS 0x000000008cd00000, 0x000000008cd00000| Complete 
| 206|0x000000008ce00000, 0x000000008cf00000, 0x000000008cf00000|100%| E|CS|TAMS 0x000000008ce00000, 0x000000008ce00000| Complete 
| 207|0x000000008cf00000, 0x000000008d000000, 0x000000008d000000|100%| E|CS|TAMS 0x000000008cf00000, 0x000000008cf00000| Complete 
| 208|0x000000008d000000, 0x000000008d100000, 0x000000008d100000|100%| E|CS|TAMS 0x000000008d000000, 0x000000008d000000| Complete 
| 209|0x000000008d100000, 0x000000008d200000, 0x000000008d200000|100%| E|CS|TAMS 0x000000008d100000, 0x000000008d100000| Complete 
| 210|0x000000008d200000, 0x000000008d300000, 0x000000008d300000|100%| E|CS|TAMS 0x000000008d200000, 0x000000008d200000| Complete 
| 211|0x000000008d300000, 0x000000008d400000, 0x000000008d400000|100%| E|  |TAMS 0x000000008d300000, 0x000000008d300000| Complete 
| 212|0x000000008d400000, 0x000000008d500000, 0x000000008d500000|100%| E|CS|TAMS 0x000000008d400000, 0x000000008d400000| Complete 
| 213|0x000000008d500000, 0x000000008d600000, 0x000000008d600000|100%| E|CS|TAMS 0x000000008d500000, 0x000000008d500000| Complete 
| 214|0x000000008d600000, 0x000000008d700000, 0x000000008d700000|100%| E|CS|TAMS 0x000000008d600000, 0x000000008d600000| Complete 
| 215|0x000000008d700000, 0x000000008d800000, 0x000000008d800000|100%| E|CS|TAMS 0x000000008d700000, 0x000000008d700000| Complete 
| 216|0x000000008d800000, 0x000000008d900000, 0x000000008d900000|100%| E|CS|TAMS 0x000000008d800000, 0x000000008d800000| Complete 
| 217|0x000000008d900000, 0x000000008da00000, 0x000000008da00000|100%| E|CS|TAMS 0x000000008d900000, 0x000000008d900000| Complete 
| 218|0x000000008da00000, 0x000000008db00000, 0x000000008db00000|100%| E|CS|TAMS 0x000000008da00000, 0x000000008da00000| Complete 
| 219|0x000000008db00000, 0x000000008dc00000, 0x000000008dc00000|100%| E|CS|TAMS 0x000000008db00000, 0x000000008db00000| Complete 
| 220|0x000000008dc00000, 0x000000008dd00000, 0x000000008dd00000|100%| E|CS|TAMS 0x000000008dc00000, 0x000000008dc00000| Complete 
| 221|0x000000008dd00000, 0x000000008de00000, 0x000000008de00000|100%| E|CS|TAMS 0x000000008dd00000, 0x000000008dd00000| Complete 
| 222|0x000000008de00000, 0x000000008df00000, 0x000000008df00000|100%| E|CS|TAMS 0x000000008de00000, 0x000000008de00000| Complete 
| 223|0x000000008df00000, 0x000000008e000000, 0x000000008e000000|100%| E|CS|TAMS 0x000000008df00000, 0x000000008df00000| Complete 
| 224|0x000000008e000000, 0x000000008e100000, 0x000000008e100000|100%| E|CS|TAMS 0x000000008e000000, 0x000000008e000000| Complete 
| 225|0x000000008e100000, 0x000000008e200000, 0x000000008e200000|100%| E|CS|TAMS 0x000000008e100000, 0x000000008e100000| Complete 
| 226|0x000000008e200000, 0x000000008e300000, 0x000000008e300000|100%| E|CS|TAMS 0x000000008e200000, 0x000000008e200000| Complete 
| 227|0x000000008e300000, 0x000000008e400000, 0x000000008e400000|100%| E|CS|TAMS 0x000000008e300000, 0x000000008e300000| Complete 
| 228|0x000000008e400000, 0x000000008e500000, 0x000000008e500000|100%| E|CS|TAMS 0x000000008e400000, 0x000000008e400000| Complete 
| 229|0x000000008e500000, 0x000000008e600000, 0x000000008e600000|100%| E|CS|TAMS 0x000000008e500000, 0x000000008e500000| Complete 
| 230|0x000000008e600000, 0x000000008e700000, 0x000000008e700000|100%| E|CS|TAMS 0x000000008e600000, 0x000000008e600000| Complete 
| 231|0x000000008e700000, 0x000000008e800000, 0x000000008e800000|100%| E|CS|TAMS 0x000000008e700000, 0x000000008e700000| Complete 
| 232|0x000000008e800000, 0x000000008e900000, 0x000000008e900000|100%| E|CS|TAMS 0x000000008e800000, 0x000000008e800000| Complete 
| 233|0x000000008e900000, 0x000000008ea00000, 0x000000008ea00000|100%| E|CS|TAMS 0x000000008e900000, 0x000000008e900000| Complete 
| 234|0x000000008ea00000, 0x000000008eb00000, 0x000000008eb00000|100%| E|CS|TAMS 0x000000008ea00000, 0x000000008ea00000| Complete 
| 235|0x000000008eb00000, 0x000000008ec00000, 0x000000008ec00000|100%| E|CS|TAMS 0x000000008eb00000, 0x000000008eb00000| Complete 
| 236|0x000000008ec00000, 0x000000008ed00000, 0x000000008ed00000|100%| E|CS|TAMS 0x000000008ec00000, 0x000000008ec00000| Complete 
| 237|0x000000008ed00000, 0x000000008ee00000, 0x000000008ee00000|100%| E|CS|TAMS 0x000000008ed00000, 0x000000008ed00000| Complete 
| 238|0x000000008ee00000, 0x000000008ef00000, 0x000000008ef00000|100%| E|CS|TAMS 0x000000008ee00000, 0x000000008ee00000| Complete 
| 239|0x000000008ef00000, 0x000000008f000000, 0x000000008f000000|100%| E|CS|TAMS 0x000000008ef00000, 0x000000008ef00000| Complete 
| 240|0x000000008f000000, 0x000000008f100000, 0x000000008f100000|100%| E|CS|TAMS 0x000000008f000000, 0x000000008f000000| Complete 
| 241|0x000000008f100000, 0x000000008f1dde50, 0x000000008f200000| 86%| S|CS|TAMS 0x000000008f100000, 0x000000008f100000| Complete 
| 242|0x000000008f200000, 0x000000008f300000, 0x000000008f300000|100%| S|CS|TAMS 0x000000008f200000, 0x000000008f200000| Complete 
| 243|0x000000008f300000, 0x000000008f400000, 0x000000008f400000|100%| S|CS|TAMS 0x000000008f300000, 0x000000008f300000| Complete 
| 244|0x000000008f400000, 0x000000008f500000, 0x000000008f500000|100%| E|CS|TAMS 0x000000008f400000, 0x000000008f400000| Complete 
| 245|0x000000008f500000, 0x000000008f600000, 0x000000008f600000|100%| E|CS|TAMS 0x000000008f500000, 0x000000008f500000| Complete 
| 246|0x000000008f600000, 0x000000008f700000, 0x000000008f700000|100%| E|CS|TAMS 0x000000008f600000, 0x000000008f600000| Complete 
| 247|0x000000008f700000, 0x000000008f800000, 0x000000008f800000|100%| E|CS|TAMS 0x000000008f700000, 0x000000008f700000| Complete 
| 248|0x000000008f800000, 0x000000008f900000, 0x000000008f900000|100%| E|CS|TAMS 0x000000008f800000, 0x000000008f800000| Complete 
| 249|0x000000008f900000, 0x000000008fa00000, 0x000000008fa00000|100%| E|CS|TAMS 0x000000008f900000, 0x000000008f900000| Complete 
| 250|0x000000008fa00000, 0x000000008fb00000, 0x000000008fb00000|100%| E|CS|TAMS 0x000000008fa00000, 0x000000008fa00000| Complete 
| 251|0x000000008fb00000, 0x000000008fc00000, 0x000000008fc00000|100%| E|CS|TAMS 0x000000008fb00000, 0x000000008fb00000| Complete 
| 252|0x000000008fc00000, 0x000000008fd00000, 0x000000008fd00000|100%| E|CS|TAMS 0x000000008fc00000, 0x000000008fc00000| Complete 
| 253|0x000000008fd00000, 0x000000008fe00000, 0x000000008fe00000|100%| E|CS|TAMS 0x000000008fd00000, 0x000000008fd00000| Complete 
| 254|0x000000008fe00000, 0x000000008ff00000, 0x000000008ff00000|100%| E|CS|TAMS 0x000000008fe00000, 0x000000008fe00000| Complete 
| 255|0x000000008ff00000, 0x0000000090000000, 0x0000000090000000|100%| E|CS|TAMS 0x000000008ff00000, 0x000000008ff00000| Complete 

Card table byte_map: [0x0000021f40a10000,0x0000021f40e10000] _byte_map_base: 0x0000021f40610000

Marking Bits (Prev, Next): (CMBitMap*) 0x0000021f2d0df400, (CMBitMap*) 0x0000021f2d0df3c8
 Prev Bits: [0x0000021f43210000, 0x0000021f45210000)
 Next Bits: [0x0000021f41210000, 0x0000021f43210000)

Polling page: 0x0000021f2b860000

Metaspace:

Usage:
  Non-class:     56.21 MB capacity,    55.23 MB ( 98%) used,   840.61 KB (  1%) free+waste,   163.75 KB ( <1%) overhead. 
      Class:      8.65 MB capacity,     8.08 MB ( 93%) used,   500.86 KB (  6%) free+waste,    76.94 KB ( <1%) overhead. 
       Both:     64.86 MB capacity,    63.31 MB ( 98%) used,     1.31 MB (  2%) free+waste,   240.69 KB ( <1%) overhead. 

Virtual space:
  Non-class space:       58.00 MB reserved,      56.50 MB ( 97%) committed 
      Class space:        1.00 GB reserved,       8.70 MB ( <1%) committed 
             Both:        1.06 GB reserved,      65.20 MB (  6%) committed 

Chunk freelists:
   Non-Class:  38.00 KB
       Class:  11.00 KB
        Both:  49.00 KB

MaxMetaspaceSize: 17179869184.00 GB
CompressedClassSpaceSize: 1.00 GB

CodeHeap 'non-profiled nmethods': size=120000Kb used=3855Kb max_used=3855Kb free=116145Kb
 bounds [0x0000021f38660000, 0x0000021f38a30000, 0x0000021f3fb90000]
CodeHeap 'profiled nmethods': size=120000Kb used=13218Kb max_used=13218Kb free=106781Kb
 bounds [0x0000021f31130000, 0x0000021f31e20000, 0x0000021f38660000]
CodeHeap 'non-nmethods': size=5760Kb used=2263Kb max_used=2293Kb free=3497Kb
 bounds [0x0000021f30b90000, 0x0000021f30e00000, 0x0000021f31130000]
 total_blobs=7144 nmethods=6292 adapters=763
 compilation: enabled
              stopped_count=0, restarted_count=0
 full_count=0

Compilation events (20 events):
Event: 4.774 Thread 0x0000021f485ca000 6211       1       org.gradle.api.internal.project.DefaultProjectStateRegistry$ProjectStateImpl::getIdentityPath (5 bytes)
Event: 4.774 Thread 0x0000021f485ca000 nmethod 6211 0x0000021f38a0e590 code [0x0000021f38a0e740, 0x0000021f38a0e7f8]
Event: 4.778 Thread 0x0000021f485ca000 6212       1       org.gradle.api.internal.collections.AbstractIterationOrderRetainingElementSource$ValuePointer::getElement (5 bytes)
Event: 4.778 Thread 0x0000021f485ca000 nmethod 6212 0x0000021f38a0e890 code [0x0000021f38a0ea40, 0x0000021f38a0eaf8]
Event: 4.778 Thread 0x0000021f485ca000 6213       1       org.gradle.api.internal.collections.AbstractIterationOrderRetainingElementSource$ValuePointer::getIndex (5 bytes)
Event: 4.778 Thread 0x0000021f485ca000 nmethod 6213 0x0000021f38a0eb90 code [0x0000021f38a0ed40, 0x0000021f38a0edf8]
Event: 4.781 Thread 0x0000021f48579800 nmethod 6124 0x0000021f38a0ee90 code [0x0000021f38a0f2c0, 0x0000021f38a12f68]
Event: 4.781 Thread 0x0000021f48579800 6195       4       com.sun.beans.introspect.MethodInfo$MethodOrder::compare (167 bytes)
Event: 4.782 Thread 0x0000021f485ca000 6214       3       org.gradle.api.internal.provider.DefaultValueSourceProviderFactory$ValueSourceProvider::<init> (10 bytes)
Event: 4.782 Thread 0x0000021f485ca000 nmethod 6214 0x0000021f31dfc510 code [0x0000021f31dfc6c0, 0x0000021f31dfc8d8]
Event: 4.788 Thread 0x0000021f48579800 nmethod 6195 0x0000021f38a14f10 code [0x0000021f38a15120, 0x0000021f38a15c20]
Event: 4.788 Thread 0x0000021f48579800 6200       4       java.util.Hashtable$Enumerator::hasMoreElements (53 bytes)
Event: 4.790 Thread 0x0000021f48579800 nmethod 6200 0x0000021f38a16290 code [0x0000021f38a16420, 0x0000021f38a16658]
Event: 4.790 Thread 0x0000021f48579800 6194       4       groovy.lang.MetaClassImpl$1::methodNameAction (169 bytes)
Event: 4.793 Thread 0x0000021f49e8b000 nmethod 6189 0x0000021f38a16710 code [0x0000021f38a169c0, 0x0000021f38a194b0]
Event: 4.793 Thread 0x0000021f49e8b000 6199  s!   4       java.beans.PropertyDescriptor::getReadMethod (149 bytes)
Event: 4.796 Thread 0x0000021f49e8b000 nmethod 6199 0x0000021f38a1ad10 code [0x0000021f38a1aec0, 0x0000021f38a1b3b8]
Event: 4.796 Thread 0x0000021f49e8b000 6201       4       java.util.LinkedList$ListItr::checkForComodification (23 bytes)
Event: 4.796 Thread 0x0000021f48579800 nmethod 6194 0x0000021f38a1b690 code [0x0000021f38a1b880, 0x0000021f38a1bf78]
Event: 4.796 Thread 0x0000021f49e8b000 nmethod 6201 0x0000021f38a1c390 code [0x0000021f38a1c520, 0x0000021f38a1c5b8]

GC Heap History (14 events):
Event: 0.420 GC heap before
{Heap before GC invocations=0 (full 0):
 garbage-first heap   total 262144K, used 29696K [0x0000000080000000, 0x0000000100000000)
  region size 1024K, 24 young (24576K), 0 survivors (0K)
 Metaspace       used 10213K, capacity 10429K, committed 10624K, reserved 1058816K
  class space    used 1064K, capacity 1139K, committed 1152K, reserved 1048576K
}
Event: 0.422 GC heap after
{Heap after GC invocations=1 (full 0):
 garbage-first heap   total 262144K, used 9244K [0x0000000080000000, 0x0000000100000000)
  region size 1024K, 3 young (3072K), 3 survivors (3072K)
 Metaspace       used 10213K, capacity 10429K, committed 10624K, reserved 1058816K
  class space    used 1064K, capacity 1139K, committed 1152K, reserved 1048576K
}
Event: 1.513 GC heap before
{Heap before GC invocations=1 (full 0):
 garbage-first heap   total 262144K, used 104476K [0x0000000080000000, 0x0000000100000000)
  region size 1024K, 97 young (99328K), 3 survivors (3072K)
 Metaspace       used 20531K, capacity 21096K, committed 21248K, reserved 1067008K
  class space    used 2502K, capacity 2690K, committed 2816K, reserved 1048576K
}
Event: 1.519 GC heap after
{Heap after GC invocations=2 (full 0):
 garbage-first heap   total 262144K, used 16335K [0x0000000080000000, 0x0000000100000000)
  region size 1024K, 10 young (10240K), 10 survivors (10240K)
 Metaspace       used 20531K, capacity 21096K, committed 21248K, reserved 1067008K
  class space    used 2502K, capacity 2690K, committed 2816K, reserved 1048576K
}
Event: 1.936 GC heap before
{Heap before GC invocations=3 (full 0):
 garbage-first heap   total 262144K, used 82895K [0x0000000080000000, 0x0000000100000000)
  region size 1024K, 76 young (77824K), 10 survivors (10240K)
 Metaspace       used 26862K, capacity 27583K, committed 27648K, reserved 1073152K
  class space    used 3544K, capacity 3795K, committed 3840K, reserved 1048576K
}
Event: 1.940 GC heap after
{Heap after GC invocations=4 (full 0):
 garbage-first heap   total 262144K, used 18930K [0x0000000080000000, 0x0000000100000000)
  region size 1024K, 3 young (3072K), 3 survivors (3072K)
 Metaspace       used 26862K, capacity 27583K, committed 27648K, reserved 1073152K
  class space    used 3544K, capacity 3795K, committed 3840K, reserved 1048576K
}
Event: 2.335 GC heap before
{Heap before GC invocations=4 (full 0):
 garbage-first heap   total 262144K, used 60914K [0x0000000080000000, 0x0000000100000000)
  region size 1024K, 46 young (47104K), 3 survivors (3072K)
 Metaspace       used 35045K, capacity 35830K, committed 35840K, reserved 1081344K
  class space    used 4543K, capacity 4864K, committed 4864K, reserved 1048576K
}
Event: 2.340 GC heap after
{Heap after GC invocations=5 (full 0):
 garbage-first heap   total 262144K, used 21804K [0x0000000080000000, 0x0000000100000000)
  region size 1024K, 6 young (6144K), 6 survivors (6144K)
 Metaspace       used 35045K, capacity 35830K, committed 35840K, reserved 1081344K
  class space    used 4543K, capacity 4864K, committed 4864K, reserved 1048576K
}
Event: 2.996 GC heap before
{Heap before GC invocations=6 (full 0):
 garbage-first heap   total 262144K, used 134444K [0x0000000080000000, 0x0000000100000000)
  region size 1024K, 113 young (115712K), 6 survivors (6144K)
 Metaspace       used 43841K, capacity 44901K, committed 45004K, reserved 1087488K
  class space    used 5623K, capacity 6002K, committed 6092K, reserved 1048576K
}
Event: 3.002 GC heap after
{Heap after GC invocations=7 (full 0):
 garbage-first heap   total 262144K, used 28293K [0x0000000080000000, 0x0000000100000000)
  region size 1024K, 12 young (12288K), 12 survivors (12288K)
 Metaspace       used 43841K, capacity 44901K, committed 45004K, reserved 1087488K
  class space    used 5623K, capacity 6002K, committed 6092K, reserved 1048576K
}
Event: 4.219 GC heap before
{Heap before GC invocations=7 (full 0):
 garbage-first heap   total 262144K, used 164485K [0x0000000080000000, 0x0000000100000000)
  region size 1024K, 142 young (145408K), 12 survivors (12288K)
 Metaspace       used 56268K, capacity 57631K, committed 57932K, reserved 1099776K
  class space    used 7159K, capacity 7646K, committed 7756K, reserved 1048576K
}
Event: 4.230 GC heap after
{Heap after GC invocations=8 (full 0):
 garbage-first heap   total 262144K, used 42858K [0x0000000080000000, 0x0000000100000000)
  region size 1024K, 17 young (17408K), 17 survivors (17408K)
 Metaspace       used 56268K, capacity 57631K, committed 57932K, reserved 1099776K
  class space    used 7159K, capacity 7646K, committed 7756K, reserved 1048576K
}
Event: 4.343 GC heap before
{Heap before GC invocations=8 (full 0):
 garbage-first heap   total 262144K, used 54122K [0x0000000080000000, 0x0000000100000000)
  region size 1024K, 29 young (29696K), 17 survivors (17408K)
 Metaspace       used 58613K, capacity 60064K, committed 60236K, reserved 1101824K
  class space    used 7445K, capacity 7988K, committed 8012K, reserved 1048576K
}
Event: 4.354 GC heap after
{Heap after GC invocations=9 (full 0):
 garbage-first heap   total 262144K, used 45291K [0x0000000080000000, 0x0000000100000000)
  region size 1024K, 3 young (3072K), 3 survivors (3072K)
 Metaspace       used 58613K, capacity 60064K, committed 60236K, reserved 1101824K
  class space    used 7445K, capacity 7988K, committed 8012K, reserved 1048576K
}

Deoptimization events (20 events):
Event: 4.663 Thread 0x0000021f4a6e6000 Uncommon trap: trap_request=0xffffff4d fr.pc=0x0000021f3876a3a0 relative=0x00000000000005c0
Event: 4.663 Thread 0x0000021f4a6e6000 Uncommon trap: reason=unstable_if action=reinterpret pc=0x0000021f3876a3a0 method=java.lang.AbstractStringBuilder.appendChars(Ljava/lang/CharSequence;II)V @ 4 c2
Event: 4.663 Thread 0x0000021f4a6e6000 DEOPT PACKING pc=0x0000021f3876a3a0 sp=0x00000097069f7020
Event: 4.663 Thread 0x0000021f4a6e6000 DEOPT UNPACKING pc=0x0000021f30bb78af sp=0x00000097069f6ef8 mode 2
Event: 4.714 Thread 0x0000021f4a6e6000 Uncommon trap: trap_request=0xffffff4d fr.pc=0x0000021f38823880 relative=0x0000000000000340
Event: 4.714 Thread 0x0000021f4a6e6000 Uncommon trap: reason=unstable_if action=reinterpret pc=0x0000021f38823880 method=java.util.StringJoiner.add(Ljava/lang/CharSequence;)Ljava/util/StringJoiner; @ 33 c2
Event: 4.714 Thread 0x0000021f4a6e6000 DEOPT PACKING pc=0x0000021f38823880 sp=0x00000097069f6260
Event: 4.714 Thread 0x0000021f4a6e6000 DEOPT UNPACKING pc=0x0000021f30bb78af sp=0x00000097069f6210 mode 2
Event: 4.730 Thread 0x0000021f4a6e6000 Uncommon trap: trap_request=0xfffffff4 fr.pc=0x0000021f38a04ce0 relative=0x0000000000000940
Event: 4.730 Thread 0x0000021f4a6e6000 Uncommon trap: reason=null_check action=make_not_entrant pc=0x0000021f38a04ce0 method=com.sun.beans.introspect.MethodInfo$MethodOrder.compare(Ljava/lang/reflect/Method;Ljava/lang/reflect/Method;)I @ 133 c2
Event: 4.730 Thread 0x0000021f4a6e6000 DEOPT PACKING pc=0x0000021f38a04ce0 sp=0x00000097069f4390
Event: 4.730 Thread 0x0000021f4a6e6000 DEOPT UNPACKING pc=0x0000021f30bb78af sp=0x00000097069f4330 mode 2
Event: 4.757 Thread 0x0000021f4a6e6000 Uncommon trap: trap_request=0xffffff4d fr.pc=0x0000021f388630ec relative=0x0000000000000f6c
Event: 4.757 Thread 0x0000021f4a6e6000 Uncommon trap: reason=unstable_if action=reinterpret pc=0x0000021f388630ec method=org.codehaus.groovy.runtime.metaclass.MetaMethodIndex.isOverridden(Lgroovy/lang/MetaMethod;Lgroovy/lang/MetaMethod;)Z @ 33 c2
Event: 4.757 Thread 0x0000021f4a6e6000 DEOPT PACKING pc=0x0000021f388630ec sp=0x00000097069f5140
Event: 4.757 Thread 0x0000021f4a6e6000 DEOPT UNPACKING pc=0x0000021f30bb78af sp=0x00000097069f5098 mode 2
Event: 4.758 Thread 0x0000021f4a6e6000 Uncommon trap: trap_request=0xfffffff4 fr.pc=0x0000021f38a09e10 relative=0x0000000000000a70
Event: 4.758 Thread 0x0000021f4a6e6000 Uncommon trap: reason=null_check action=make_not_entrant pc=0x0000021f38a09e10 method=com.sun.beans.introspect.MethodInfo$MethodOrder.compare(Ljava/lang/reflect/Method;Ljava/lang/reflect/Method;)I @ 145 c2
Event: 4.758 Thread 0x0000021f4a6e6000 DEOPT PACKING pc=0x0000021f38a09e10 sp=0x00000097069f3080
Event: 4.758 Thread 0x0000021f4a6e6000 DEOPT UNPACKING pc=0x0000021f30bb78af sp=0x00000097069f3020 mode 2

Classes redefined (0 events):
No events

Internal exceptions (20 events):
Event: 4.748 Thread 0x0000021f4a6e6000 Exception <a 'java/lang/ClassNotFoundException'{0x000000008bc8aff8}: org/gradle/api/internal/AbstractNamedDomainObjectContainerCustomizer> (0x000000008bc8aff8) thrown at [./src/hotspot/share/classfile/systemDictionary.cpp, line 231]
Event: 4.749 Thread 0x0000021f4a6e6000 Exception <a 'java/lang/ClassNotFoundException'{0x000000008bcd26d0}: org/gradle/api/internal/FactoryNamedDomainObjectContainerCustomizer> (0x000000008bcd26d0) thrown at [./src/hotspot/share/classfile/systemDictionary.cpp, line 231]
Event: 4.750 Thread 0x0000021f4a6e6000 Exception <a 'java/lang/ClassNotFoundException'{0x000000008bb12b70}: org/gradle/api/internal/FactoryNamedDomainObjectContainer_DecoratedCustomizer> (0x000000008bb12b70) thrown at [./src/hotspot/share/classfile/systemDictionary.cpp, line 231]
Event: 4.758 Thread 0x0000021f4a6e6000 Exception <a 'java/lang/ClassNotFoundException'{0x000000008b92bb78}: com/android/build/gradle/internal/dsl/BuildType_DecoratedBeanInfo> (0x000000008b92bb78) thrown at [./src/hotspot/share/classfile/systemDictionary.cpp, line 231]
Event: 4.758 Thread 0x0000021f4a6e6000 Exception <a 'java/lang/ClassNotFoundException'{0x000000008b944260}: com/android/build/gradle/internal/dsl/BuildTypeBeanInfo> (0x000000008b944260) thrown at [./src/hotspot/share/classfile/systemDictionary.cpp, line 231]
Event: 4.758 Thread 0x0000021f4a6e6000 Exception <a 'java/lang/ClassNotFoundException'{0x000000008b95bdc0}: com/android/builder/core/AbstractBuildTypeBeanInfo> (0x000000008b95bdc0) thrown at [./src/hotspot/share/classfile/systemDictionary.cpp, line 231]
Event: 4.758 Thread 0x0000021f4a6e6000 Exception <a 'java/lang/ClassNotFoundException'{0x000000008b974070}: com/android/builder/core/AbstractBuildTypeCustomizer> (0x000000008b974070) thrown at [./src/hotspot/share/classfile/systemDictionary.cpp, line 231]
Event: 4.758 Thread 0x0000021f4a6e6000 Implicit null exception at 0x0000021f38a099ce to 0x0000021f38a09dfc
Event: 4.759 Thread 0x0000021f4a6e6000 Exception <a 'java/lang/ClassNotFoundException'{0x000000008b9a8ef8}: com/android/build/gradle/internal/dsl/BuildTypeCustomizer> (0x000000008b9a8ef8) thrown at [./src/hotspot/share/classfile/systemDictionary.cpp, line 231]
Event: 4.761 Thread 0x0000021f4a6e6000 Exception <a 'java/lang/ClassNotFoundException'{0x000000008b8359e8}: com/android/build/gradle/internal/dsl/BuildType_DecoratedCustomizer> (0x000000008b8359e8) thrown at [./src/hotspot/share/classfile/systemDictionary.cpp, line 231]
Event: 4.763 Thread 0x0000021f4a6e6000 Exception <a 'java/lang/ClassNotFoundException'{0x000000008b8f7900}: build_ahxk7n1895r9vu1de6sy10qvp$_run_closure1$_closure4BeanInfo> (0x000000008b8f7900) thrown at [./src/hotspot/share/classfile/systemDictionary.cpp, line 231]
Event: 4.764 Thread 0x0000021f4a6e6000 Exception <a 'java/lang/ClassNotFoundException'{0x000000008b708538}: build_ahxk7n1895r9vu1de6sy10qvp$_run_closure1$_closure4Customizer> (0x000000008b708538) thrown at [./src/hotspot/share/classfile/systemDictionary.cpp, line 231]
Event: 4.765 Thread 0x0000021f4a6e6000 Exception <a 'java/lang/ClassNotFoundException'{0x000000008b731300}: build_ahxk7n1895r9vu1de6sy10qvp$_run_closure1BeanInfo> (0x000000008b731300) thrown at [./src/hotspot/share/classfile/systemDictionary.cpp, line 231]
Event: 4.765 Thread 0x0000021f4a6e6000 Exception <a 'java/lang/ClassNotFoundException'{0x000000008b741110}: build_ahxk7n1895r9vu1de6sy10qvp$_run_closure1Customizer> (0x000000008b741110) thrown at [./src/hotspot/share/classfile/systemDictionary.cpp, line 231]
Event: 4.768 Thread 0x0000021f4a6e6000 Exception <a 'java/lang/ClassNotFoundException'{0x000000008b79ee80}: org/gradle/api/JavaVersionBeanInfo> (0x000000008b79ee80) thrown at [./src/hotspot/share/classfile/systemDictionary.cpp, line 231]
Event: 4.769 Thread 0x0000021f4a6e6000 Exception <a 'java/lang/ClassNotFoundException'{0x000000008b7c9128}: org/gradle/api/JavaVersionCustomizer> (0x000000008b7c9128) thrown at [./src/hotspot/share/classfile/systemDictionary.cpp, line 231]
Event: 4.771 Thread 0x0000021f4a6e6000 Exception <a 'java/lang/ClassNotFoundException'{0x000000008b61e200}: com/android/build/gradle/internal/CompileOptions_DecoratedBeanInfo> (0x000000008b61e200) thrown at [./src/hotspot/share/classfile/systemDictionary.cpp, line 231]
Event: 4.771 Thread 0x0000021f4a6e6000 Exception <a 'java/lang/ClassNotFoundException'{0x000000008b635658}: com/android/build/gradle/internal/CompileOptionsBeanInfo> (0x000000008b635658) thrown at [./src/hotspot/share/classfile/systemDictionary.cpp, line 231]
Event: 4.772 Thread 0x0000021f4a6e6000 Exception <a 'java/lang/ClassNotFoundException'{0x000000008b64d240}: com/android/build/gradle/internal/CompileOptionsCustomizer> (0x000000008b64d240) thrown at [./src/hotspot/share/classfile/systemDictionary.cpp, line 231]
Event: 4.772 Thread 0x0000021f4a6e6000 Exception <a 'java/lang/ClassNotFoundException'{0x000000008b671810}: com/android/build/gradle/internal/CompileOptions_DecoratedCustomizer> (0x000000008b671810) thrown at [./src/hotspot/share/classfile/systemDictionary.cpp, line 231]

Events (20 events):
Event: 4.795 loading class org/gradle/api/provider/HasConfigurableValue
Event: 4.795 loading class org/gradle/api/provider/HasConfigurableValue done
Event: 4.795 loading class com/android/build/gradle/internal/core/MergedFlavor
Event: 4.795 loading class com/android/build/gradle/internal/core/MergedFlavor done
Event: 4.795 loading class com/android/build/gradle/internal/core/InternalBaseVariant$MergedFlavor
Event: 4.795 loading class com/android/build/gradle/internal/core/InternalBaseVariant$MergedFlavor done
Event: 4.796 loading class com/android/build/gradle/internal/core/MergedFlavor$Companion
Event: 4.796 loading class com/android/build/gradle/internal/core/MergedFlavor$Companion done
Event: 4.796 loading class kotlin/jvm/internal/TypeIntrinsics
Event: 4.796 loading class kotlin/jvm/internal/TypeIntrinsics done
Event: 4.796 loading class kotlin/jvm/internal/TypeIntrinsics
Event: 4.796 loading class kotlin/jvm/internal/TypeIntrinsics done
Event: 4.797 loading class com/google/common/collect/Lists$ReverseList
Event: 4.797 loading class com/google/common/collect/Lists$ReverseList done
Event: 4.797 loading class com/google/common/collect/Lists$RandomAccessReverseList
Event: 4.797 loading class com/google/common/collect/Lists$RandomAccessReverseList done
Event: 4.797 loading class com/google/common/collect/Lists$ReverseList$1
Event: 4.797 loading class com/google/common/collect/Lists$ReverseList$1 done
Event: 4.797 loading class com/android/build/gradle/internal/core/VariantDslInfoImpl$manifestPlaceholders$2
Event: 4.797 loading class com/android/build/gradle/internal/core/VariantDslInfoImpl$manifestPlaceholders$2 done


Dynamic libraries:
0x00007ff608020000 - 0x00007ff60802a000 	C:\Program Files\Android\Android Studio\jre\bin\java.exe
0x00007fff81930000 - 0x00007fff81b25000 	C:\Windows\SYSTEM32\ntdll.dll
0x00007fff80f60000 - 0x00007fff8101e000 	C:\Windows\System32\KERNEL32.DLL
0x00007fff7f020000 - 0x00007fff7f2e8000 	C:\Windows\System32\KERNELBASE.dll
0x00007fff7f610000 - 0x00007fff7f710000 	C:\Windows\System32\ucrtbase.dll
0x00007fff78960000 - 0x00007fff78979000 	C:\Program Files\Android\Android Studio\jre\bin\jli.dll
0x00007fff7fdd0000 - 0x00007fff7ff70000 	C:\Windows\System32\USER32.dll
0x00007fff78940000 - 0x00007fff78957000 	C:\Program Files\Android\Android Studio\jre\bin\VCRUNTIME140.dll
0x00007fff7f7d0000 - 0x00007fff7f7f2000 	C:\Windows\System32\win32u.dll
0x00007fff7e410000 - 0x00007fff7e6aa000 	C:\Windows\WinSxS\amd64_microsoft.windows.common-controls_6595b64144ccf1df_6.0.19041.1110_none_60b5254171f9507e\COMCTL32.dll
0x00007fff7f9c0000 - 0x00007fff7f9ea000 	C:\Windows\System32\GDI32.dll
0x00007fff7fd30000 - 0x00007fff7fdce000 	C:\Windows\System32\msvcrt.dll
0x00007fff7f850000 - 0x00007fff7f95b000 	C:\Windows\System32\gdi32full.dll
0x00007fff7f410000 - 0x00007fff7f4ad000 	C:\Windows\System32\msvcp_win.dll
0x00007fff802d0000 - 0x00007fff80300000 	C:\Windows\System32\IMM32.DLL
0x00007fff686c0000 - 0x00007fff6875d000 	C:\Program Files\Android\Android Studio\jre\bin\msvcp140.dll
0x00007fff48a10000 - 0x00007fff494df000 	C:\Program Files\Android\Android Studio\jre\bin\server\jvm.dll
0x00007fff80300000 - 0x00007fff803ae000 	C:\Windows\System32\ADVAPI32.dll
0x00007fff801c0000 - 0x00007fff8025c000 	C:\Windows\System32\sechost.dll
0x00007fff7fc00000 - 0x00007fff7fd25000 	C:\Windows\System32\RPCRT4.dll
0x00007fff81150000 - 0x00007fff81158000 	C:\Windows\System32\PSAPI.DLL
0x00007fff71d00000 - 0x00007fff71d27000 	C:\Windows\SYSTEM32\WINMM.dll
0x00007fff79cb0000 - 0x00007fff79cb9000 	C:\Windows\SYSTEM32\WSOCK32.dll
0x00007fff77560000 - 0x00007fff7756a000 	C:\Windows\SYSTEM32\VERSION.dll
0x00007fff80260000 - 0x00007fff802cb000 	C:\Windows\System32\WS2_32.dll
0x00007fff7c280000 - 0x00007fff7c292000 	C:\Windows\SYSTEM32\kernel.appcore.dll
0x00007fff67bc0000 - 0x00007fff67bd1000 	C:\Program Files\Android\Android Studio\jre\bin\verify.dll
0x00007fff7e830000 - 0x00007fff7ea14000 	C:\Windows\SYSTEM32\DBGHELP.DLL
0x00007fff7e800000 - 0x00007fff7e82c000 	C:\Windows\SYSTEM32\dbgcore.DLL
0x00007fff7f710000 - 0x00007fff7f792000 	C:\Windows\System32\bcryptPrimitives.dll
0x00007fff5c1c0000 - 0x00007fff5c1e9000 	C:\Program Files\Android\Android Studio\jre\bin\java.dll
0x00007fff73480000 - 0x00007fff7348b000 	C:\Program Files\Android\Android Studio\jre\bin\jimage.dll
0x00007fff67ba0000 - 0x00007fff67bb8000 	C:\Program Files\Android\Android Studio\jre\bin\zip.dll
0x00007fff803b0000 - 0x00007fff80af4000 	C:\Windows\System32\SHELL32.dll
0x00007fff7c480000 - 0x00007fff7cc14000 	C:\Windows\SYSTEM32\windows.storage.dll
0x00007fff80b00000 - 0x00007fff80e54000 	C:\Windows\System32\combase.dll
0x00007fff7e3a0000 - 0x00007fff7e3cc000 	C:\Windows\SYSTEM32\Wldp.dll
0x00007fff80110000 - 0x00007fff801bd000 	C:\Windows\System32\SHCORE.dll
0x00007fff7fba0000 - 0x00007fff7fbf5000 	C:\Windows\System32\shlwapi.dll
0x00007fff7ef60000 - 0x00007fff7ef7f000 	C:\Windows\SYSTEM32\profapi.dll
0x00007fff5bd40000 - 0x00007fff5bd5a000 	C:\Program Files\Android\Android Studio\jre\bin\net.dll
0x00007fff73090000 - 0x00007fff7319a000 	C:\Windows\SYSTEM32\WINHTTP.dll
0x00007fff7e270000 - 0x00007fff7e2da000 	C:\Windows\system32\mswsock.dll
0x00007fff5b2b0000 - 0x00007fff5b2c4000 	C:\Program Files\Android\Android Studio\jre\bin\nio.dll
0x00007fff79460000 - 0x00007fff79487000 	C:\Users\admin\.gradle\native\8bec1ad78214c89d9ad589b4d07fe93259594b29d510b10fafb7a158f7737e5d\windows-amd64\native-platform.dll
0x00007fff4a7a0000 - 0x00007fff4a8dd000 	C:\Users\admin\.gradle\native\53dbd7edfb1c66fb8903c78663c9afc45aea4f116125fa6feffd364cf09443e8\windows-amd64\native-platform-file-events.dll
0x00007fff6ca10000 - 0x00007fff6ca1a000 	C:\Program Files\Android\Android Studio\jre\bin\management.dll
0x00007fff6acc0000 - 0x00007fff6accc000 	C:\Program Files\Android\Android Studio\jre\bin\management_ext.dll
0x00007fff7edb0000 - 0x00007fff7edc8000 	C:\Windows\SYSTEM32\CRYPTSP.dll
0x00007fff7da60000 - 0x00007fff7da94000 	C:\Windows\system32\rsaenh.dll
0x00007fff7f7a0000 - 0x00007fff7f7c7000 	C:\Windows\System32\bcrypt.dll
0x00007fff7eee0000 - 0x00007fff7ef0e000 	C:\Windows\SYSTEM32\USERENV.dll
0x00007fff7e1e0000 - 0x00007fff7e1ec000 	C:\Windows\SYSTEM32\CRYPTBASE.dll
0x00007fff7ddb0000 - 0x00007fff7ddeb000 	C:\Windows\SYSTEM32\IPHLPAPI.DLL
0x00007fff80e60000 - 0x00007fff80e68000 	C:\Windows\System32\NSI.dll
0x00007fff77b30000 - 0x00007fff77b47000 	C:\Windows\SYSTEM32\dhcpcsvc6.DLL
0x00007fff77aa0000 - 0x00007fff77abd000 	C:\Windows\SYSTEM32\dhcpcsvc.DLL
0x00007fff7ddf0000 - 0x00007fff7debb000 	C:\Windows\SYSTEM32\DNSAPI.dll

dbghelp: loaded successfully - version: 4.0.5 - missing functions: none
symbol engine: initialized successfully - sym options: 0x614 - pdb path: .;C:\Program Files\Android\Android Studio\jre\bin;C:\Windows\SYSTEM32;C:\Windows\WinSxS\amd64_microsoft.windows.common-controls_6595b64144ccf1df_6.0.19041.1110_none_60b5254171f9507e;C:\Program Files\Android\Android Studio\jre\bin\server;C:\Users\admin\.gradle\native\8bec1ad78214c89d9ad589b4d07fe93259594b29d510b10fafb7a158f7737e5d\windows-amd64;C:\Users\admin\.gradle\native\53dbd7edfb1c66fb8903c78663c9afc45aea4f116125fa6feffd364cf09443e8\windows-amd64

VM Arguments:
jvm_args: --add-opens=java.base/java.util=ALL-UNNAMED --add-opens=java.base/java.lang=ALL-UNNAMED --add-opens=java.base/java.lang.invoke=ALL-UNNAMED --add-opens=java.base/java.util=ALL-UNNAMED --add-opens=java.prefs/java.util.prefs=ALL-UNNAMED --add-opens=java.prefs/java.util.prefs=ALL-UNNAMED --add-opens=java.base/java.nio.charset=ALL-UNNAMED --add-opens=java.base/java.net=ALL-UNNAMED --add-opens=java.base/java.util.concurrent.atomic=ALL-UNNAMED -Xmx2048m -Dfile.encoding=UTF-8 -Duser.country=RU -Duser.language=ru -Duser.variant 
java_command: org.gradle.launcher.daemon.bootstrap.GradleDaemon 7.0.2
java_class_path (initial): C:\Users\admin\.gradle\wrapper\dists\gradle-7.0.2-bin\857tjihv64xamwrf0h14cai3r\gradle-7.0.2\lib\gradle-launcher-7.0.2.jar
Launcher Type: SUN_STANDARD

[Global flags]
     intx CICompilerCount                          = 4                                         {product} {ergonomic}
     uint ConcGCThreads                            = 2                                         {product} {ergonomic}
     uint G1ConcRefinementThreads                  = 8                                         {product} {ergonomic}
   size_t G1HeapRegionSize                         = 1048576                                   {product} {ergonomic}
    uintx GCDrainStackTargetSize                   = 64                                        {product} {ergonomic}
   size_t InitialHeapSize                          = 268435456                                 {product} {ergonomic}
   size_t MarkStackSize                            = 4194304                                   {product} {ergonomic}
   size_t MaxHeapSize                              = 2147483648                                {product} {command line}
   size_t MaxNewSize                               = 1287651328                                {product} {ergonomic}
   size_t MinHeapDeltaBytes                        = 1048576                                   {product} {ergonomic}
    uintx NonNMethodCodeHeapSize                   = 5836300                                {pd product} {ergonomic}
    uintx NonProfiledCodeHeapSize                  = 122910970                              {pd product} {ergonomic}
    uintx ProfiledCodeHeapSize                     = 122910970                              {pd product} {ergonomic}
    uintx ReservedCodeCacheSize                    = 251658240                              {pd product} {ergonomic}
     bool SegmentedCodeCache                       = true                                      {product} {ergonomic}
     bool UseCompressedClassPointers               = true                                 {lp64_product} {ergonomic}
     bool UseCompressedOops                        = true                                 {lp64_product} {ergonomic}
     bool UseG1GC                                  = true                                      {product} {ergonomic}
     bool UseLargePagesIndividualAllocation        = false                                  {pd product} {ergonomic}

Logging:
Log output configuration:
 #0: stdout all=warning uptime,level,tags
 #1: stderr all=off uptime,level,tags

Environment Variables:
PATH=C:\Program Files\Common Files\Oracle\Java\javapath;C:\Program Files (x86)\VMware\VMware Workstation\bin\;C:\Windows\system32;C:\Windows;C:\Windows\System32\Wbem;C:\Windows\System32\WindowsPowerShell\v1.0\;C:\Windows\System32\OpenSSH\;C:\Program Files (x86)\NVIDIA Corporation\PhysX\Common;C:\Program Files\NVIDIA Corporation\NVIDIA NvDLISR;C:\Program Files\Git\cmd;C:\Users\admin\AppData\Local\Microsoft\WindowsApps;C:\Program Files\JetBrains\IntelliJ IDEA Community Edition 2021.3\bin;;C:\Users\admin\AppData\Local\GitHubDesktop\bin
USERNAME=admin
OS=Windows_NT
PROCESSOR_IDENTIFIER=Intel64 Family 6 Model 94 Stepping 3, GenuineIntel



---------------  S Y S T E M  ---------------

OS: Windows 10 , 64 bit Build 19041 (10.0.19041.1645)
OS uptime: 0 days 9:04 hours

CPU:total 8 (initial active 8) (4 cores per cpu, 2 threads per core) family 6 model 94 stepping 3 microcode 0xcc, cmov, cx8, fxsr, mmx, sse, sse2, sse3, ssse3, sse4.1, sse4.2, popcnt, avx, avx2, aes, clmul, erms, rtm, 3dnowpref, lzcnt, ht, tsc, tscinvbit, bmi1, bmi2, adx, fma

Memory: 4k page, system-wide physical 16305M (10423M free)
TotalPageFile size 18737M (AvailPageFile size 11684M)
current process WorkingSet (physical memory assigned to process): 406M, peak: 406M
current process commit charge ("private bytes"): 496M, peak: 496M

vm_info: OpenJDK 64-Bit Server VM (11.0.10+0-b96-7249189) for windows-amd64 JRE (11.0.10+0-b96-7249189), built on Mar 31 2021 21:44:00 by "builder" with MS VC++ 14.0 (VS2015)

END.
