#
# A fatal error has been detected by the Java Runtime Environment:
#
#  EXCEPTION_ACCESS_VIOLATION (0xc0000005) at pc=0x00007ff96fb5ffa4, pid=4168, tid=5184
#
# JRE version: OpenJDK Runtime Environment (11.0.10) (build 11.0.10+0-b96-7249189)
# Java VM: OpenJDK 64-Bit Server VM (11.0.10+0-b96-7249189, mixed mode, tiered, compressed oops, g1 gc, windows-amd64)
# Problematic frame:
# V  [jvm.dll+0x63ffa4]
#
# No core dump will be written. Minidumps are not enabled by default on client versions of Windows
#
# If you would like to submit a bug report, please visit:
#   https://bugreport.java.com/bugreport/crash.jsp
#

---------------  S U M M A R Y ------------

Command Line: --add-opens=java.base/java.util=ALL-UNNAMED --add-opens=java.base/java.lang=ALL-UNNAMED --add-opens=java.base/java.lang.invoke=ALL-UNNAMED --add-opens=java.base/java.util=ALL-UNNAMED --add-opens=java.prefs/java.util.prefs=ALL-UNNAMED --add-opens=java.prefs/java.util.prefs=ALL-UNNAMED --add-opens=java.base/java.nio.charset=ALL-UNNAMED --add-opens=java.base/java.net=ALL-UNNAMED --add-opens=java.base/java.util.concurrent.atomic=ALL-UNNAMED -Xmx2048m -Dfile.encoding=UTF-8 -Duser.country=RU -Duser.language=ru -Duser.variant org.gradle.launcher.daemon.bootstrap.GradleDaemon 7.0.2

Host: Intel(R) Core(TM) i7-6700K CPU @ 4.00GHz, 8 cores, 15G,  Windows 10 , 64 bit Build 19041 (10.0.19041.1645)
Time: Sat May 14 14:22:22 2022 RTZ 2 (зима) elapsed time: 11.457603 seconds (0d 0h 0m 11s)

---------------  T H R E A D  ---------------

Current thread (0x000001f828124800):  JavaThread "C2 CompilerThread2" daemon [_thread_in_native, id=5184, stack(0x00000028b3c00000,0x00000028b3d00000)]


Current CompileTask:
C2:  11457 14338       4       sun.invoke.util.VerifyAccess::isClassAccessible (182 bytes)

Stack: [0x00000028b3c00000,0x00000028b3d00000],  sp=0x00000028b3cfbaf0,  free space=1006k
Native frames: (J=compiled Java code, j=interpreted, Vv=VM code, C=native code)
V  [jvm.dll+0x63ffa4]
V  [jvm.dll+0x197f00]
V  [jvm.dll+0x1fb70e]
V  [jvm.dll+0x1fa7f4]
V  [jvm.dll+0x18354c]
V  [jvm.dll+0x208ee7]
V  [jvm.dll+0x207731]
V  [jvm.dll+0x6eb1cf]
V  [jvm.dll+0x6e3d45]
V  [jvm.dll+0x5ebe96]
C  [ucrtbase.dll+0x21bb2]
C  [KERNEL32.DLL+0x17034]
C  [ntdll.dll+0x52651]


siginfo: EXCEPTION_ACCESS_VIOLATION (0xc0000005), reading address 0xffffffffffffffff


Register to memory mapping:

RIP=0x00007ff96fb5ffa4 jvm.dll
RAX=0x40007ff96fc90058 is an unknown value
RBX=0x000001f82e5db6a0 points into unknown readable memory: 0x00007ff96fd04350 | 50 43 d0 6f f9 7f 00 00
RCX=0x000001f8281cf9d8 points into unknown readable memory: 0x00007ff96fc90058 | 58 00 c9 6f f9 7f 00 00
RDX=0x0000000000000073 is an unknown value
RSP=0x00000028b3cfbaf0 is pointing into the stack for thread: 0x000001f828124800
RBP=0x00000028b3cfbbf0 is pointing into the stack for thread: 0x000001f828124800
RSI=0x000001f8282292d0 points into unknown readable memory: 0x00007ff96fd08568 | 68 85 d0 6f f9 7f 00 00
RDI=0x0000000000000078 is an unknown value
R8 =0x0000000000000078 is an unknown value
R9 =0x0 is NULL
R10=0x0000000000000001 is an unknown value
R11=0x0000000000000001 is an unknown value
R12=0x000001f8281cf9d8 points into unknown readable memory: 0x00007ff96fc90058 | 58 00 c9 6f f9 7f 00 00
R13=0x000001f832472b50 points into unknown readable memory: 0x3f655b5153ed9190 | 90 91 ed 53 51 5b 65 3f
R14=0x0000000000000001 is an unknown value
R15=0x00000028b3cfc370 is pointing into the stack for thread: 0x000001f828124800


Registers:
RAX=0x40007ff96fc90058, RBX=0x000001f82e5db6a0, RCX=0x000001f8281cf9d8, RDX=0x0000000000000073
RSP=0x00000028b3cfbaf0, RBP=0x00000028b3cfbbf0, RSI=0x000001f8282292d0, RDI=0x0000000000000078
R8 =0x0000000000000078, R9 =0x0000000000000000, R10=0x0000000000000001, R11=0x0000000000000001
R12=0x000001f8281cf9d8, R13=0x000001f832472b50, R14=0x0000000000000001, R15=0x00000028b3cfc370
RIP=0x00007ff96fb5ffa4, EFLAGS=0x0000000000010297

Top of Stack: (sp=0x00000028b3cfbaf0)
0x00000028b3cfbaf0:   000001f82e686f20 000001f82ba14890
0x00000028b3cfbb00:   0000000000000421 00000028b3cfbb00
0x00000028b3cfbb10:   00007ff90000198a 00007ff9b744250d
0x00000028b3cfbb20:   00000000001f0000 000000000004d0a0
0x00000028b3cfbb30:   0000000000050101 0000000000000000
0x00000028b3cfbb40:   000001f82a6ad3b0 00007ff96f5dc69c
0x00000028b3cfbb50:   000001f800000002 000001f8282292d0
0x00000028b3cfbb60:   0000091700000002 0000000000000000
0x00000028b3cfbb70:   0000000100000001 0000000000000001
0x00000028b3cfbb80:   0000000000000000 000001f8281cf9d8
0x00000028b3cfbb90:   000001f832472b50 0000000000000004
0x00000028b3cfbba0:   000001f8282292e0 00007ff90000004c
0x00000028b3cfbbb0:   000001f82ba13ee0 0000198900000000
0x00000028b3cfbbc0:   00000028b3cfc0b0 00007ff900000014
0x00000028b3cfbbd0:   000001f82e380090 000001f82e686f20
0x00000028b3cfbbe0:   0000000000000078 000001f82e67f3c0 

Instructions: (pc=0x00007ff96fb5ffa4)
0x00007ff96fb5fea4:   90 48 8b 74 24 68 4c 8b bd 20 03 00 00 44 8b 75
0x00007ff96fb5feb4:   84 4c 8b 6d b0 eb 04 4c 8d 6e 10 41 3b bf e8 00
0x00007ff96fb5fec4:   00 00 0f 83 40 12 00 00 49 8b 47 70 44 8b c7 4c
0x00007ff96fb5fed4:   89 45 f0 4f 8d 2c 80 49 c1 e5 05 4c 03 68 20 41
0x00007ff96fb5fee4:   0f b7 44 24 30 83 e0 01 4c 89 6d a0 89 45 90 0f
0x00007ff96fb5fef4:   84 94 00 00 00 8b d8 49 8b 44 24 08 48 8b 14 d8
0x00007ff96fb5ff04:   49 8b 87 28 01 00 00 48 63 4a 28 3b 3c 88 75 79
0x00007ff96fb5ff14:   49 8b cc e8 54 9e fd ff 4d 8b 44 24 08 49 8b 0c
0x00007ff96fb5ff24:   d8 48 85 c9 74 2c 48 8b 79 10 48 85 ff 74 23 8b
0x00007ff96fb5ff34:   41 20 48 8d 14 c7 66 0f 1f 44 00 00 4c 39 62 f8
0x00007ff96fb5ff44:   48 8d 52 f8 75 f6 ff c8 89 41 20 48 8b 0c c7 48
0x00007ff96fb5ff54:   89 0a 8b 95 38 03 00 00 4c 8d 6e 10 33 c0 49 8b
0x00007ff96fb5ff64:   cd 49 89 04 d8 e8 f2 d3 f8 ff 41 ff 4d 18 8b 85
0x00007ff96fb5ff74:   38 03 00 00 ff 4e 70 ff c8 ff 4e 78 ff c0 89 85
0x00007ff96fb5ff84:   38 03 00 00 e9 f3 fa ff ff 41 8b 44 24 2c 83 e0
0x00007ff96fb5ff94:   7f 3c 4a 0f 84 ec 03 00 00 49 8b 04 24 49 8b cc
0x00007ff96fb5ffa4:   ff 90 88 00 00 00 48 89 44 24 78 4c 8b c0 48 85
0x00007ff96fb5ffb4:   c0 74 12 48 8b c8 e8 81 8d b4 ff 4c 8b 44 24 78
0x00007ff96fb5ffc4:   44 8b e8 eb 03 45 8b ee 41 8d 46 ff 44 89 6c 24
0x00007ff96fb5ffd4:   70 41 be 01 00 00 00 89 45 10 44 89 74 24 60 44
0x00007ff96fb5ffe4:   39 75 84 0f 86 94 03 00 00 0f 1f 00 44 3b f0 76
0x00007ff96fb5fff4:   0e 41 8b c6 41 2b c5 a8 01 0f 84 69 03 00 00 49
0x00007ff96fb60004:   8b 44 24 08 41 8b ce 48 89 4d 88 48 8b 0c c8 49
0x00007ff96fb60014:   8b 87 28 01 00 00 48 63 51 28 8b 0c 90 41 3b 8f
0x00007ff96fb60024:   e8 00 00 00 0f 83 3e 03 00 00 49 8b 47 70 4c 8d
0x00007ff96fb60034:   2c 89 8b d1 49 c1 e5 05 48 8b 48 20 42 81 7c 29
0x00007ff96fb60044:   30 2f 75 00 00 0f 8c 18 03 00 00 48 8b 45 20 44
0x00007ff96fb60054:   8b 34 90 48 8b 45 c0 45 8b fe 44 89 74 24 74 4c
0x00007ff96fb60064:   89 75 a8 4a 8b 1c f0 4d 85 c0 0f 84 74 01 00 00
0x00007ff96fb60074:   41 8b 48 14 8b 44 24 60 3b c8 77 13 41 3b 40 18
0x00007ff96fb60084:   73 0d 2b c1 83 e0 01 84 c0 74 1f 8b 44 24 60 49
0x00007ff96fb60094:   8b 08 48 85 c9 0f 84 49 01 00 00 8b d0 e8 8a 7c 


Stack slot to memory mapping:
stack at sp + 0 slots: 0x000001f82e686f20 points into unknown readable memory: 0x0000000000000000 | 00 00 00 00 00 00 00 00
stack at sp + 1 slots: 0x000001f82ba14890 points into unknown readable memory: 0x000000e800000001 | 01 00 00 00 e8 00 00 00
stack at sp + 2 slots: 0x0000000000000421 is an unknown value
stack at sp + 3 slots: 0x00000028b3cfbb00 is pointing into the stack for thread: 0x000001f828124800
stack at sp + 4 slots: 0x00007ff90000198a is an unknown value
stack at sp + 5 slots: 0x00007ff9b744250d KERNELBASE.dll
stack at sp + 6 slots: 0x00000000001f0000 is an unknown value
stack at sp + 7 slots: 0x000000000004d0a0 is an unknown value


---------------  P R O C E S S  ---------------

Threads class SMR info:
_java_thread_list=0x000001f828039750, length=75, elements={
0x000001f80ce6c000, 0x000001f827b4a000, 0x000001f827b4b000, 0x000001f827b71000,
0x000001f827b72000, 0x000001f827b73000, 0x000001f827bc2800, 0x000001f827bc8800,
0x000001f827bd4000, 0x000001f827d3a800, 0x000001f827d3a000, 0x000001f827d36800,
0x000001f827d3b800, 0x000001f827d37800, 0x000001f827d38800, 0x000001f827d36000,
0x000001f827d3c800, 0x000001f827d39000, 0x000001f82a0ec800, 0x000001f82a0ef000,
0x000001f82a0ed800, 0x000001f82a0ea000, 0x000001f82a0ec000, 0x000001f82a0eb000,
0x000001f82a0ee000, 0x000001f82a0e9800, 0x000001f82a0f0000, 0x000001f82b3ec000,
0x000001f82b3ec800, 0x000001f82b3ee800, 0x000001f82b3ed800, 0x000001f82b3ef000,
0x000001f82b3f1000, 0x000001f82b3f2800, 0x000001f82b3f5000, 0x000001f82b3f1800,
0x000001f82b3f4000, 0x000001f82b3f3000, 0x000001f82b3f5800, 0x000001f82b3f6800,
0x000001f82b3f8000, 0x000001f82b3f9000, 0x000001f82b3fa000, 0x000001f82d0db000,
0x000001f82d0de800, 0x000001f82d0dc000, 0x000001f82d0df000, 0x000001f82d0dc800,
0x000001f82d0dd800, 0x000001f82d0d9800, 0x000001f82d0da000, 0x000001f82d0e6800,
0x000001f82d0e5000, 0x000001f82d0e5800, 0x000001f82d0e1800, 0x000001f82d0e2800,
0x000001f82d0e0800, 0x000001f82d0e4000, 0x000001f82d0e3000, 0x000001f82a529800,
0x000001f82a52a000, 0x000001f82a526000, 0x000001f82a52b000, 0x000001f82a527000,
0x000001f82a5d1800, 0x000001f828124800, 0x000001f82a527800, 0x000001f82a523000,
0x000001f82a524800, 0x000001f82a523800, 0x000001f82a525000, 0x000001f82a530800,
0x000001f82a530000, 0x000001f82a531800, 0x000001f82a52c000
}

Java Threads: ( => current thread )
  0x000001f80ce6c000 JavaThread "main" [_thread_blocked, id=9988, stack(0x00000028b1000000,0x00000028b1100000)]
  0x000001f827b4a000 JavaThread "Reference Handler" daemon [_thread_blocked, id=5400, stack(0x00000028b1700000,0x00000028b1800000)]
  0x000001f827b4b000 JavaThread "Finalizer" daemon [_thread_blocked, id=9180, stack(0x00000028b1800000,0x00000028b1900000)]
  0x000001f827b71000 JavaThread "Signal Dispatcher" daemon [_thread_blocked, id=8796, stack(0x00000028b1900000,0x00000028b1a00000)]
  0x000001f827b72000 JavaThread "Attach Listener" daemon [_thread_blocked, id=3000, stack(0x00000028b1a00000,0x00000028b1b00000)]
  0x000001f827b73000 JavaThread "Service Thread" daemon [_thread_blocked, id=1380, stack(0x00000028b1b00000,0x00000028b1c00000)]
  0x000001f827bc2800 JavaThread "C2 CompilerThread0" daemon [_thread_in_native, id=5492, stack(0x00000028b1c00000,0x00000028b1d00000)]
  0x000001f827bc8800 JavaThread "C1 CompilerThread0" daemon [_thread_in_native, id=2468, stack(0x00000028b1d00000,0x00000028b1e00000)]
  0x000001f827bd4000 JavaThread "Sweeper thread" daemon [_thread_blocked, id=4056, stack(0x00000028b1e00000,0x00000028b1f00000)]
  0x000001f827d3a800 JavaThread "Common-Cleaner" daemon [_thread_blocked, id=4820, stack(0x00000028b1f00000,0x00000028b2000000)]
  0x000001f827d3a000 JavaThread "Daemon health stats" [_thread_blocked, id=576, stack(0x00000028b2800000,0x00000028b2900000)]
  0x000001f827d36800 JavaThread "Incoming local TCP Connector on port 1364" [_thread_in_native, id=2960, stack(0x00000028b2100000,0x00000028b2200000)]
  0x000001f827d3b800 JavaThread "Daemon periodic checks" [_thread_blocked, id=2980, stack(0x00000028b2200000,0x00000028b2300000)]
  0x000001f827d37800 JavaThread "Daemon" [_thread_blocked, id=8892, stack(0x00000028b2900000,0x00000028b2a00000)]
  0x000001f827d38800 JavaThread "Handler for socket connection from /127.0.0.1:1364 to /127.0.0.1:1365" [_thread_in_native, id=10212, stack(0x00000028b2a00000,0x00000028b2b00000)]
  0x000001f827d36000 JavaThread "Cancel handler" [_thread_blocked, id=6088, stack(0x00000028b2b00000,0x00000028b2c00000)]
  0x000001f827d3c800 JavaThread "Daemon worker" [_thread_blocked, id=8800, stack(0x00000028b2c00000,0x00000028b2d00000)]
  0x000001f827d39000 JavaThread "Asynchronous log dispatcher for DefaultDaemonConnection: socket connection from /127.0.0.1:1364 to /127.0.0.1:1365" [_thread_blocked, id=8540, stack(0x00000028b2d00000,0x00000028b2e00000)]
  0x000001f82a0ec800 JavaThread "Stdin handler" [_thread_blocked, id=13016, stack(0x00000028b2e00000,0x00000028b2f00000)]
  0x000001f82a0ef000 JavaThread "Daemon client event forwarder" [_thread_blocked, id=1848, stack(0x00000028b2f00000,0x00000028b3000000)]
  0x000001f82a0ed800 JavaThread "Cache worker for file hash cache (C:\Users\admin\.gradle\caches\7.0.2\fileHashes)" [_thread_blocked, id=1376, stack(0x00000028b3100000,0x00000028b3200000)]
  0x000001f82a0ea000 JavaThread "File lock request listener" [_thread_in_native, id=6448, stack(0x00000028b3200000,0x00000028b3300000)]
  0x000001f82a0ec000 JavaThread "Cache worker for journal cache (C:\Users\admin\.gradle\caches\journal-1)" [_thread_blocked, id=920, stack(0x00000028b3600000,0x00000028b3700000)]
  0x000001f82a0eb000 JavaThread "Cache worker for file hash cache (C:\Users\admin\AndroidStudioProjects\GamesForCat\.gradle\7.0.2\fileHashes)" [_thread_blocked, id=1108, stack(0x00000028b3700000,0x00000028b3800000)]
  0x000001f82a0ee000 JavaThread "File watcher server" daemon [_thread_in_native, id=12696, stack(0x00000028b3800000,0x00000028b3900000)]
  0x000001f82a0e9800 JavaThread "File watcher consumer" daemon [_thread_blocked, id=980, stack(0x00000028b3900000,0x00000028b3a00000)]
  0x000001f82a0f0000 JavaThread "Cache worker for checksums cache (C:\Users\admin\AndroidStudioProjects\GamesForCat\.gradle\checksums)" [_thread_blocked, id=4048, stack(0x00000028b3a00000,0x00000028b3b00000)]
  0x000001f82b3ec000 JavaThread "Cache worker for cache directory md-supplier (C:\Users\admin\.gradle\caches\7.0.2\md-supplier)" [_thread_blocked, id=4652, stack(0x00000028b3b00000,0x00000028b3c00000)]
  0x000001f82b3ec800 JavaThread "Cache worker for cache directory md-rule (C:\Users\admin\.gradle\caches\7.0.2\md-rule)" [_thread_blocked, id=2260, stack(0x00000028b3d00000,0x00000028b3e00000)]
  0x000001f82b3ee800 JavaThread "Cache worker for execution history cache (C:\Users\admin\.gradle\caches\7.0.2\executionHistory)" [_thread_blocked, id=2756, stack(0x00000028b3e00000,0x00000028b3f00000)]
  0x000001f82b3ed800 JavaThread "jar transforms" [_thread_blocked, id=3984, stack(0x00000028b3f00000,0x00000028b4000000)]
  0x000001f82b3ef000 JavaThread "jar transforms Thread 2" [_thread_blocked, id=4816, stack(0x00000028b4000000,0x00000028b4100000)]
  0x000001f82b3f1000 JavaThread "Cache worker for file content cache (C:\Users\admin\.gradle\caches\7.0.2\fileContent)" [_thread_blocked, id=4808, stack(0x00000028b4100000,0x00000028b4200000)]
  0x000001f82b3f2800 JavaThread "Cache worker for dependencies-accessors (C:\Users\admin\AndroidStudioProjects\GamesForCat\.gradle\7.0.2\dependencies-accessors)" [_thread_blocked, id=12576, stack(0x00000028b4200000,0x00000028b4300000)]
  0x000001f82b3f5000 JavaThread "jar transforms Thread 3" [_thread_blocked, id=11080, stack(0x00000028b4300000,0x00000028b4400000)]
  0x000001f82b3f1800 JavaThread "Cache worker for Build Output Cleanup Cache (C:\Users\admin\AndroidStudioProjects\GamesForCat\.gradle\buildOutputCleanup)" [_thread_blocked, id=3164, stack(0x00000028b4400000,0x00000028b4500000)]
  0x000001f82b3f4000 JavaThread "Build operations" [_thread_blocked, id=608, stack(0x00000028b4500000,0x00000028b4600000)]
  0x000001f82b3f3000 JavaThread "Build operations Thread 2" [_thread_blocked, id=8464, stack(0x00000028b4600000,0x00000028b4700000)]
  0x000001f82b3f5800 JavaThread "Build operations Thread 3" [_thread_blocked, id=12416, stack(0x00000028b4700000,0x00000028b4800000)]
  0x000001f82b3f6800 JavaThread "Build operations Thread 4" [_thread_blocked, id=10644, stack(0x00000028b4800000,0x00000028b4900000)]
  0x000001f82b3f8000 JavaThread "Build operations Thread 5" [_thread_blocked, id=12392, stack(0x00000028b4900000,0x00000028b4a00000)]
  0x000001f82b3f9000 JavaThread "Build operations Thread 6" [_thread_blocked, id=8324, stack(0x00000028b4a00000,0x00000028b4b00000)]
  0x000001f82b3fa000 JavaThread "Build operations Thread 7" [_thread_blocked, id=9516, stack(0x00000028b4b00000,0x00000028b4c00000)]
  0x000001f82d0db000 JavaThread "Build operations Thread 8" [_thread_blocked, id=9720, stack(0x00000028b4c00000,0x00000028b4d00000)]
  0x000001f82d0de800 JavaThread "jar transforms Thread 4" [_thread_blocked, id=7584, stack(0x00000028b4d00000,0x00000028b4e00000)]
  0x000001f82d0dc000 JavaThread "jar transforms Thread 5" [_thread_blocked, id=4364, stack(0x00000028b4e00000,0x00000028b4f00000)]
  0x000001f82d0df000 JavaThread "jar transforms Thread 6" [_thread_blocked, id=6840, stack(0x00000028b4f00000,0x00000028b5000000)]
  0x000001f82d0dc800 JavaThread "jar transforms Thread 7" [_thread_blocked, id=10388, stack(0x00000028b5000000,0x00000028b5100000)]
  0x000001f82d0dd800 JavaThread "jar transforms Thread 8" [_thread_blocked, id=9644, stack(0x00000028b5100000,0x00000028b5200000)]
  0x000001f82d0d9800 JavaThread "Memory manager" [_thread_blocked, id=10600, stack(0x00000028b5200000,0x00000028b5300000)]
  0x000001f82d0da000 JavaThread "build event listener" [_thread_blocked, id=8552, stack(0x00000028b5300000,0x00000028b5400000)]
  0x000001f82d0e6800 JavaThread "Execution worker for ':'" [_thread_blocked, id=3756, stack(0x00000028b5400000,0x00000028b5500000)]
  0x000001f82d0e5000 JavaThread "Execution worker for ':' Thread 2" [_thread_blocked, id=7408, stack(0x00000028b5500000,0x00000028b5600000)]
  0x000001f82d0e5800 JavaThread "Execution worker for ':' Thread 3" [_thread_blocked, id=13092, stack(0x00000028b5600000,0x00000028b5700000)]
  0x000001f82d0e1800 JavaThread "Execution worker for ':' Thread 4" [_thread_blocked, id=1596, stack(0x00000028b5700000,0x00000028b5800000)]
  0x000001f82d0e2800 JavaThread "Execution worker for ':' Thread 5" [_thread_blocked, id=4204, stack(0x00000028b5800000,0x00000028b5900000)]
  0x000001f82d0e0800 JavaThread "Execution worker for ':' Thread 6" [_thread_blocked, id=6532, stack(0x00000028b5900000,0x00000028b5a00000)]
  0x000001f82d0e4000 JavaThread "Execution worker for ':' Thread 7" [_thread_blocked, id=2296, stack(0x00000028b5a00000,0x00000028b5b00000)]
  0x000001f82d0e3000 JavaThread "Cache worker for execution history cache (C:\Users\admin\AndroidStudioProjects\GamesForCat\.gradle\7.0.2\executionHistory)" [_thread_blocked, id=10764, stack(0x00000028b5b00000,0x00000028b5c00000)]
  0x000001f82a529800 JavaThread "WorkerExecutor Queue Thread 4" [_thread_blocked, id=8888, stack(0x00000028b5f00000,0x00000028b6000000)]
  0x000001f82a52a000 JavaThread "WorkerExecutor Queue Thread 7" [_thread_blocked, id=1276, stack(0x00000028b6200000,0x00000028b6300000)]
  0x000001f82a526000 JavaThread "pool-3-thread-1" [_thread_blocked, id=2224, stack(0x00000028b6400000,0x00000028b6500000)]
  0x000001f82a52b000 JavaThread "stderr" [_thread_in_native, id=4396, stack(0x00000028b6500000,0x00000028b6600000)]
  0x000001f82a527000 JavaThread "stdout" [_thread_in_native, id=4344, stack(0x00000028b6600000,0x00000028b6700000)]
  0x000001f82a5d1800 JavaThread "C2 CompilerThread1" daemon [_thread_in_native, id=5936, stack(0x00000028b3000000,0x00000028b3100000)]
=>0x000001f828124800 JavaThread "C2 CompilerThread2" daemon [_thread_in_native, id=5184, stack(0x00000028b3c00000,0x00000028b3d00000)]
  0x000001f82a527800 JavaThread "Cache worker for Java compile cache (C:\Users\admin\.gradle\caches\7.0.2\javaCompile)" [_thread_blocked, id=5124, stack(0x00000028b5c00000,0x00000028b5d00000)]
  0x000001f82a523000 JavaThread "Cache worker for Java compile cache (C:\Users\admin\AndroidStudioProjects\GamesForCat\.gradle\7.0.2\javaCompile)" [_thread_blocked, id=6860, stack(0x00000028b5d00000,0x00000028b5e00000)]
  0x000001f82a524800 JavaThread "WorkerExecutor Queue Thread 9" [_thread_blocked, id=10596, stack(0x00000028b5e00000,0x00000028b5f00000)]
  0x000001f82a523800 JavaThread "WorkerExecutor Queue Thread 10" [_thread_blocked, id=2884, stack(0x00000028b6000000,0x00000028b6100000)]
  0x000001f82a525000 JavaThread "WorkerExecutor Queue Thread 11" [_thread_blocked, id=2088, stack(0x00000028b6100000,0x00000028b6200000)]
  0x000001f82a530800 JavaThread "WorkerExecutor Queue Thread 12" [_thread_in_Java, id=8812, stack(0x00000028b6300000,0x00000028b6400000)]
  0x000001f82a530000 JavaThread "WorkerExecutor Queue Thread 13" [_thread_blocked, id=12396, stack(0x00000028b6700000,0x00000028b6800000)]
  0x000001f82a531800 JavaThread "WorkerExecutor Queue Thread 14" [_thread_in_Java, id=5208, stack(0x00000028b6800000,0x00000028b6900000)]
  0x000001f82a52c000 JavaThread "WorkerExecutor Queue Thread 15" [_thread_blocked, id=11920, stack(0x00000028b6900000,0x00000028b6a00000)]

Other Threads:
  0x000001f827b47800 VMThread "VM Thread" [stack: 0x00000028b1600000,0x00000028b1700000] [id=4144]
  0x000001f827d6b000 WatcherThread [stack: 0x00000028b2000000,0x00000028b2100000] [id=2956]
  0x000001f80ce83800 GCTaskThread "GC Thread#0" [stack: 0x00000028b1100000,0x00000028b1200000] [id=4304]
  0x000001f828d6a000 GCTaskThread "GC Thread#1" [stack: 0x00000028b2300000,0x00000028b2400000] [id=4300]
  0x000001f828bff000 GCTaskThread "GC Thread#2" [stack: 0x00000028b2400000,0x00000028b2500000] [id=1288]
  0x000001f828b4e000 GCTaskThread "GC Thread#3" [stack: 0x00000028b2500000,0x00000028b2600000] [id=1324]
  0x000001f828cd4800 GCTaskThread "GC Thread#4" [stack: 0x00000028b2600000,0x00000028b2700000] [id=5804]
  0x000001f828cd5000 GCTaskThread "GC Thread#5" [stack: 0x00000028b2700000,0x00000028b2800000] [id=10768]
  0x000001f82a047800 GCTaskThread "GC Thread#6" [stack: 0x00000028b3300000,0x00000028b3400000] [id=1952]
  0x000001f8295fc000 GCTaskThread "GC Thread#7" [stack: 0x00000028b3400000,0x00000028b3500000] [id=8460]
  0x000001f80ceb7000 ConcurrentGCThread "G1 Main Marker" [stack: 0x00000028b1200000,0x00000028b1300000] [id=8964]
  0x000001f80ceb9800 ConcurrentGCThread "G1 Conc#0" [stack: 0x00000028b1300000,0x00000028b1400000] [id=13296]
  0x000001f82a0f3800 ConcurrentGCThread "G1 Conc#1" [stack: 0x00000028b3500000,0x00000028b3600000] [id=8884]
  0x000001f82719a800 ConcurrentGCThread "G1 Refine#0" [stack: 0x00000028b1400000,0x00000028b1500000] [id=6044]
  0x000001f82719b000 ConcurrentGCThread "G1 Young RemSet Sampling" [stack: 0x00000028b1500000,0x00000028b1600000] [id=4180]

Threads with active compile tasks:
C2 CompilerThread0  11561 15211       4       com.android.tools.r8.internal.Me::a (1137 bytes)
C1 CompilerThread0  11561 15522 %     3       java.util.TimSort::mergeHi @ 191 (732 bytes)
C2 CompilerThread1  11561 14358 %     4       com.android.tools.r8.internal.U6::a @ 66 (6044 bytes)
C2 CompilerThread2  11561 14338       4       sun.invoke.util.VerifyAccess::isClassAccessible (182 bytes)

VM state:not at safepoint (normal execution)

VM Mutex/Monitor currently owned by a thread: None

Heap address: 0x0000000080000000, size: 2048 MB, Compressed Oops mode: 32-bit
Narrow klass base: 0x0000000000000000, Narrow klass shift: 3
Compressed class space size: 1073741824 Address: 0x0000000100000000

Heap:
 garbage-first heap   total 262144K, used 156188K [0x0000000080000000, 0x0000000100000000)
  region size 1024K, 85 young (87040K), 18 survivors (18432K)
 Metaspace       used 114024K, capacity 117468K, committed 117708K, reserved 1150976K
  class space    used 14697K, capacity 16017K, committed 16076K, reserved 1048576K
Heap Regions: E=young(eden), S=young(survivor), O=old, HS=humongous(starts), HC=humongous(continues), CS=collection set, F=free, A=archive, TAMS=top-at-mark-start (previous, next)
|   0|0x0000000080000000, 0x0000000080100000, 0x0000000080100000|100%| O|  |TAMS 0x0000000080100000, 0x0000000080000000| Untracked 
|   1|0x0000000080100000, 0x0000000080200000, 0x0000000080200000|100%| O|  |TAMS 0x0000000080200000, 0x0000000080100000| Untracked 
|   2|0x0000000080200000, 0x0000000080300000, 0x0000000080300000|100%| O|  |TAMS 0x0000000080300000, 0x0000000080200000| Untracked 
|   3|0x0000000080300000, 0x0000000080400000, 0x0000000080400000|100%|HS|  |TAMS 0x0000000080400000, 0x0000000080300000| Complete 
|   4|0x0000000080400000, 0x0000000080500000, 0x0000000080500000|100%|HC|  |TAMS 0x0000000080500000, 0x0000000080400000| Complete 
|   5|0x0000000080500000, 0x0000000080600000, 0x0000000080600000|100%|HC|  |TAMS 0x0000000080600000, 0x0000000080500000| Complete 
|   6|0x0000000080600000, 0x0000000080700000, 0x0000000080700000|100%| O|  |TAMS 0x0000000080700000, 0x0000000080600000| Untracked 
|   7|0x0000000080700000, 0x0000000080800000, 0x0000000080800000|100%| O|  |TAMS 0x0000000080800000, 0x0000000080700000| Untracked 
|   8|0x0000000080800000, 0x0000000080900000, 0x0000000080900000|100%| O|  |TAMS 0x0000000080900000, 0x0000000080800000| Untracked 
|   9|0x0000000080900000, 0x0000000080a00000, 0x0000000080a00000|100%| O|  |TAMS 0x0000000080a00000, 0x0000000080900000| Untracked 
|  10|0x0000000080a00000, 0x0000000080b00000, 0x0000000080b00000|100%| O|  |TAMS 0x0000000080b00000, 0x0000000080a00000| Untracked 
|  11|0x0000000080b00000, 0x0000000080c00000, 0x0000000080c00000|100%| O|  |TAMS 0x0000000080c00000, 0x0000000080b00000| Untracked 
|  12|0x0000000080c00000, 0x0000000080d00000, 0x0000000080d00000|100%| O|  |TAMS 0x0000000080d00000, 0x0000000080c00000| Untracked 
|  13|0x0000000080d00000, 0x0000000080e00000, 0x0000000080e00000|100%| O|  |TAMS 0x0000000080e00000, 0x0000000080d00000| Untracked 
|  14|0x0000000080e00000, 0x0000000080f00000, 0x0000000080f00000|100%| O|  |TAMS 0x0000000080f00000, 0x0000000080e00000| Untracked 
|  15|0x0000000080f00000, 0x0000000081000000, 0x0000000081000000|100%| O|  |TAMS 0x0000000081000000, 0x0000000080f00000| Untracked 
|  16|0x0000000081000000, 0x0000000081100000, 0x0000000081100000|100%|HS|  |TAMS 0x0000000081100000, 0x0000000081000000| Complete 
|  17|0x0000000081100000, 0x0000000081200000, 0x0000000081200000|100%|HS|  |TAMS 0x0000000081200000, 0x0000000081100000| Complete 
|  18|0x0000000081200000, 0x0000000081300000, 0x0000000081300000|100%|HS|  |TAMS 0x0000000081300000, 0x0000000081200000| Complete 
|  19|0x0000000081300000, 0x0000000081400000, 0x0000000081400000|100%|HC|  |TAMS 0x0000000081400000, 0x0000000081300000| Complete 
|  20|0x0000000081400000, 0x0000000081500000, 0x0000000081500000|100%| O|  |TAMS 0x0000000081500000, 0x0000000081400000| Untracked 
|  21|0x0000000081500000, 0x0000000081600000, 0x0000000081600000|100%| O|  |TAMS 0x0000000081600000, 0x0000000081500000| Untracked 
|  22|0x0000000081600000, 0x0000000081700000, 0x0000000081700000|100%| O|  |TAMS 0x0000000081700000, 0x0000000081600000| Untracked 
|  23|0x0000000081700000, 0x0000000081800000, 0x0000000081800000|100%| O|  |TAMS 0x0000000081800000, 0x0000000081700000| Untracked 
|  24|0x0000000081800000, 0x0000000081900000, 0x0000000081900000|100%| O|  |TAMS 0x0000000081900000, 0x0000000081800000| Untracked 
|  25|0x0000000081900000, 0x0000000081a00000, 0x0000000081a00000|100%| O|  |TAMS 0x0000000081a00000, 0x0000000081900000| Untracked 
|  26|0x0000000081a00000, 0x0000000081b00000, 0x0000000081b00000|100%| O|  |TAMS 0x0000000081b00000, 0x0000000081a00000| Untracked 
|  27|0x0000000081b00000, 0x0000000081c00000, 0x0000000081c00000|100%| O|  |TAMS 0x0000000081c00000, 0x0000000081b00000| Untracked 
|  28|0x0000000081c00000, 0x0000000081d00000, 0x0000000081d00000|100%| O|  |TAMS 0x0000000081d00000, 0x0000000081c00000| Untracked 
|  29|0x0000000081d00000, 0x0000000081e00000, 0x0000000081e00000|100%| O|  |TAMS 0x0000000081e00000, 0x0000000081d00000| Untracked 
|  30|0x0000000081e00000, 0x0000000081f00000, 0x0000000081f00000|100%| O|  |TAMS 0x0000000081f00000, 0x0000000081e00000| Untracked 
|  31|0x0000000081f00000, 0x0000000082000000, 0x0000000082000000|100%| O|  |TAMS 0x0000000082000000, 0x0000000081f00000| Untracked 
|  32|0x0000000082000000, 0x0000000082100000, 0x0000000082100000|100%| O|  |TAMS 0x0000000082100000, 0x0000000082000000| Untracked 
|  33|0x0000000082100000, 0x0000000082200000, 0x0000000082200000|100%| O|  |TAMS 0x0000000082200000, 0x0000000082100000| Untracked 
|  34|0x0000000082200000, 0x0000000082300000, 0x0000000082300000|100%| O|  |TAMS 0x0000000082300000, 0x0000000082200000| Untracked 
|  35|0x0000000082300000, 0x0000000082400000, 0x0000000082400000|100%| O|  |TAMS 0x0000000082400000, 0x0000000082300000| Untracked 
|  36|0x0000000082400000, 0x0000000082500000, 0x0000000082500000|100%| O|  |TAMS 0x0000000082500000, 0x0000000082400000| Untracked 
|  37|0x0000000082500000, 0x0000000082600000, 0x0000000082600000|100%| O|  |TAMS 0x0000000082600000, 0x0000000082500000| Untracked 
|  38|0x0000000082600000, 0x0000000082700000, 0x0000000082700000|100%| O|  |TAMS 0x0000000082700000, 0x0000000082600000| Untracked 
|  39|0x0000000082700000, 0x0000000082800000, 0x0000000082800000|100%| O|  |TAMS 0x0000000082800000, 0x0000000082700000| Untracked 
|  40|0x0000000082800000, 0x0000000082900000, 0x0000000082900000|100%| O|  |TAMS 0x0000000082900000, 0x0000000082800000| Untracked 
|  41|0x0000000082900000, 0x0000000082a00000, 0x0000000082a00000|100%| O|  |TAMS 0x0000000082945e00, 0x0000000082900000| Untracked 
|  42|0x0000000082a00000, 0x0000000082b00000, 0x0000000082b00000|100%|HS|  |TAMS 0x0000000082a00000, 0x0000000082a00000| Complete 
|  43|0x0000000082b00000, 0x0000000082c00000, 0x0000000082c00000|100%|HC|  |TAMS 0x0000000082b00000, 0x0000000082b00000| Complete 
|  44|0x0000000082c00000, 0x0000000082d00000, 0x0000000082d00000|100%| O|  |TAMS 0x0000000082c00000, 0x0000000082c00000| Untracked 
|  45|0x0000000082d00000, 0x0000000082e00000, 0x0000000082e00000|100%| O|  |TAMS 0x0000000082d00000, 0x0000000082d00000| Untracked 
|  46|0x0000000082e00000, 0x0000000082f00000, 0x0000000082f00000|100%| O|  |TAMS 0x0000000082e00000, 0x0000000082e00000| Untracked 
|  47|0x0000000082f00000, 0x0000000083000000, 0x0000000083000000|100%| O|  |TAMS 0x0000000082f00000, 0x0000000082f00000| Untracked 
|  48|0x0000000083000000, 0x0000000083100000, 0x0000000083100000|100%| O|  |TAMS 0x0000000083000000, 0x0000000083000000| Untracked 
|  49|0x0000000083100000, 0x0000000083200000, 0x0000000083200000|100%| O|  |TAMS 0x0000000083100000, 0x0000000083100000| Untracked 
|  50|0x0000000083200000, 0x0000000083300000, 0x0000000083300000|100%| O|  |TAMS 0x0000000083200000, 0x0000000083200000| Untracked 
|  51|0x0000000083300000, 0x0000000083400000, 0x0000000083400000|100%| O|  |TAMS 0x0000000083300000, 0x0000000083300000| Untracked 
|  52|0x0000000083400000, 0x0000000083500000, 0x0000000083500000|100%| O|  |TAMS 0x0000000083400000, 0x0000000083400000| Untracked 
|  53|0x0000000083500000, 0x0000000083600000, 0x0000000083600000|100%| O|  |TAMS 0x0000000083500000, 0x0000000083500000| Untracked 
|  54|0x0000000083600000, 0x0000000083700000, 0x0000000083700000|100%| O|  |TAMS 0x0000000083600000, 0x0000000083600000| Untracked 
|  55|0x0000000083700000, 0x0000000083700000, 0x0000000083800000|  0%| F|  |TAMS 0x0000000083700000, 0x0000000083700000| Untracked 
|  56|0x0000000083800000, 0x0000000083800000, 0x0000000083900000|  0%| F|  |TAMS 0x0000000083800000, 0x0000000083800000| Untracked 
|  57|0x0000000083900000, 0x0000000083900000, 0x0000000083a00000|  0%| F|  |TAMS 0x0000000083900000, 0x0000000083900000| Untracked 
|  58|0x0000000083a00000, 0x0000000083a00000, 0x0000000083b00000|  0%| F|  |TAMS 0x0000000083a00000, 0x0000000083a00000| Untracked 
|  59|0x0000000083b00000, 0x0000000083c00000, 0x0000000083c00000|100%| O|  |TAMS 0x0000000083b00000, 0x0000000083b00000| Untracked 
|  60|0x0000000083c00000, 0x0000000083d00000, 0x0000000083d00000|100%| O|  |TAMS 0x0000000083c00000, 0x0000000083c00000| Untracked 
|  61|0x0000000083d00000, 0x0000000083e00000, 0x0000000083e00000|100%| O|  |TAMS 0x0000000083d00000, 0x0000000083d00000| Untracked 
|  62|0x0000000083e00000, 0x0000000083f00000, 0x0000000083f00000|100%| O|  |TAMS 0x0000000083e00000, 0x0000000083e00000| Untracked 
|  63|0x0000000083f00000, 0x0000000084000000, 0x0000000084000000|100%| O|  |TAMS 0x0000000083f00000, 0x0000000083f00000| Untracked 
|  64|0x0000000084000000, 0x0000000084100000, 0x0000000084100000|100%| O|  |TAMS 0x0000000084000000, 0x0000000084000000| Untracked 
|  65|0x0000000084100000, 0x0000000084187200, 0x0000000084200000| 52%| O|  |TAMS 0x0000000084100000, 0x0000000084100000| Untracked 
|  66|0x0000000084200000, 0x0000000084200000, 0x0000000084300000|  0%| F|  |TAMS 0x0000000084200000, 0x0000000084200000| Untracked 
|  67|0x0000000084300000, 0x0000000084300000, 0x0000000084400000|  0%| F|  |TAMS 0x0000000084300000, 0x0000000084300000| Untracked 
|  68|0x0000000084400000, 0x0000000084400000, 0x0000000084500000|  0%| F|  |TAMS 0x0000000084400000, 0x0000000084400000| Untracked 
|  69|0x0000000084500000, 0x0000000084500000, 0x0000000084600000|  0%| F|  |TAMS 0x0000000084500000, 0x0000000084500000| Untracked 
|  70|0x0000000084600000, 0x0000000084600000, 0x0000000084700000|  0%| F|  |TAMS 0x0000000084600000, 0x0000000084600000| Untracked 
|  71|0x0000000084700000, 0x0000000084700000, 0x0000000084800000|  0%| F|  |TAMS 0x0000000084700000, 0x0000000084700000| Untracked 
|  72|0x0000000084800000, 0x0000000084800000, 0x0000000084900000|  0%| F|  |TAMS 0x0000000084800000, 0x0000000084800000| Untracked 
|  73|0x0000000084900000, 0x0000000084900000, 0x0000000084a00000|  0%| F|  |TAMS 0x0000000084900000, 0x0000000084900000| Untracked 
|  74|0x0000000084a00000, 0x0000000084a00000, 0x0000000084b00000|  0%| F|  |TAMS 0x0000000084a00000, 0x0000000084a00000| Untracked 
|  75|0x0000000084b00000, 0x0000000084b00000, 0x0000000084c00000|  0%| F|  |TAMS 0x0000000084b00000, 0x0000000084b00000| Untracked 
|  76|0x0000000084c00000, 0x0000000084d00000, 0x0000000084d00000|100%| O|  |TAMS 0x0000000084c00000, 0x0000000084c00000| Untracked 
|  77|0x0000000084d00000, 0x0000000084e00000, 0x0000000084e00000|100%| O|  |TAMS 0x0000000084d00000, 0x0000000084d00000| Untracked 
|  78|0x0000000084e00000, 0x0000000084f00000, 0x0000000084f00000|100%| O|  |TAMS 0x0000000084e00000, 0x0000000084e00000| Untracked 
|  79|0x0000000084f00000, 0x0000000085000000, 0x0000000085000000|100%| O|  |TAMS 0x0000000084f00000, 0x0000000084f00000| Untracked 
|  80|0x0000000085000000, 0x0000000085100000, 0x0000000085100000|100%| O|  |TAMS 0x0000000085000000, 0x0000000085000000| Untracked 
|  81|0x0000000085100000, 0x0000000085200000, 0x0000000085200000|100%| O|  |TAMS 0x0000000085100000, 0x0000000085100000| Untracked 
|  82|0x0000000085200000, 0x0000000085300000, 0x0000000085300000|100%| O|  |TAMS 0x0000000085200000, 0x0000000085200000| Untracked 
|  83|0x0000000085300000, 0x0000000085400000, 0x0000000085400000|100%| O|  |TAMS 0x0000000085300000, 0x0000000085300000| Untracked 
|  84|0x0000000085400000, 0x0000000085400000, 0x0000000085500000|  0%| F|  |TAMS 0x0000000085400000, 0x0000000085400000| Untracked 
|  85|0x0000000085500000, 0x0000000085500000, 0x0000000085600000|  0%| F|  |TAMS 0x0000000085500000, 0x0000000085500000| Untracked 
|  86|0x0000000085600000, 0x0000000085600000, 0x0000000085700000|  0%| F|  |TAMS 0x0000000085600000, 0x0000000085600000| Untracked 
|  87|0x0000000085700000, 0x0000000085700000, 0x0000000085800000|  0%| F|  |TAMS 0x0000000085700000, 0x0000000085700000| Untracked 
|  88|0x0000000085800000, 0x0000000085800000, 0x0000000085900000|  0%| F|  |TAMS 0x0000000085800000, 0x0000000085800000| Untracked 
|  89|0x0000000085900000, 0x0000000085900000, 0x0000000085a00000|  0%| F|  |TAMS 0x0000000085900000, 0x0000000085900000| Untracked 
|  90|0x0000000085a00000, 0x0000000085a00000, 0x0000000085b00000|  0%| F|  |TAMS 0x0000000085a00000, 0x0000000085a00000| Untracked 
|  91|0x0000000085b00000, 0x0000000085b00000, 0x0000000085c00000|  0%| F|  |TAMS 0x0000000085b00000, 0x0000000085b00000| Untracked 
|  92|0x0000000085c00000, 0x0000000085c00000, 0x0000000085d00000|  0%| F|  |TAMS 0x0000000085c00000, 0x0000000085c00000| Untracked 
|  93|0x0000000085d00000, 0x0000000085d00000, 0x0000000085e00000|  0%| F|  |TAMS 0x0000000085d00000, 0x0000000085d00000| Untracked 
|  94|0x0000000085e00000, 0x0000000085e00000, 0x0000000085f00000|  0%| F|  |TAMS 0x0000000085e00000, 0x0000000085e00000| Untracked 
|  95|0x0000000085f00000, 0x0000000085f00000, 0x0000000086000000|  0%| F|  |TAMS 0x0000000085f00000, 0x0000000085f00000| Untracked 
|  96|0x0000000086000000, 0x0000000086000000, 0x0000000086100000|  0%| F|  |TAMS 0x0000000086000000, 0x0000000086000000| Untracked 
|  97|0x0000000086100000, 0x0000000086200000, 0x0000000086200000|100%| S|CS|TAMS 0x0000000086100000, 0x0000000086100000| Complete 
|  98|0x0000000086200000, 0x0000000086300000, 0x0000000086300000|100%| S|CS|TAMS 0x0000000086200000, 0x0000000086200000| Complete 
|  99|0x0000000086300000, 0x0000000086400000, 0x0000000086400000|100%| S|CS|TAMS 0x0000000086300000, 0x0000000086300000| Complete 
| 100|0x0000000086400000, 0x0000000086500000, 0x0000000086500000|100%| S|CS|TAMS 0x0000000086400000, 0x0000000086400000| Complete 
| 101|0x0000000086500000, 0x0000000086600000, 0x0000000086600000|100%| S|CS|TAMS 0x0000000086500000, 0x0000000086500000| Complete 
| 102|0x0000000086600000, 0x0000000086600000, 0x0000000086700000|  0%| F|  |TAMS 0x0000000086600000, 0x0000000086600000| Untracked 
| 103|0x0000000086700000, 0x0000000086700000, 0x0000000086800000|  0%| F|  |TAMS 0x0000000086700000, 0x0000000086700000| Untracked 
| 104|0x0000000086800000, 0x0000000086800000, 0x0000000086900000|  0%| F|  |TAMS 0x0000000086800000, 0x0000000086800000| Untracked 
| 105|0x0000000086900000, 0x0000000086900000, 0x0000000086a00000|  0%| F|  |TAMS 0x0000000086900000, 0x0000000086900000| Untracked 
| 106|0x0000000086a00000, 0x0000000086a00000, 0x0000000086b00000|  0%| F|  |TAMS 0x0000000086a00000, 0x0000000086a00000| Untracked 
| 107|0x0000000086b00000, 0x0000000086b00000, 0x0000000086c00000|  0%| F|  |TAMS 0x0000000086b00000, 0x0000000086b00000| Untracked 
| 108|0x0000000086c00000, 0x0000000086c00000, 0x0000000086d00000|  0%| F|  |TAMS 0x0000000086c00000, 0x0000000086c00000| Untracked 
| 109|0x0000000086d00000, 0x0000000086d00000, 0x0000000086e00000|  0%| F|  |TAMS 0x0000000086d00000, 0x0000000086d00000| Untracked 
| 110|0x0000000086e00000, 0x0000000086e00000, 0x0000000086f00000|  0%| F|  |TAMS 0x0000000086e00000, 0x0000000086e00000| Untracked 
| 111|0x0000000086f00000, 0x0000000086f00000, 0x0000000087000000|  0%| F|  |TAMS 0x0000000086f00000, 0x0000000086f00000| Untracked 
| 112|0x0000000087000000, 0x0000000087000000, 0x0000000087100000|  0%| F|  |TAMS 0x0000000087000000, 0x0000000087000000| Untracked 
| 113|0x0000000087100000, 0x0000000087200000, 0x0000000087200000|100%| S|CS|TAMS 0x0000000087100000, 0x0000000087100000| Complete 
| 114|0x0000000087200000, 0x0000000087300000, 0x0000000087300000|100%| S|CS|TAMS 0x0000000087200000, 0x0000000087200000| Complete 
| 115|0x0000000087300000, 0x0000000087400000, 0x0000000087400000|100%| S|CS|TAMS 0x0000000087300000, 0x0000000087300000| Complete 
| 116|0x0000000087400000, 0x0000000087500000, 0x0000000087500000|100%| S|CS|TAMS 0x0000000087400000, 0x0000000087400000| Complete 
| 117|0x0000000087500000, 0x0000000087600000, 0x0000000087600000|100%| S|CS|TAMS 0x0000000087500000, 0x0000000087500000| Complete 
| 118|0x0000000087600000, 0x0000000087700000, 0x0000000087700000|100%| S|CS|TAMS 0x0000000087600000, 0x0000000087600000| Complete 
| 119|0x0000000087700000, 0x0000000087800000, 0x0000000087800000|100%| S|CS|TAMS 0x0000000087700000, 0x0000000087700000| Complete 
| 120|0x0000000087800000, 0x0000000087800000, 0x0000000087900000|  0%| F|  |TAMS 0x0000000087800000, 0x0000000087800000| Untracked 
| 121|0x0000000087900000, 0x0000000087900000, 0x0000000087a00000|  0%| F|  |TAMS 0x0000000087900000, 0x0000000087900000| Untracked 
| 122|0x0000000087a00000, 0x0000000087a00000, 0x0000000087b00000|  0%| F|  |TAMS 0x0000000087a00000, 0x0000000087a00000| Untracked 
| 123|0x0000000087b00000, 0x0000000087b00000, 0x0000000087c00000|  0%| F|  |TAMS 0x0000000087b00000, 0x0000000087b00000| Untracked 
| 124|0x0000000087c00000, 0x0000000087d00000, 0x0000000087d00000|100%| S|CS|TAMS 0x0000000087c00000, 0x0000000087c00000| Complete 
| 125|0x0000000087d00000, 0x0000000087e00000, 0x0000000087e00000|100%| S|CS|TAMS 0x0000000087d00000, 0x0000000087d00000| Complete 
| 126|0x0000000087e00000, 0x0000000087f00000, 0x0000000087f00000|100%| S|CS|TAMS 0x0000000087e00000, 0x0000000087e00000| Complete 
| 127|0x0000000087f00000, 0x0000000088000000, 0x0000000088000000|100%| S|CS|TAMS 0x0000000087f00000, 0x0000000087f00000| Complete 
| 128|0x0000000088000000, 0x0000000088100000, 0x0000000088100000|100%| S|CS|TAMS 0x0000000088000000, 0x0000000088000000| Complete 
| 129|0x0000000088100000, 0x0000000088200000, 0x0000000088200000|100%| S|CS|TAMS 0x0000000088100000, 0x0000000088100000| Complete 
| 130|0x0000000088200000, 0x0000000088200000, 0x0000000088300000|  0%| F|  |TAMS 0x0000000088200000, 0x0000000088200000| Untracked 
| 131|0x0000000088300000, 0x0000000088300000, 0x0000000088400000|  0%| F|  |TAMS 0x0000000088300000, 0x0000000088300000| Untracked 
| 132|0x0000000088400000, 0x0000000088400000, 0x0000000088500000|  0%| F|  |TAMS 0x0000000088400000, 0x0000000088400000| Untracked 
| 133|0x0000000088500000, 0x0000000088500000, 0x0000000088600000|  0%| F|  |TAMS 0x0000000088500000, 0x0000000088500000| Untracked 
| 134|0x0000000088600000, 0x0000000088600000, 0x0000000088700000|  0%| F|  |TAMS 0x0000000088600000, 0x0000000088600000| Untracked 
| 135|0x0000000088700000, 0x0000000088700000, 0x0000000088800000|  0%| F|  |TAMS 0x0000000088700000, 0x0000000088700000| Untracked 
| 136|0x0000000088800000, 0x0000000088800000, 0x0000000088900000|  0%| F|  |TAMS 0x0000000088800000, 0x0000000088800000| Untracked 
| 137|0x0000000088900000, 0x0000000088900000, 0x0000000088a00000|  0%| F|  |TAMS 0x0000000088900000, 0x0000000088900000| Untracked 
| 138|0x0000000088a00000, 0x0000000088a00000, 0x0000000088b00000|  0%| F|  |TAMS 0x0000000088a00000, 0x0000000088a00000| Untracked 
| 139|0x0000000088b00000, 0x0000000088b00000, 0x0000000088c00000|  0%| F|  |TAMS 0x0000000088b00000, 0x0000000088b00000| Untracked 
| 140|0x0000000088c00000, 0x0000000088c00000, 0x0000000088d00000|  0%| F|  |TAMS 0x0000000088c00000, 0x0000000088c00000| Untracked 
| 141|0x0000000088d00000, 0x0000000088d00000, 0x0000000088e00000|  0%| F|  |TAMS 0x0000000088d00000, 0x0000000088d00000| Untracked 
| 142|0x0000000088e00000, 0x0000000088e00000, 0x0000000088f00000|  0%| F|  |TAMS 0x0000000088e00000, 0x0000000088e00000| Untracked 
| 143|0x0000000088f00000, 0x0000000088f00000, 0x0000000089000000|  0%| F|  |TAMS 0x0000000088f00000, 0x0000000088f00000| Untracked 
| 144|0x0000000089000000, 0x0000000089000000, 0x0000000089100000|  0%| F|  |TAMS 0x0000000089000000, 0x0000000089000000| Untracked 
| 145|0x0000000089100000, 0x0000000089100000, 0x0000000089200000|  0%| F|  |TAMS 0x0000000089100000, 0x0000000089100000| Untracked 
| 146|0x0000000089200000, 0x0000000089200000, 0x0000000089300000|  0%| F|  |TAMS 0x0000000089200000, 0x0000000089200000| Untracked 
| 147|0x0000000089300000, 0x0000000089300000, 0x0000000089400000|  0%| F|  |TAMS 0x0000000089300000, 0x0000000089300000| Untracked 
| 148|0x0000000089400000, 0x0000000089400000, 0x0000000089500000|  0%| F|  |TAMS 0x0000000089400000, 0x0000000089400000| Untracked 
| 149|0x0000000089500000, 0x0000000089500000, 0x0000000089600000|  0%| F|  |TAMS 0x0000000089500000, 0x0000000089500000| Untracked 
| 150|0x0000000089600000, 0x0000000089600000, 0x0000000089700000|  0%| F|  |TAMS 0x0000000089600000, 0x0000000089600000| Untracked 
| 151|0x0000000089700000, 0x0000000089700000, 0x0000000089800000|  0%| F|  |TAMS 0x0000000089700000, 0x0000000089700000| Untracked 
| 152|0x0000000089800000, 0x0000000089800000, 0x0000000089900000|  0%| F|  |TAMS 0x0000000089800000, 0x0000000089800000| Untracked 
| 153|0x0000000089900000, 0x0000000089900000, 0x0000000089a00000|  0%| F|  |TAMS 0x0000000089900000, 0x0000000089900000| Untracked 
| 154|0x0000000089a00000, 0x0000000089a00000, 0x0000000089b00000|  0%| F|  |TAMS 0x0000000089a00000, 0x0000000089a00000| Untracked 
| 155|0x0000000089b00000, 0x0000000089b00000, 0x0000000089c00000|  0%| F|  |TAMS 0x0000000089b00000, 0x0000000089b00000| Untracked 
| 156|0x0000000089c00000, 0x0000000089c00000, 0x0000000089d00000|  0%| F|  |TAMS 0x0000000089c00000, 0x0000000089c00000| Untracked 
| 157|0x0000000089d00000, 0x0000000089d00000, 0x0000000089e00000|  0%| F|  |TAMS 0x0000000089d00000, 0x0000000089d00000| Untracked 
| 158|0x0000000089e00000, 0x0000000089e00000, 0x0000000089f00000|  0%| F|  |TAMS 0x0000000089e00000, 0x0000000089e00000| Untracked 
| 159|0x0000000089f00000, 0x0000000089f00000, 0x000000008a000000|  0%| F|  |TAMS 0x0000000089f00000, 0x0000000089f00000| Untracked 
| 160|0x000000008a000000, 0x000000008a000000, 0x000000008a100000|  0%| F|  |TAMS 0x000000008a000000, 0x000000008a000000| Untracked 
| 161|0x000000008a100000, 0x000000008a100000, 0x000000008a200000|  0%| F|  |TAMS 0x000000008a100000, 0x000000008a100000| Untracked 
| 162|0x000000008a200000, 0x000000008a200000, 0x000000008a300000|  0%| F|  |TAMS 0x000000008a200000, 0x000000008a200000| Untracked 
| 163|0x000000008a300000, 0x000000008a300000, 0x000000008a400000|  0%| F|  |TAMS 0x000000008a300000, 0x000000008a300000| Untracked 
| 164|0x000000008a400000, 0x000000008a400000, 0x000000008a500000|  0%| F|  |TAMS 0x000000008a400000, 0x000000008a400000| Untracked 
| 165|0x000000008a500000, 0x000000008a500000, 0x000000008a600000|  0%| F|  |TAMS 0x000000008a500000, 0x000000008a500000| Untracked 
| 166|0x000000008a600000, 0x000000008a600000, 0x000000008a700000|  0%| F|  |TAMS 0x000000008a600000, 0x000000008a600000| Untracked 
| 167|0x000000008a700000, 0x000000008a700000, 0x000000008a800000|  0%| F|  |TAMS 0x000000008a700000, 0x000000008a700000| Untracked 
| 168|0x000000008a800000, 0x000000008a800000, 0x000000008a900000|  0%| F|  |TAMS 0x000000008a800000, 0x000000008a800000| Untracked 
| 169|0x000000008a900000, 0x000000008a900000, 0x000000008aa00000|  0%| F|  |TAMS 0x000000008a900000, 0x000000008a900000| Untracked 
| 170|0x000000008aa00000, 0x000000008aa00000, 0x000000008ab00000|  0%| F|  |TAMS 0x000000008aa00000, 0x000000008aa00000| Untracked 
| 171|0x000000008ab00000, 0x000000008ab00000, 0x000000008ac00000|  0%| F|  |TAMS 0x000000008ab00000, 0x000000008ab00000| Untracked 
| 172|0x000000008ac00000, 0x000000008ac00000, 0x000000008ad00000|  0%| F|  |TAMS 0x000000008ac00000, 0x000000008ac00000| Untracked 
| 173|0x000000008ad00000, 0x000000008ad00000, 0x000000008ae00000|  0%| F|  |TAMS 0x000000008ad00000, 0x000000008ad00000| Untracked 
| 174|0x000000008ae00000, 0x000000008ae00000, 0x000000008af00000|  0%| F|  |TAMS 0x000000008ae00000, 0x000000008ae00000| Untracked 
| 175|0x000000008af00000, 0x000000008af00000, 0x000000008b000000|  0%| F|  |TAMS 0x000000008af00000, 0x000000008af00000| Untracked 
| 176|0x000000008b000000, 0x000000008b000000, 0x000000008b100000|  0%| F|  |TAMS 0x000000008b000000, 0x000000008b000000| Untracked 
| 177|0x000000008b100000, 0x000000008b100000, 0x000000008b200000|  0%| F|  |TAMS 0x000000008b100000, 0x000000008b100000| Untracked 
| 178|0x000000008b200000, 0x000000008b200000, 0x000000008b300000|  0%| F|  |TAMS 0x000000008b200000, 0x000000008b200000| Untracked 
| 179|0x000000008b300000, 0x000000008b300000, 0x000000008b400000|  0%| F|  |TAMS 0x000000008b300000, 0x000000008b300000| Untracked 
| 180|0x000000008b400000, 0x000000008b400000, 0x000000008b500000|  0%| F|  |TAMS 0x000000008b400000, 0x000000008b400000| Untracked 
| 181|0x000000008b500000, 0x000000008b500000, 0x000000008b600000|  0%| F|  |TAMS 0x000000008b500000, 0x000000008b500000| Untracked 
| 182|0x000000008b600000, 0x000000008b600000, 0x000000008b700000|  0%| F|  |TAMS 0x000000008b600000, 0x000000008b600000| Untracked 
| 183|0x000000008b700000, 0x000000008b700000, 0x000000008b800000|  0%| F|  |TAMS 0x000000008b700000, 0x000000008b700000| Untracked 
| 184|0x000000008b800000, 0x000000008b800000, 0x000000008b900000|  0%| F|  |TAMS 0x000000008b800000, 0x000000008b800000| Untracked 
| 185|0x000000008b900000, 0x000000008b900000, 0x000000008ba00000|  0%| F|  |TAMS 0x000000008b900000, 0x000000008b900000| Untracked 
| 186|0x000000008ba00000, 0x000000008ba00000, 0x000000008bb00000|  0%| F|  |TAMS 0x000000008ba00000, 0x000000008ba00000| Untracked 
| 187|0x000000008bb00000, 0x000000008bb00000, 0x000000008bc00000|  0%| F|  |TAMS 0x000000008bb00000, 0x000000008bb00000| Untracked 
| 188|0x000000008bc00000, 0x000000008bcea6c8, 0x000000008bd00000| 91%| E|  |TAMS 0x000000008bc00000, 0x000000008bc00000| Complete 
| 189|0x000000008bd00000, 0x000000008be00000, 0x000000008be00000|100%| E|  |TAMS 0x000000008bd00000, 0x000000008bd00000| Complete 
| 190|0x000000008be00000, 0x000000008bf00000, 0x000000008bf00000|100%| E|CS|TAMS 0x000000008be00000, 0x000000008be00000| Complete 
| 191|0x000000008bf00000, 0x000000008c000000, 0x000000008c000000|100%| E|CS|TAMS 0x000000008bf00000, 0x000000008bf00000| Complete 
| 192|0x000000008c000000, 0x000000008c100000, 0x000000008c100000|100%| E|CS|TAMS 0x000000008c000000, 0x000000008c000000| Complete 
| 193|0x000000008c100000, 0x000000008c200000, 0x000000008c200000|100%| E|CS|TAMS 0x000000008c100000, 0x000000008c100000| Complete 
| 194|0x000000008c200000, 0x000000008c300000, 0x000000008c300000|100%| E|CS|TAMS 0x000000008c200000, 0x000000008c200000| Complete 
| 195|0x000000008c300000, 0x000000008c400000, 0x000000008c400000|100%| E|CS|TAMS 0x000000008c300000, 0x000000008c300000| Complete 
| 196|0x000000008c400000, 0x000000008c500000, 0x000000008c500000|100%| E|CS|TAMS 0x000000008c400000, 0x000000008c400000| Complete 
| 197|0x000000008c500000, 0x000000008c600000, 0x000000008c600000|100%| E|CS|TAMS 0x000000008c500000, 0x000000008c500000| Complete 
| 198|0x000000008c600000, 0x000000008c700000, 0x000000008c700000|100%| E|CS|TAMS 0x000000008c600000, 0x000000008c600000| Complete 
| 199|0x000000008c700000, 0x000000008c800000, 0x000000008c800000|100%| E|CS|TAMS 0x000000008c700000, 0x000000008c700000| Complete 
| 200|0x000000008c800000, 0x000000008c900000, 0x000000008c900000|100%| E|CS|TAMS 0x000000008c800000, 0x000000008c800000| Complete 
| 201|0x000000008c900000, 0x000000008ca00000, 0x000000008ca00000|100%| E|CS|TAMS 0x000000008c900000, 0x000000008c900000| Complete 
| 202|0x000000008ca00000, 0x000000008cb00000, 0x000000008cb00000|100%| E|CS|TAMS 0x000000008ca00000, 0x000000008ca00000| Complete 
| 203|0x000000008cb00000, 0x000000008cc00000, 0x000000008cc00000|100%| E|CS|TAMS 0x000000008cb00000, 0x000000008cb00000| Complete 
| 204|0x000000008cc00000, 0x000000008cd00000, 0x000000008cd00000|100%| E|CS|TAMS 0x000000008cc00000, 0x000000008cc00000| Complete 
| 205|0x000000008cd00000, 0x000000008ce00000, 0x000000008ce00000|100%| E|CS|TAMS 0x000000008cd00000, 0x000000008cd00000| Complete 
| 206|0x000000008ce00000, 0x000000008cf00000, 0x000000008cf00000|100%| E|CS|TAMS 0x000000008ce00000, 0x000000008ce00000| Complete 
| 207|0x000000008cf00000, 0x000000008d000000, 0x000000008d000000|100%| E|CS|TAMS 0x000000008cf00000, 0x000000008cf00000| Complete 
| 208|0x000000008d000000, 0x000000008d100000, 0x000000008d100000|100%| E|CS|TAMS 0x000000008d000000, 0x000000008d000000| Complete 
| 209|0x000000008d100000, 0x000000008d200000, 0x000000008d200000|100%| E|CS|TAMS 0x000000008d100000, 0x000000008d100000| Complete 
| 210|0x000000008d200000, 0x000000008d300000, 0x000000008d300000|100%| E|CS|TAMS 0x000000008d200000, 0x000000008d200000| Complete 
| 211|0x000000008d300000, 0x000000008d400000, 0x000000008d400000|100%| E|CS|TAMS 0x000000008d300000, 0x000000008d300000| Complete 
| 212|0x000000008d400000, 0x000000008d500000, 0x000000008d500000|100%| E|CS|TAMS 0x000000008d400000, 0x000000008d400000| Complete 
| 213|0x000000008d500000, 0x000000008d600000, 0x000000008d600000|100%| E|CS|TAMS 0x000000008d500000, 0x000000008d500000| Complete 
| 214|0x000000008d600000, 0x000000008d700000, 0x000000008d700000|100%| E|CS|TAMS 0x000000008d600000, 0x000000008d600000| Complete 
| 215|0x000000008d700000, 0x000000008d800000, 0x000000008d800000|100%| E|CS|TAMS 0x000000008d700000, 0x000000008d700000| Complete 
| 216|0x000000008d800000, 0x000000008d900000, 0x000000008d900000|100%| E|CS|TAMS 0x000000008d800000, 0x000000008d800000| Complete 
| 217|0x000000008d900000, 0x000000008da00000, 0x000000008da00000|100%| E|CS|TAMS 0x000000008d900000, 0x000000008d900000| Complete 
| 218|0x000000008da00000, 0x000000008db00000, 0x000000008db00000|100%| E|CS|TAMS 0x000000008da00000, 0x000000008da00000| Complete 
| 219|0x000000008db00000, 0x000000008dc00000, 0x000000008dc00000|100%| E|CS|TAMS 0x000000008db00000, 0x000000008db00000| Complete 
| 220|0x000000008dc00000, 0x000000008dd00000, 0x000000008dd00000|100%| E|CS|TAMS 0x000000008dc00000, 0x000000008dc00000| Complete 
| 221|0x000000008dd00000, 0x000000008de00000, 0x000000008de00000|100%| E|CS|TAMS 0x000000008dd00000, 0x000000008dd00000| Complete 
| 222|0x000000008de00000, 0x000000008df00000, 0x000000008df00000|100%| E|CS|TAMS 0x000000008de00000, 0x000000008de00000| Complete 
| 223|0x000000008df00000, 0x000000008e000000, 0x000000008e000000|100%| E|CS|TAMS 0x000000008df00000, 0x000000008df00000| Complete 
| 224|0x000000008e000000, 0x000000008e100000, 0x000000008e100000|100%| E|CS|TAMS 0x000000008e000000, 0x000000008e000000| Complete 
| 225|0x000000008e100000, 0x000000008e200000, 0x000000008e200000|100%| E|CS|TAMS 0x000000008e100000, 0x000000008e100000| Complete 
| 226|0x000000008e200000, 0x000000008e300000, 0x000000008e300000|100%| E|CS|TAMS 0x000000008e200000, 0x000000008e200000| Complete 
| 227|0x000000008e300000, 0x000000008e400000, 0x000000008e400000|100%| E|CS|TAMS 0x000000008e300000, 0x000000008e300000| Complete 
| 228|0x000000008e400000, 0x000000008e500000, 0x000000008e500000|100%| E|CS|TAMS 0x000000008e400000, 0x000000008e400000| Complete 
| 229|0x000000008e500000, 0x000000008e600000, 0x000000008e600000|100%| E|CS|TAMS 0x000000008e500000, 0x000000008e500000| Complete 
| 230|0x000000008e600000, 0x000000008e700000, 0x000000008e700000|100%| E|CS|TAMS 0x000000008e600000, 0x000000008e600000| Complete 
| 231|0x000000008e700000, 0x000000008e800000, 0x000000008e800000|100%| E|CS|TAMS 0x000000008e700000, 0x000000008e700000| Complete 
| 232|0x000000008e800000, 0x000000008e900000, 0x000000008e900000|100%| E|CS|TAMS 0x000000008e800000, 0x000000008e800000| Complete 
| 233|0x000000008e900000, 0x000000008ea00000, 0x000000008ea00000|100%| E|CS|TAMS 0x000000008e900000, 0x000000008e900000| Complete 
| 234|0x000000008ea00000, 0x000000008eb00000, 0x000000008eb00000|100%| E|CS|TAMS 0x000000008ea00000, 0x000000008ea00000| Complete 
| 235|0x000000008eb00000, 0x000000008ec00000, 0x000000008ec00000|100%| E|CS|TAMS 0x000000008eb00000, 0x000000008eb00000| Complete 
| 236|0x000000008ec00000, 0x000000008ed00000, 0x000000008ed00000|100%| E|CS|TAMS 0x000000008ec00000, 0x000000008ec00000| Complete 
| 237|0x000000008ed00000, 0x000000008ee00000, 0x000000008ee00000|100%| E|CS|TAMS 0x000000008ed00000, 0x000000008ed00000| Complete 
| 238|0x000000008ee00000, 0x000000008ef00000, 0x000000008ef00000|100%| E|CS|TAMS 0x000000008ee00000, 0x000000008ee00000| Complete 
| 239|0x000000008ef00000, 0x000000008f000000, 0x000000008f000000|100%| E|CS|TAMS 0x000000008ef00000, 0x000000008ef00000| Complete 
| 240|0x000000008f000000, 0x000000008f100000, 0x000000008f100000|100%| E|CS|TAMS 0x000000008f000000, 0x000000008f000000| Complete 
| 241|0x000000008f100000, 0x000000008f200000, 0x000000008f200000|100%| E|CS|TAMS 0x000000008f100000, 0x000000008f100000| Complete 
| 242|0x000000008f200000, 0x000000008f300000, 0x000000008f300000|100%| E|CS|TAMS 0x000000008f200000, 0x000000008f200000| Complete 
| 243|0x000000008f300000, 0x000000008f400000, 0x000000008f400000|100%| E|CS|TAMS 0x000000008f300000, 0x000000008f300000| Complete 
| 244|0x000000008f400000, 0x000000008f500000, 0x000000008f500000|100%| E|CS|TAMS 0x000000008f400000, 0x000000008f400000| Complete 
| 245|0x000000008f500000, 0x000000008f600000, 0x000000008f600000|100%| E|CS|TAMS 0x000000008f500000, 0x000000008f500000| Complete 
| 246|0x000000008f600000, 0x000000008f700000, 0x000000008f700000|100%| E|CS|TAMS 0x000000008f600000, 0x000000008f600000| Complete 
| 247|0x000000008f700000, 0x000000008f800000, 0x000000008f800000|100%| E|CS|TAMS 0x000000008f700000, 0x000000008f700000| Complete 
| 248|0x000000008f800000, 0x000000008f900000, 0x000000008f900000|100%| E|CS|TAMS 0x000000008f800000, 0x000000008f800000| Complete 
| 249|0x000000008f900000, 0x000000008fa00000, 0x000000008fa00000|100%| E|CS|TAMS 0x000000008f900000, 0x000000008f900000| Complete 
| 250|0x000000008fa00000, 0x000000008fb00000, 0x000000008fb00000|100%| E|CS|TAMS 0x000000008fa00000, 0x000000008fa00000| Complete 
| 251|0x000000008fb00000, 0x000000008fc00000, 0x000000008fc00000|100%| E|CS|TAMS 0x000000008fb00000, 0x000000008fb00000| Complete 
| 252|0x000000008fc00000, 0x000000008fd00000, 0x000000008fd00000|100%| E|CS|TAMS 0x000000008fc00000, 0x000000008fc00000| Complete 
| 253|0x000000008fd00000, 0x000000008fe00000, 0x000000008fe00000|100%| E|CS|TAMS 0x000000008fd00000, 0x000000008fd00000| Complete 
| 254|0x000000008fe00000, 0x000000008ff00000, 0x000000008ff00000|100%| E|CS|TAMS 0x000000008fe00000, 0x000000008fe00000| Complete 
| 255|0x000000008ff00000, 0x0000000090000000, 0x0000000090000000|100%| E|CS|TAMS 0x000000008ff00000, 0x000000008ff00000| Complete 

Card table byte_map: [0x000001f8200a0000,0x000001f8204a0000] _byte_map_base: 0x000001f81fca0000

Marking Bits (Prev, Next): (CMBitMap*) 0x000001f80ceae5b8, (CMBitMap*) 0x000001f80ceae5f0
 Prev Bits: [0x000001f8208a0000, 0x000001f8228a0000)
 Next Bits: [0x000001f8228a0000, 0x000001f8248a0000)

Polling page: 0x000001f80add0000

Metaspace:

Usage:
  Non-class:     99.08 MB capacity,    97.01 MB ( 98%) used,     1.66 MB (  2%) free+waste,   405.19 KB ( <1%) overhead. 
      Class:     15.64 MB capacity,    14.35 MB ( 92%) used,     1.10 MB (  7%) free+waste,   193.31 KB (  1%) overhead. 
       Both:    114.72 MB capacity,   111.37 MB ( 97%) used,     2.76 MB (  2%) free+waste,   598.50 KB ( <1%) overhead. 

Virtual space:
  Non-class space:      100.00 MB reserved,      99.25 MB (>99%) committed 
      Class space:        1.00 GB reserved,      15.70 MB (  2%) committed 
             Both:        1.10 GB reserved,     114.95 MB ( 10%) committed 

Chunk freelists:
   Non-Class:  51.00 KB
       Class:  0 bytes
        Both:  51.00 KB

MaxMetaspaceSize: 17179869184.00 GB
CompressedClassSpaceSize: 1.00 GB

CodeHeap 'non-profiled nmethods': size=120000Kb used=9020Kb max_used=9020Kb free=110979Kb
 bounds [0x000001f818430000, 0x000001f818d00000, 0x000001f81f960000]
CodeHeap 'profiled nmethods': size=120000Kb used=32150Kb max_used=32150Kb free=87849Kb
 bounds [0x000001f810f00000, 0x000001f812e70000, 0x000001f818430000]
CodeHeap 'non-nmethods': size=5760Kb used=2340Kb max_used=2369Kb free=3419Kb
 bounds [0x000001f810960000, 0x000001f810bd0000, 0x000001f810f00000]
 total_blobs=16284 nmethods=15324 adapters=870
 compilation: enabled
              stopped_count=0, restarted_count=0
 full_count=0

Compilation events (20 events):
Event: 11.439 Thread 0x000001f827bc2800 nmethod 14976 0x000001f818cee490 code [0x000001f818cee6a0, 0x000001f818cef2a8]
Event: 11.439 Thread 0x000001f827bc2800 14608       4       com.android.tools.r8.internal.oh::d (46 bytes)
Event: 11.441 Thread 0x000001f827bc2800 nmethod 14608 0x000001f818cef890 code [0x000001f818cefa20, 0x000001f818cefb38]
Event: 11.441 Thread 0x000001f827bc2800 15032 %     4       com.android.tools.r8.internal.Rs::a @ 0 (30 bytes)
Event: 11.447 Thread 0x000001f827bc8800 nmethod 15079 0x000001f812d97b10 code [0x000001f812d98b60, 0x000001f812da0588]
Event: 11.447 Thread 0x000001f827bc8800 15087       2       com.android.tools.r8.internal.l2::remove (246 bytes)
Event: 11.448 Thread 0x000001f827bc8800 nmethod 15087 0x000001f812da5190 code [0x000001f812da5460, 0x000001f812da5cf8]
Event: 11.448 Thread 0x000001f827bc8800 15086       2       com.android.tools.r8.internal.F7::a (286 bytes)
Event: 11.450 Thread 0x000001f827bc8800 nmethod 15086 0x000001f812da6290 code [0x000001f812da66c0, 0x000001f812da7a98]
Event: 11.450 Thread 0x000001f827bc8800 15082       2       com.android.tools.r8.internal.Of::g (55 bytes)
Event: 11.450 Thread 0x000001f827bc8800 nmethod 15082 0x000001f812da8710 code [0x000001f812da8900, 0x000001f812da8b98]
Event: 11.450 Thread 0x000001f827bc8800 15085       2       com.android.tools.r8.internal.QG::e (15 bytes)
Event: 11.451 Thread 0x000001f827bc8800 nmethod 15085 0x000001f812da8d10 code [0x000001f812da8ec0, 0x000001f812da9008]
Event: 11.451 Thread 0x000001f827bc8800 15088       2       com.android.tools.r8.internal.v1::e2 (14 bytes)
Event: 11.451 Thread 0x000001f827bc8800 nmethod 15088 0x000001f812da9110 code [0x000001f812da92c0, 0x000001f812da9428]
Event: 11.451 Thread 0x000001f827bc8800 15097       2       com.android.tools.r8.internal.XC$$Lambda$1947/0x0000000100f1ec40::test (8 bytes)
Event: 11.451 Thread 0x000001f827bc8800 nmethod 15097 0x000001f812da9510 code [0x000001f812da96e0, 0x000001f812da98c8]
Event: 11.451 Thread 0x000001f827bc8800 15098       2       com.android.tools.r8.internal.XC::a (18 bytes)
Event: 11.451 Thread 0x000001f827bc8800 nmethod 15098 0x000001f812da9a10 code [0x000001f812da9bc0, 0x000001f812da9d48]
Event: 11.451 Thread 0x000001f827bc8800 15126 %     3       com.android.tools.r8.graph.c0::a @ 2 (158 bytes)

GC Heap History (20 events):
Event: 2.339 GC heap before
{Heap before GC invocations=4 (full 0):
 garbage-first heap   total 262144K, used 66942K [0x0000000080000000, 0x0000000100000000)
  region size 1024K, 52 young (53248K), 3 survivors (3072K)
 Metaspace       used 35038K, capacity 35830K, committed 35840K, reserved 1081344K
  class space    used 4541K, capacity 4864K, committed 4864K, reserved 1048576K
}
Event: 2.344 GC heap after
{Heap after GC invocations=5 (full 0):
 garbage-first heap   total 262144K, used 21921K [0x0000000080000000, 0x0000000100000000)
  region size 1024K, 6 young (6144K), 6 survivors (6144K)
 Metaspace       used 35038K, capacity 35830K, committed 35840K, reserved 1081344K
  class space    used 4541K, capacity 4864K, committed 4864K, reserved 1048576K
}
Event: 3.016 GC heap before
{Heap before GC invocations=6 (full 0):
 garbage-first heap   total 262144K, used 135585K [0x0000000080000000, 0x0000000100000000)
  region size 1024K, 114 young (116736K), 6 survivors (6144K)
 Metaspace       used 43866K, capacity 44869K, committed 45004K, reserved 1087488K
  class space    used 5630K, capacity 5970K, committed 6092K, reserved 1048576K
}
Event: 3.022 GC heap after
{Heap after GC invocations=7 (full 0):
 garbage-first heap   total 262144K, used 28191K [0x0000000080000000, 0x0000000100000000)
  region size 1024K, 12 young (12288K), 12 survivors (12288K)
 Metaspace       used 43866K, capacity 44869K, committed 45004K, reserved 1087488K
  class space    used 5630K, capacity 5970K, committed 6092K, reserved 1048576K
}
Event: 4.235 GC heap before
{Heap before GC invocations=7 (full 0):
 garbage-first heap   total 262144K, used 164383K [0x0000000080000000, 0x0000000100000000)
  region size 1024K, 141 young (144384K), 12 survivors (12288K)
 Metaspace       used 56249K, capacity 57638K, committed 57932K, reserved 1099776K
  class space    used 7153K, capacity 7646K, committed 7756K, reserved 1048576K
}
Event: 4.244 GC heap after
{Heap after GC invocations=8 (full 0):
 garbage-first heap   total 262144K, used 43595K [0x0000000080000000, 0x0000000100000000)
  region size 1024K, 18 young (18432K), 18 survivors (18432K)
 Metaspace       used 56249K, capacity 57638K, committed 57932K, reserved 1099776K
  class space    used 7153K, capacity 7646K, committed 7756K, reserved 1048576K
}
Event: 4.362 GC heap before
{Heap before GC invocations=8 (full 0):
 garbage-first heap   total 262144K, used 54859K [0x0000000080000000, 0x0000000100000000)
  region size 1024K, 30 young (30720K), 18 survivors (18432K)
 Metaspace       used 58630K, capacity 60135K, committed 60236K, reserved 1101824K
  class space    used 7445K, capacity 7988K, committed 8012K, reserved 1048576K
}
Event: 4.374 GC heap after
{Heap after GC invocations=9 (full 0):
 garbage-first heap   total 262144K, used 45335K [0x0000000080000000, 0x0000000100000000)
  region size 1024K, 3 young (3072K), 3 survivors (3072K)
 Metaspace       used 58630K, capacity 60135K, committed 60236K, reserved 1101824K
  class space    used 7445K, capacity 7988K, committed 8012K, reserved 1048576K
}
Event: 5.334 GC heap before
{Heap before GC invocations=10 (full 0):
 garbage-first heap   total 262144K, used 186647K [0x0000000080000000, 0x0000000100000000)
  region size 1024K, 141 young (144384K), 3 survivors (3072K)
 Metaspace       used 71202K, capacity 72976K, committed 73164K, reserved 1112064K
  class space    used 9296K, capacity 9920K, committed 9932K, reserved 1048576K
}
Event: 5.347 GC heap after
{Heap after GC invocations=11 (full 0):
 garbage-first heap   total 262144K, used 53486K [0x0000000080000000, 0x0000000100000000)
  region size 1024K, 11 young (11264K), 11 survivors (11264K)
 Metaspace       used 71202K, capacity 72976K, committed 73164K, reserved 1112064K
  class space    used 9296K, capacity 9920K, committed 9932K, reserved 1048576K
}
Event: 6.378 GC heap before
{Heap before GC invocations=12 (full 0):
 garbage-first heap   total 262144K, used 191726K [0x0000000080000000, 0x0000000100000000)
  region size 1024K, 145 young (148480K), 11 survivors (11264K)
 Metaspace       used 80175K, capacity 82292K, committed 82508K, reserved 1120256K
  class space    used 10485K, capacity 11250K, committed 11340K, reserved 1048576K
}
Event: 6.392 GC heap after
{Heap after GC invocations=13 (full 0):
 garbage-first heap   total 262144K, used 69040K [0x0000000080000000, 0x0000000100000000)
  region size 1024K, 16 young (16384K), 16 survivors (16384K)
 Metaspace       used 80175K, capacity 82292K, committed 82508K, reserved 1120256K
  class space    used 10485K, capacity 11250K, committed 11340K, reserved 1048576K
}
Event: 7.146 GC heap before
{Heap before GC invocations=13 (full 0):
 garbage-first heap   total 262144K, used 217520K [0x0000000080000000, 0x0000000100000000)
  region size 1024K, 139 young (142336K), 16 survivors (16384K)
 Metaspace       used 84509K, capacity 86663K, committed 86732K, reserved 1124352K
  class space    used 10868K, capacity 11678K, committed 11724K, reserved 1048576K
}
Event: 7.154 GC heap after
{Heap after GC invocations=14 (full 0):
 garbage-first heap   total 262144K, used 67915K [0x0000000080000000, 0x0000000100000000)
  region size 1024K, 6 young (6144K), 6 survivors (6144K)
 Metaspace       used 84509K, capacity 86663K, committed 86732K, reserved 1124352K
  class space    used 10868K, capacity 11678K, committed 11724K, reserved 1048576K
}
Event: 7.755 GC heap before
{Heap before GC invocations=14 (full 0):
 garbage-first heap   total 262144K, used 200011K [0x0000000080000000, 0x0000000100000000)
  region size 1024K, 136 young (139264K), 6 survivors (6144K)
 Metaspace       used 90999K, capacity 93237K, committed 93388K, reserved 1130496K
  class space    used 11554K, capacity 12377K, committed 12492K, reserved 1048576K
}
Event: 7.760 GC heap after
{Heap after GC invocations=15 (full 0):
 garbage-first heap   total 262144K, used 69380K [0x0000000080000000, 0x0000000100000000)
  region size 1024K, 7 young (7168K), 7 survivors (7168K)
 Metaspace       used 90999K, capacity 93237K, committed 93388K, reserved 1130496K
  class space    used 11554K, capacity 12377K, committed 12492K, reserved 1048576K
}
Event: 9.931 GC heap before
{Heap before GC invocations=15 (full 0):
 garbage-first heap   total 262144K, used 203524K [0x0000000080000000, 0x0000000100000000)
  region size 1024K, 139 young (142336K), 7 survivors (7168K)
 Metaspace       used 94905K, capacity 97216K, committed 97356K, reserved 1134592K
  class space    used 11980K, capacity 12826K, committed 12876K, reserved 1048576K
}
Event: 9.938 GC heap after
{Heap after GC invocations=16 (full 0):
 garbage-first heap   total 262144K, used 77092K [0x0000000080000000, 0x0000000100000000)
  region size 1024K, 15 young (15360K), 15 survivors (15360K)
 Metaspace       used 94905K, capacity 97216K, committed 97356K, reserved 1134592K
  class space    used 11980K, capacity 12826K, committed 12876K, reserved 1048576K
}
Event: 11.202 GC heap before
{Heap before GC invocations=16 (full 0):
 garbage-first heap   total 262144K, used 211236K [0x0000000080000000, 0x0000000100000000)
  region size 1024K, 141 young (144384K), 15 survivors (15360K)
 Metaspace       used 107368K, capacity 110148K, committed 110412K, reserved 1144832K
  class space    used 13585K, capacity 14597K, committed 14668K, reserved 1048576K
}
Event: 11.214 GC heap after
{Heap after GC invocations=17 (full 0):
 garbage-first heap   total 262144K, used 89628K [0x0000000080000000, 0x0000000100000000)
  region size 1024K, 18 young (18432K), 18 survivors (18432K)
 Metaspace       used 107368K, capacity 110148K, committed 110412K, reserved 1144832K
  class space    used 13585K, capacity 14597K, committed 14668K, reserved 1048576K
}

Deoptimization events (20 events):
Event: 11.398 Thread 0x000001f82a524800 Uncommon trap: trap_request=0xffffff4d fr.pc=0x000001f818cb5b08 relative=0x0000000000000068
Event: 11.398 Thread 0x000001f82a524800 Uncommon trap: reason=unstable_if action=reinterpret pc=0x000001f818cb5b08 method=com.android.tools.r8.internal.DA.a(Ljava/lang/Object;[Lcom/android/tools/r8/internal/zf;I)Ljava/lang/Object; @ 5 c2
Event: 11.398 Thread 0x000001f82a524800 DEOPT PACKING pc=0x000001f818cb5b08 sp=0x00000028b5efc830
Event: 11.398 Thread 0x000001f82a524800 DEOPT UNPACKING pc=0x000001f8109878af sp=0x00000028b5efc760 mode 2
Event: 11.398 Thread 0x000001f82a524800 Uncommon trap: trap_request=0xffffff4d fr.pc=0x000001f818cb15e0 relative=0x0000000000000040
Event: 11.398 Thread 0x000001f82a524800 Uncommon trap: reason=unstable_if action=reinterpret pc=0x000001f818cb15e0 method=com.android.tools.r8.internal.DA.a(Ljava/lang/Object;[Lcom/android/tools/r8/internal/zf;I)Ljava/lang/Object; @ 5 c2
Event: 11.398 Thread 0x000001f82a524800 DEOPT PACKING pc=0x000001f818cb15e0 sp=0x00000028b5efc7b0
Event: 11.398 Thread 0x000001f82a524800 DEOPT UNPACKING pc=0x000001f8109878af sp=0x00000028b5efc760 mode 2
Event: 11.403 Thread 0x000001f82a524800 Uncommon trap: trap_request=0xffffff4d fr.pc=0x000001f81868be30 relative=0x0000000000001390
Event: 11.403 Thread 0x000001f82a524800 Uncommon trap: reason=unstable_if action=reinterpret pc=0x000001f81868be30 method=java.util.HashMap.computeIfAbsent(Ljava/lang/Object;Ljava/util/function/Function;)Ljava/lang/Object; @ 145 c2
Event: 11.403 Thread 0x000001f82a524800 DEOPT PACKING pc=0x000001f81868be30 sp=0x00000028b5efc680
Event: 11.403 Thread 0x000001f82a524800 DEOPT UNPACKING pc=0x000001f8109878af sp=0x00000028b5efc660 mode 2
Event: 11.413 Thread 0x000001f82a525000 Uncommon trap: trap_request=0xffffffde fr.pc=0x000001f818cc2c58 relative=0x0000000000000a18
Event: 11.414 Thread 0x000001f82a525000 Uncommon trap: reason=class_check action=maybe_recompile pc=0x000001f818cc2c58 method=com.android.tools.r8.internal.Jj.hasNext()Z @ 27 c2
Event: 11.414 Thread 0x000001f82a525000 DEOPT PACKING pc=0x000001f818cc2c58 sp=0x00000028b61fd3d0
Event: 11.414 Thread 0x000001f82a525000 DEOPT UNPACKING pc=0x000001f8109878af sp=0x00000028b61fd3a0 mode 2
Event: 11.415 Thread 0x000001f82a523800 Uncommon trap: trap_request=0xffffffde fr.pc=0x000001f818cc2c58 relative=0x0000000000000a18
Event: 11.415 Thread 0x000001f82a523800 Uncommon trap: reason=class_check action=maybe_recompile pc=0x000001f818cc2c58 method=com.android.tools.r8.internal.Jj.hasNext()Z @ 27 c2
Event: 11.415 Thread 0x000001f82a523800 DEOPT PACKING pc=0x000001f818cc2c58 sp=0x00000028b60fd580
Event: 11.415 Thread 0x000001f82a523800 DEOPT UNPACKING pc=0x000001f8109878af sp=0x00000028b60fd550 mode 2

Classes redefined (0 events):
No events

Internal exceptions (20 events):
Event: 11.303 Thread 0x000001f82a523800 Exception <a 'java/lang/NoSuchMethodError'{0x000000008f30e580}: 'java.lang.Object java.lang.invoke.DirectMethodHandle$Holder.invokeVirtual(java.lang.Object, java.lang.Object, int, java.lang.Object)'> (0x000000008f30e580) thrown at [./src/hotspot/share/interpreter/linkResolver.cpp, line 773]
Event: 11.303 Thread 0x000001f82a530000 Exception <a 'java/lang/NoSuchMethodError'{0x000000008f3c3b80}: 'java.lang.Object java.lang.invoke.DirectMethodHandle$Holder.invokeVirtual(java.lang.Object, java.lang.Object, int, java.lang.Object)'> (0x000000008f3c3b80) thrown at [./src/hotspot/share/interpreter/linkResolver.cpp, line 773]
Event: 11.303 Thread 0x000001f82a524800 Exception <a 'java/lang/NoSuchMethodError'{0x000000008f1cd150}: 'java.lang.Object java.lang.invoke.DirectMethodHandle$Holder.invokeVirtual(java.lang.Object, java.lang.Object, int, java.lang.Object)'> (0x000000008f1cd150) thrown at [./src/hotspot/share/interpreter/linkResolver.cpp, line 773]
Event: 11.303 Thread 0x000001f82a530800 Exception <a 'java/lang/NoSuchMethodError'{0x000000008f3841e8}: 'java.lang.Object java.lang.invoke.DirectMethodHandle$Holder.invokeVirtual(java.lang.Object, java.lang.Object, int, java.lang.Object)'> (0x000000008f3841e8) thrown at [./src/hotspot/share/interpreter/linkResolver.cpp, line 773]
Event: 11.304 Thread 0x000001f82a525000 Exception <a 'java/lang/NoSuchMethodError'{0x000000008f1bea88}: 'java.lang.Object java.lang.invoke.DirectMethodHandle$Holder.invokeVirtual(java.lang.Object, java.lang.Object, int, java.lang.Object)'> (0x000000008f1bea88) thrown at [./src/hotspot/share/interpreter/linkResolver.cpp, line 773]
Event: 11.311 Thread 0x000001f82a524800 Exception <a 'java/lang/IncompatibleClassChangeError'{0x000000008f0f6038}: Found class java.lang.Object, but interface was expected> (0x000000008f0f6038) thrown at [./src/hotspot/share/interpreter/linkResolver.cpp, line 839]
Event: 11.311 Thread 0x000001f82a523800 Exception <a 'java/lang/IncompatibleClassChangeError'{0x000000008f0ea998}: Found class java.lang.Object, but interface was expected> (0x000000008f0ea998) thrown at [./src/hotspot/share/interpreter/linkResolver.cpp, line 839]
Event: 11.312 Thread 0x000001f82a524800 Exception <a 'java/lang/IncompatibleClassChangeError'{0x000000008f0fee38}: Found class java.lang.Object, but interface was expected> (0x000000008f0fee38) thrown at [./src/hotspot/share/interpreter/linkResolver.cpp, line 839]
Event: 11.312 Thread 0x000001f82a523800 Exception <a 'java/lang/IncompatibleClassChangeError'{0x000000008f0edbc0}: Found class java.lang.Object, but interface was expected> (0x000000008f0edbc0) thrown at [./src/hotspot/share/interpreter/linkResolver.cpp, line 839]
Event: 11.316 Thread 0x000001f82a530000 Exception <a 'java/lang/NoSuchMethodError'{0x000000008eff3518}: 'void java.lang.invoke.DirectMethodHandle$Holder.invokeVirtual(java.lang.Object, java.lang.Object, int, java.lang.Object)'> (0x000000008eff3518) thrown at [./src/hotspot/share/interpreter/linkResolver.cpp, line 773]
Event: 11.316 Thread 0x000001f82a525000 Exception <a 'java/lang/NoSuchMethodError'{0x000000008f0a5ed8}: 'void java.lang.invoke.DirectMethodHandle$Holder.invokeVirtual(java.lang.Object, java.lang.Object, int, java.lang.Object)'> (0x000000008f0a5ed8) thrown at [./src/hotspot/share/interpreter/linkResolver.cpp, line 773]
Event: 11.345 Thread 0x000001f82a530000 Exception <a 'java/lang/NoSuchMethodError'{0x000000008ec91c20}: 'int java.lang.invoke.DirectMethodHandle$Holder.invokeSpecial(java.lang.Object, java.lang.Object, java.lang.Object, int, java.lang.Object)'> (0x000000008ec91c20) thrown at [./src/hotspot/share/interpreter/linkResolver.cpp, line 773]
Event: 11.350 Thread 0x000001f82a524800 Exception <a 'java/lang/NoSuchMethodError'{0x000000008eab34f8}: 'java.lang.Object java.lang.invoke.DirectMethodHandle$Holder.newInvokeSpecial(java.lang.Object, int)'> (0x000000008eab34f8) thrown at [./src/hotspot/share/interpreter/linkResolver.cpp, line 773]
Event: 11.350 Thread 0x000001f82a523800 Exception <a 'java/lang/NoSuchMethodError'{0x000000008e958448}: 'java.lang.Object java.lang.invoke.DirectMethodHandle$Holder.newInvokeSpecial(java.lang.Object, int)'> (0x000000008e958448) thrown at [./src/hotspot/share/interpreter/linkResolver.cpp, line 773]
Event: 11.393 Thread 0x000001f82a524800 Exception <a 'java/lang/NoSuchMethodError'{0x000000008df206b8}: 'long java.lang.invoke.DirectMethodHandle$Holder.invokeStatic(java.lang.Object, java.lang.Object)'> (0x000000008df206b8) thrown at [./src/hotspot/share/interpreter/linkResolver.cpp, line 773]
Event: 11.415 Thread 0x000001f82a525000 Exception <a 'java/lang/NoSuchMethodError'{0x000000008db69300}: 'java.lang.Object java.lang.invoke.Invokers$Holder.linkToTargetMethod(java.lang.Object, int, java.lang.Object, java.lang.Object, java.lang.Object, java.lang.Object)'> (0x000000008db69300) thrown at [./src/hotspot/share/interpreter/linkResolver.cpp, line 773]
Event: 11.415 Thread 0x000001f82a525000 Exception <a 'java/lang/NoSuchMethodError'{0x000000008db6cfb8}: 'void java.lang.invoke.DirectMethodHandle$Holder.invokeSpecial(java.lang.Object, java.lang.Object, java.lang.Object, java.lang.Object, java.lang.Object, java.lang.Object, java.lang.Object, java.lang.Object, java.lang.Object)'> (0x000000008db6cfb8) thrown at [./src/hotspot/share/interpreter/linkResolver.cpp, line 773]
Event: 11.415 Thread 0x000001f82a523800 Exception <a 'java/lang/NoSuchMethodError'{0x000000008e021818}: 'void java.lang.invoke.DirectMethodHandle$Holder.invokeSpecial(java.lang.Object, java.lang.Object, java.lang.Object, java.lang.Object, java.lang.Object, java.lang.Object, java.lang.Object, java.lang.Object, java.lang.Object)'> (0x000000008e021818) thrown at [./src/hotspot/share/interpreter/linkResolver.cpp, line 773]
Event: 11.417 Thread 0x000001f82a525000 Exception <a 'java/lang/NoSuchMethodError'{0x000000008db847f0}: 'void java.lang.invoke.DirectMethodHandle$Holder.invokeStatic(java.lang.Object, java.lang.Object, java.lang.Object, java.lang.Object, java.lang.Object, java.lang.Object, java.lang.Object, java.lang.Object)'> (0x000000008db847f0) thrown at [./src/hotspot/share/interpreter/linkResolver.cpp, line 773]
Event: 11.444 Thread 0x000001f82a523800 Exception <a 'java/lang/IncompatibleClassChangeError'{0x000000008d8dfa78}: Found class java.lang.Object, but interface was expected> (0x000000008d8dfa78) thrown at [./src/hotspot/share/interpreter/linkResolver.cpp, line 839]

Events (20 events):
Event: 11.450 loading class com/android/tools/r8/internal/Uu
Event: 11.450 loading class com/android/tools/r8/internal/Uu done
Event: 11.450 loading class com/android/tools/r8/graph/X
Event: 11.450 loading class com/android/tools/r8/graph/X done
Event: 11.450 loading class com/android/tools/r8/internal/Uu
Event: 11.450 loading class com/android/tools/r8/internal/Uu done
Event: 11.450 loading class com/android/tools/r8/graph/Q
Event: 11.450 loading class com/android/tools/r8/graph/Q done
Event: 11.450 loading class com/android/tools/r8/internal/Uu
Event: 11.450 loading class com/android/tools/r8/internal/Uu done
Event: 11.450 loading class com/android/tools/r8/graph/y
Event: 11.450 loading class com/android/tools/r8/graph/y done
Event: 11.450 loading class com/android/tools/r8/internal/Uu
Event: 11.450 loading class com/android/tools/r8/internal/Uu done
Event: 11.451 loading class com/android/tools/r8/internal/Uu
Event: 11.451 loading class com/android/tools/r8/internal/Uu done
Event: 11.451 loading class com/android/tools/r8/graph/Y
Event: 11.451 loading class com/android/tools/r8/graph/Y done
Event: 11.451 loading class com/android/tools/r8/internal/Uu
Event: 11.451 loading class com/android/tools/r8/internal/Uu done


Dynamic libraries:
0x00007ff788080000 - 0x00007ff78808a000 	C:\Program Files\Android\Android Studio\jre\bin\java.exe
0x00007ff9b9c30000 - 0x00007ff9b9e25000 	C:\Windows\SYSTEM32\ntdll.dll
0x00007ff9b9a00000 - 0x00007ff9b9abe000 	C:\Windows\System32\KERNEL32.DLL
0x00007ff9b73e0000 - 0x00007ff9b76a8000 	C:\Windows\System32\KERNELBASE.dll
0x00007ff9b7970000 - 0x00007ff9b7a70000 	C:\Windows\System32\ucrtbase.dll
0x00007ff9a10f0000 - 0x00007ff9a1109000 	C:\Program Files\Android\Android Studio\jre\bin\jli.dll
0x00007ff99c000000 - 0x00007ff99c017000 	C:\Program Files\Android\Android Studio\jre\bin\VCRUNTIME140.dll
0x00007ff9b9860000 - 0x00007ff9b9a00000 	C:\Windows\System32\USER32.dll
0x00007ff99e330000 - 0x00007ff99e5ca000 	C:\Windows\WinSxS\amd64_microsoft.windows.common-controls_6595b64144ccf1df_6.0.19041.1110_none_60b5254171f9507e\COMCTL32.dll
0x00007ff9b7b80000 - 0x00007ff9b7ba2000 	C:\Windows\System32\win32u.dll
0x00007ff9b9b60000 - 0x00007ff9b9b8a000 	C:\Windows\System32\GDI32.dll
0x00007ff9b9190000 - 0x00007ff9b922e000 	C:\Windows\System32\msvcrt.dll
0x00007ff9b7a70000 - 0x00007ff9b7b7b000 	C:\Windows\System32\gdi32full.dll
0x00007ff9b7840000 - 0x00007ff9b78dd000 	C:\Windows\System32\msvcp_win.dll
0x00007ff9b9b90000 - 0x00007ff9b9bc0000 	C:\Windows\System32\IMM32.DLL
0x00007ff972830000 - 0x00007ff9728cd000 	C:\Program Files\Android\Android Studio\jre\bin\msvcp140.dll
0x00007ff96f520000 - 0x00007ff96ffef000 	C:\Program Files\Android\Android Studio\jre\bin\server\jvm.dll
0x00007ff9b9250000 - 0x00007ff9b92fe000 	C:\Windows\System32\ADVAPI32.dll
0x00007ff9b9ac0000 - 0x00007ff9b9b5c000 	C:\Windows\System32\sechost.dll
0x00007ff9b8f50000 - 0x00007ff9b9075000 	C:\Windows\System32\RPCRT4.dll
0x00007ff9b86b0000 - 0x00007ff9b86b8000 	C:\Windows\System32\PSAPI.DLL
0x00007ff9976f0000 - 0x00007ff9976f9000 	C:\Windows\SYSTEM32\WSOCK32.dll
0x00007ff9b97f0000 - 0x00007ff9b985b000 	C:\Windows\System32\WS2_32.dll
0x00007ff9a5660000 - 0x00007ff9a5687000 	C:\Windows\SYSTEM32\WINMM.dll
0x00007ff9b08c0000 - 0x00007ff9b08ca000 	C:\Windows\SYSTEM32\VERSION.dll
0x00007ff9b5180000 - 0x00007ff9b5192000 	C:\Windows\SYSTEM32\kernel.appcore.dll
0x00007ff971b20000 - 0x00007ff971b31000 	C:\Program Files\Android\Android Studio\jre\bin\verify.dll
0x00007ff99ffd0000 - 0x00007ff9a01b4000 	C:\Windows\SYSTEM32\DBGHELP.DLL
0x00007ff9a03b0000 - 0x00007ff9a03dc000 	C:\Windows\SYSTEM32\dbgcore.DLL
0x00007ff9b78e0000 - 0x00007ff9b7962000 	C:\Windows\System32\bcryptPrimitives.dll
0x00007ff971af0000 - 0x00007ff971b19000 	C:\Program Files\Android\Android Studio\jre\bin\java.dll
0x00007ff9976e0000 - 0x00007ff9976eb000 	C:\Program Files\Android\Android Studio\jre\bin\jimage.dll
0x00007ff971ad0000 - 0x00007ff971ae8000 	C:\Program Files\Android\Android Studio\jre\bin\zip.dll
0x00007ff9b7eb0000 - 0x00007ff9b85f4000 	C:\Windows\System32\SHELL32.dll
0x00007ff9b5460000 - 0x00007ff9b5bf4000 	C:\Windows\SYSTEM32\windows.storage.dll
0x00007ff9b9300000 - 0x00007ff9b9654000 	C:\Windows\System32\combase.dll
0x00007ff9b6d90000 - 0x00007ff9b6dbc000 	C:\Windows\SYSTEM32\Wldp.dll
0x00007ff9b90e0000 - 0x00007ff9b918d000 	C:\Windows\System32\SHCORE.dll
0x00007ff9b9080000 - 0x00007ff9b90d5000 	C:\Windows\System32\shlwapi.dll
0x00007ff9b7260000 - 0x00007ff9b727f000 	C:\Windows\SYSTEM32\profapi.dll
0x00007ff971ab0000 - 0x00007ff971aca000 	C:\Program Files\Android\Android Studio\jre\bin\net.dll
0x00007ff9ac260000 - 0x00007ff9ac36a000 	C:\Windows\SYSTEM32\WINHTTP.dll
0x00007ff9b6af0000 - 0x00007ff9b6b5a000 	C:\Windows\system32\mswsock.dll
0x00007ff971a90000 - 0x00007ff971aa4000 	C:\Program Files\Android\Android Studio\jre\bin\nio.dll
0x00007ff9a1110000 - 0x00007ff9a1137000 	C:\Users\admin\.gradle\native\8bec1ad78214c89d9ad589b4d07fe93259594b29d510b10fafb7a158f7737e5d\windows-amd64\native-platform.dll
0x00007ff972170000 - 0x00007ff9722ad000 	C:\Users\admin\.gradle\native\53dbd7edfb1c66fb8903c78663c9afc45aea4f116125fa6feffd364cf09443e8\windows-amd64\native-platform-file-events.dll
0x00007ff995c40000 - 0x00007ff995c4a000 	C:\Program Files\Android\Android Studio\jre\bin\management.dll
0x00007ff98d200000 - 0x00007ff98d20c000 	C:\Program Files\Android\Android Studio\jre\bin\management_ext.dll
0x00007ff9b6cf0000 - 0x00007ff9b6d08000 	C:\Windows\SYSTEM32\CRYPTSP.dll
0x00007ff9b6400000 - 0x00007ff9b6434000 	C:\Windows\system32\rsaenh.dll
0x00007ff9b7810000 - 0x00007ff9b7837000 	C:\Windows\System32\bcrypt.dll
0x00007ff9b71e0000 - 0x00007ff9b720e000 	C:\Windows\SYSTEM32\USERENV.dll
0x00007ff9b6ce0000 - 0x00007ff9b6cec000 	C:\Windows\SYSTEM32\CRYPTBASE.dll
0x00007ff9b6790000 - 0x00007ff9b67cb000 	C:\Windows\SYSTEM32\IPHLPAPI.DLL
0x00007ff9b7ea0000 - 0x00007ff9b7ea8000 	C:\Windows\System32\NSI.dll
0x00007ff9b1470000 - 0x00007ff9b1487000 	C:\Windows\SYSTEM32\dhcpcsvc6.DLL
0x00007ff9b0a80000 - 0x00007ff9b0a9d000 	C:\Windows\SYSTEM32\dhcpcsvc.DLL
0x00007ff9b67e0000 - 0x00007ff9b68ab000 	C:\Windows\SYSTEM32\DNSAPI.dll

dbghelp: loaded successfully - version: 4.0.5 - missing functions: none
symbol engine: initialized successfully - sym options: 0x614 - pdb path: .;C:\Program Files\Android\Android Studio\jre\bin;C:\Windows\SYSTEM32;C:\Windows\WinSxS\amd64_microsoft.windows.common-controls_6595b64144ccf1df_6.0.19041.1110_none_60b5254171f9507e;C:\Program Files\Android\Android Studio\jre\bin\server;C:\Users\admin\.gradle\native\8bec1ad78214c89d9ad589b4d07fe93259594b29d510b10fafb7a158f7737e5d\windows-amd64;C:\Users\admin\.gradle\native\53dbd7edfb1c66fb8903c78663c9afc45aea4f116125fa6feffd364cf09443e8\windows-amd64

VM Arguments:
jvm_args: --add-opens=java.base/java.util=ALL-UNNAMED --add-opens=java.base/java.lang=ALL-UNNAMED --add-opens=java.base/java.lang.invoke=ALL-UNNAMED --add-opens=java.base/java.util=ALL-UNNAMED --add-opens=java.prefs/java.util.prefs=ALL-UNNAMED --add-opens=java.prefs/java.util.prefs=ALL-UNNAMED --add-opens=java.base/java.nio.charset=ALL-UNNAMED --add-opens=java.base/java.net=ALL-UNNAMED --add-opens=java.base/java.util.concurrent.atomic=ALL-UNNAMED -Xmx2048m -Dfile.encoding=UTF-8 -Duser.country=RU -Duser.language=ru -Duser.variant 
java_command: org.gradle.launcher.daemon.bootstrap.GradleDaemon 7.0.2
java_class_path (initial): C:\Users\admin\.gradle\wrapper\dists\gradle-7.0.2-bin\857tjihv64xamwrf0h14cai3r\gradle-7.0.2\lib\gradle-launcher-7.0.2.jar
Launcher Type: SUN_STANDARD

[Global flags]
     intx CICompilerCount                          = 4                                         {product} {ergonomic}
     uint ConcGCThreads                            = 2                                         {product} {ergonomic}
     uint G1ConcRefinementThreads                  = 8                                         {product} {ergonomic}
   size_t G1HeapRegionSize                         = 1048576                                   {product} {ergonomic}
    uintx GCDrainStackTargetSize                   = 64                                        {product} {ergonomic}
   size_t InitialHeapSize                          = 268435456                                 {product} {ergonomic}
   size_t MarkStackSize                            = 4194304                                   {product} {ergonomic}
   size_t MaxHeapSize                              = 2147483648                                {product} {command line}
   size_t MaxNewSize                               = 1287651328                                {product} {ergonomic}
   size_t MinHeapDeltaBytes                        = 1048576                                   {product} {ergonomic}
    uintx NonNMethodCodeHeapSize                   = 5836300                                {pd product} {ergonomic}
    uintx NonProfiledCodeHeapSize                  = 122910970                              {pd product} {ergonomic}
    uintx ProfiledCodeHeapSize                     = 122910970                              {pd product} {ergonomic}
    uintx ReservedCodeCacheSize                    = 251658240                              {pd product} {ergonomic}
     bool SegmentedCodeCache                       = true                                      {product} {ergonomic}
     bool UseCompressedClassPointers               = true                                 {lp64_product} {ergonomic}
     bool UseCompressedOops                        = true                                 {lp64_product} {ergonomic}
     bool UseG1GC                                  = true                                      {product} {ergonomic}
     bool UseLargePagesIndividualAllocation        = false                                  {pd product} {ergonomic}

Logging:
Log output configuration:
 #0: stdout all=warning uptime,level,tags
 #1: stderr all=off uptime,level,tags

Environment Variables:
PATH=C:\Program Files\Common Files\Oracle\Java\javapath;C:\Program Files (x86)\VMware\VMware Workstation\bin\;C:\Windows\system32;C:\Windows;C:\Windows\System32\Wbem;C:\Windows\System32\WindowsPowerShell\v1.0\;C:\Windows\System32\OpenSSH\;C:\Program Files (x86)\NVIDIA Corporation\PhysX\Common;C:\Program Files\NVIDIA Corporation\NVIDIA NvDLISR;C:\Program Files\Git\cmd;C:\Users\admin\AppData\Local\Microsoft\WindowsApps;C:\Program Files\JetBrains\IntelliJ IDEA Community Edition 2021.3\bin;;C:\Users\admin\AppData\Local\GitHubDesktop\bin
USERNAME=admin
OS=Windows_NT
PROCESSOR_IDENTIFIER=Intel64 Family 6 Model 94 Stepping 3, GenuineIntel



---------------  S Y S T E M  ---------------

OS: Windows 10 , 64 bit Build 19041 (10.0.19041.1645)
OS uptime: 0 days 0:10 hours

CPU:total 8 (initial active 8) (4 cores per cpu, 2 threads per core) family 6 model 94 stepping 3 microcode 0xcc, cmov, cx8, fxsr, mmx, sse, sse2, sse3, ssse3, sse4.1, sse4.2, popcnt, avx, avx2, aes, clmul, erms, rtm, 3dnowpref, lzcnt, ht, tsc, tscinvbit, bmi1, bmi2, adx, fma

Memory: 4k page, system-wide physical 16305M (10978M free)
TotalPageFile size 18737M (AvailPageFile size 12565M)
current process WorkingSet (physical memory assigned to process): 570M, peak: 571M
current process commit charge ("private bytes"): 617M, peak: 618M

vm_info: OpenJDK 64-Bit Server VM (11.0.10+0-b96-7249189) for windows-amd64 JRE (11.0.10+0-b96-7249189), built on Mar 31 2021 21:44:00 by "builder" with MS VC++ 14.0 (VS2015)

END.
