#
# A fatal error has been detected by the Java Runtime Environment:
#
#  EXCEPTION_ACCESS_VIOLATION (0xc0000005) at pc=0x00007fff48ceca50, pid=10320, tid=6792
#
# JRE version: OpenJDK Runtime Environment (11.0.10) (build 11.0.10+0-b96-7249189)
# Java VM: OpenJDK 64-Bit Server VM (11.0.10+0-b96-7249189, mixed mode, tiered, compressed oops, g1 gc, windows-amd64)
# Problematic frame:
# V  [jvm.dll+0x2dca50]
#
# No core dump will be written. Minidumps are not enabled by default on client versions of Windows
#
# If you would like to submit a bug report, please visit:
#   https://bugreport.java.com/bugreport/crash.jsp
#

---------------  S U M M A R Y ------------

Command Line: --add-opens=java.base/java.util=ALL-UNNAMED --add-opens=java.base/java.lang=ALL-UNNAMED --add-opens=java.base/java.lang.invoke=ALL-UNNAMED --add-opens=java.base/java.util=ALL-UNNAMED --add-opens=java.prefs/java.util.prefs=ALL-UNNAMED --add-opens=java.prefs/java.util.prefs=ALL-UNNAMED --add-opens=java.base/java.nio.charset=ALL-UNNAMED --add-opens=java.base/java.net=ALL-UNNAMED --add-opens=java.base/java.util.concurrent.atomic=ALL-UNNAMED -Xmx2048m -Dfile.encoding=UTF-8 -Duser.country=RU -Duser.language=ru -Duser.variant org.gradle.launcher.daemon.bootstrap.GradleDaemon 7.0.2

Host: Intel(R) Core(TM) i7-6700K CPU @ 4.00GHz, 8 cores, 15G,  Windows 10 , 64 bit Build 19041 (10.0.19041.1645)
Time: Sun May  8 18:35:49 2022 RTZ 2 (зима) elapsed time: 20486.445661 seconds (0d 5h 41m 26s)

---------------  T H R E A D  ---------------

Current thread (0x000002415457f800):  ConcurrentGCThread "G1 Conc#1" [stack: 0x000000ba46200000,0x000000ba46300000] [id=6792]

Stack: [0x000000ba46200000,0x000000ba46300000],  sp=0x000000ba462ff1f0,  free space=1020k
Native frames: (J=compiled Java code, j=interpreted, Vv=VM code, C=native code)
V  [jvm.dll+0x2dca50]
V  [jvm.dll+0x2dffa7]
V  [jvm.dll+0x2e1d8b]
V  [jvm.dll+0x2e395b]
V  [jvm.dll+0x2e2579]
V  [jvm.dll+0x2e6b46]
V  [jvm.dll+0x748da0]
V  [jvm.dll+0x6e3d45]
V  [jvm.dll+0x5ebe96]
C  [ucrtbase.dll+0x21bb2]
C  [KERNEL32.DLL+0x17034]
C  [ntdll.dll+0x52651]


siginfo: EXCEPTION_ACCESS_VIOLATION (0xc0000005), reading address 0x000000042e973c88


Register to memory mapping:

RIP=0x00007fff48ceca50 jvm.dll
RAX=0x0000000085df11e0 is pointing into object: [Ljava.lang.Object; 
{0x0000000085df11d8} - klass: 'java/lang/Object'[]
 - length: 4
RBX=0x00000241366205b0 points into unknown readable memory: 0x00007fff4922efa0 | a0 ef 22 49 ff 7f 00 00
RCX=0x0000000000000003 is an unknown value
RDX=0x000000042e973c80 is an unknown value
RSP=0x000000ba462ff1f0 points into unknown readable memory: 0x00000241366205b0 | b0 05 62 36 41 02 00 00
RBP=0x0000000000bc0000 is an unknown value
RSI=0x000000ba462ff320 points into unknown readable memory: 0x00000241366109e0 | e0 09 61 36 41 02 00 00
RDI=0x0000000085df11e0 is pointing into object: [Ljava.lang.Object; 
{0x0000000085df11d8} - klass: 'java/lang/Object'[]
 - length: 4
R8 =0x0000000000000001 is an unknown value
R9 =0x0 is NULL
R10=0x000000000002f000 is an unknown value
R11=0x000002414bff0000 points into unknown readable memory: 0x0000800000000001 | 01 00 00 00 00 80 00 00
R12=0x000000000000000c is an unknown value
R13=0xaaaaaaaaaaaaaaab is an unknown value
R14=0x00000241523adb01 points into unknown readable memory: 00 00 00 00 00 00 00
R15=0x000000ba462ff320 points into unknown readable memory: 0x00000241366109e0 | e0 09 61 36 41 02 00 00


Registers:
RAX=0x0000000085df11e0, RBX=0x00000241366205b0, RCX=0x0000000000000003, RDX=0x000000042e973c80
RSP=0x000000ba462ff1f0, RBP=0x0000000000bc0000, RSI=0x000000ba462ff320, RDI=0x0000000085df11e0
R8 =0x0000000000000001, R9 =0x0000000000000000, R10=0x000000000002f000, R11=0x000002414bff0000
R12=0x000000000000000c, R13=0xaaaaaaaaaaaaaaab, R14=0x00000241523adb01, R15=0x000000ba462ff320
RIP=0x00007fff48ceca50, EFLAGS=0x0000000000010202

Top of Stack: (sp=0x000000ba462ff1f0)
0x000000ba462ff1f0:   00000241366205b0 0000000000bc0000
0x000000ba462ff200:   0000000000000000 0000000000000000
0x000000ba462ff210:   00000241366205b0 00007fff48ceffa7
0x000000ba462ff220:   0000000000000040 00000241366205b0
0x000000ba462ff230:   0000000000000000 0000000000000000
0x000000ba462ff240:   0000000085df11e0 00007fff48cf1d8b
0x000000ba462ff250:   0000000000bbe23c 000000ba462ff320
0x000000ba462ff260:   0000000085d2e790 0000000000bbe238
0x000000ba462ff270:   0000024136610a30 00007fff48cf395b
0x000000ba462ff280:   0000000085df11e0 0000000000bbe238
0x000000ba462ff290:   0000000085df11e0 0000000000098968
0x000000ba462ff2a0:   0000000000000000 00000241523adb01
0x000000ba462ff2b0:   0000000000000001 00007fff48cf2579
0x000000ba462ff2c0:   0000000000000555 000000ba462ff399
0x000000ba462ff2d0:   0000000000000000 00000241366205b0
0x000000ba462ff2e0:   0000000085d00000 0000000000020000 

Instructions: (pc=0x00007fff48ceca50)
0x00007fff48cec950:   48 89 5c 24 08 48 89 6c 24 10 48 89 74 24 18 57
0x00007fff48cec960:   41 56 41 57 48 83 ec 20 4c 8b 74 24 68 45 0f b6
0x00007fff48cec970:   f9 41 0f b6 e8 48 8b f2 48 8b d9 41 c6 06 01 48
0x00007fff48cec980:   3b 15 0a 9d 71 00 77 15 48 8b 89 60 03 00 00 48
0x00007fff48cec990:   83 c1 10 e8 b8 8d ff ff 48 8b f8 eb 2e e8 7e c5
0x00007fff48cec9a0:   ff ff 48 8b f8 48 85 c0 74 21 48 8b 8b e0 04 00
0x00007fff48cec9b0:   00 48 8d 15 d0 0d 54 00 45 33 c0 e8 f0 3f 02 00
0x00007fff48cec9c0:   84 c0 74 07 c6 83 b5 04 00 00 01 48 85 ff 74 05
0x00007fff48cec9d0:   48 8b c7 eb 28 48 8b d6 48 8b cb e8 20 bf ff ff
0x00007fff48cec9e0:   48 85 c0 75 18 40 84 ed 74 11 45 0f b6 c7 33 d2
0x00007fff48cec9f0:   48 8b cb e8 98 a8 ff ff 41 88 06 33 c0 48 8b 5c
0x00007fff48ceca00:   24 40 48 8b 6c 24 48 48 8b 74 24 50 48 83 c4 20
0x00007fff48ceca10:   41 5f 41 5e 5f c3 cc cc cc cc cc cc cc cc cc cc
0x00007fff48ceca20:   48 83 ec 28 44 0f b6 05 6c ab 71 00 48 8b c1 8b
0x00007fff48ceca30:   0d e3 20 6d 00 4c 8b 0d d4 20 6d 00 45 84 c0 74
0x00007fff48ceca40:   0b 8b 50 08 48 d3 e2 49 03 d1 eb 04 48 8b 50 08
0x00007fff48ceca50:   81 7a 08 00 00 00 c0 7d 2f 45 84 c0 74 0b 8b 50
0x00007fff48ceca60:   08 48 d3 e2 49 03 d1 eb 04 48 8b 50 08 48 8b c8
0x00007fff48ceca70:   e8 6b ff ea ff 48 63 c8 48 81 f9 00 10 00 00 72
0x00007fff48ceca80:   07 b0 01 48 83 c4 28 c3 32 c0 48 83 c4 28 c3 cc
0x00007fff48ceca90:   83 fa 05 74 29 83 fa 19 74 21 85 d2 74 15 83 fa
0x00007fff48cecaa0:   09 74 18 0f b6 05 63 aa 71 00 33 c9 83 fa 1a 0f
0x00007fff48cecab0:   45 c1 c3 0f b6 05 53 aa 71 00 c3 b0 01 c3 0f b6
0x00007fff48cecac0:   05 49 aa 71 00 c3 cc cc cc cc cc cc cc cc cc cc
0x00007fff48cecad0:   48 89 5c 24 08 57 48 83 ec 50 48 8b f9 48 8b da
0x00007fff48cecae0:   48 8b 89 60 03 00 00 e8 c4 cd fe ff 48 8d 8f f8
0x00007fff48cecaf0:   02 00 00 e8 88 0f 07 00 48 8b d3 48 8b cf e8 4d
0x00007fff48cecb00:   00 00 00 48 8d 05 1e 1e 54 00 c6 44 24 28 01 48
0x00007fff48cecb10:   89 44 24 20 48 8d 8f 98 02 00 00 48 8d 87 20 02
0x00007fff48cecb20:   00 00 c6 44 24 30 01 48 8d 54 24 20 48 89 44 24
0x00007fff48cecb30:   38 48 89 4c 24 40 48 c7 44 24 48 00 00 00 00 e8
0x00007fff48cecb40:   3c ed 06 00 48 8b 5c 24 60 48 83 c4 50 5f c3 cc 


Stack slot to memory mapping:
stack at sp + 0 slots: 0x00000241366205b0 points into unknown readable memory: 0x00007fff4922efa0 | a0 ef 22 49 ff 7f 00 00
stack at sp + 1 slots: 0x0000000000bc0000 is an unknown value
stack at sp + 2 slots: 0x0 is NULL
stack at sp + 3 slots: 0x0 is NULL
stack at sp + 4 slots: 0x00000241366205b0 points into unknown readable memory: 0x00007fff4922efa0 | a0 ef 22 49 ff 7f 00 00
stack at sp + 5 slots: 0x00007fff48ceffa7 jvm.dll
stack at sp + 6 slots: 0x0000000000000040 is an unknown value
stack at sp + 7 slots: 0x00000241366205b0 points into unknown readable memory: 0x00007fff4922efa0 | a0 ef 22 49 ff 7f 00 00


---------------  P R O C E S S  ---------------

Threads class SMR info:
_java_thread_list=0x000002415c3cce40, length=76, elements={
0x00000241365ce800, 0x00000241512a2800, 0x00000241512b4800, 0x00000241512cf000,
0x00000241512d0000, 0x00000241512d1000, 0x0000024151321800, 0x0000024151324800,
0x0000024150a6a000, 0x0000024151323800, 0x0000024151327800, 0x0000024151328800,
0x000002415132a000, 0x0000024153e95000, 0x0000024153e9b800, 0x0000024153e96000,
0x0000024153e97000, 0x0000024153ea3000, 0x0000024153ea0000, 0x00000241551dd800,
0x00000241551de800, 0x00000241551dc000, 0x00000241551e5800, 0x000002415808c800,
0x000002415808e000, 0x000002415808b800, 0x0000024158089800, 0x000002415808b000,
0x000002415808d800, 0x000002415a80f800, 0x0000024158094000, 0x000002415a80f000,
0x000002415a810800, 0x000002415a811800, 0x000002415a812000, 0x000002415a813000,
0x000002415a80d000, 0x000002415a813800, 0x000002415a815800, 0x000002415a816000,
0x000002415a817000, 0x000002415a818000, 0x000002415a819800, 0x000002415a818800,
0x000002415a81a000, 0x000002415a814800, 0x000002415a81b000, 0x000002415a81c000,
0x00000241551db000, 0x00000241551e4000, 0x00000241551e3000, 0x00000241551e5000,
0x00000241551e1800, 0x00000241551e7000, 0x00000241551e8000, 0x00000241551e2800,
0x000002415808a000, 0x0000024158096800, 0x0000024158097000, 0x0000024158098000,
0x0000024158092800, 0x0000024158093000, 0x0000024158095800, 0x0000024158094800,
0x0000024153e9b000, 0x0000024153e9a000, 0x0000024153e9d800, 0x0000024153e99800,
0x0000024153e98800, 0x0000024153ea0800, 0x0000024153ea2000, 0x0000024153ea4000,
0x0000024151325000, 0x0000024151327000, 0x0000024153ad2800, 0x0000024153acd000
}

Java Threads: ( => current thread )
  0x00000241365ce800 JavaThread "main" [_thread_blocked, id=3004, stack(0x000000ba43d00000,0x000000ba43e00000)]
  0x00000241512a2800 JavaThread "Reference Handler" daemon [_thread_blocked, id=13092, stack(0x000000ba44400000,0x000000ba44500000)]
  0x00000241512b4800 JavaThread "Finalizer" daemon [_thread_blocked, id=11492, stack(0x000000ba44500000,0x000000ba44600000)]
  0x00000241512cf000 JavaThread "Signal Dispatcher" daemon [_thread_blocked, id=12668, stack(0x000000ba44600000,0x000000ba44700000)]
  0x00000241512d0000 JavaThread "Attach Listener" daemon [_thread_blocked, id=2772, stack(0x000000ba44700000,0x000000ba44800000)]
  0x00000241512d1000 JavaThread "Service Thread" daemon [_thread_blocked, id=5448, stack(0x000000ba44800000,0x000000ba44900000)]
  0x0000024151321800 JavaThread "C2 CompilerThread0" daemon [_thread_in_native, id=10892, stack(0x000000ba44900000,0x000000ba44a00000)]
  0x0000024151324800 JavaThread "C1 CompilerThread0" daemon [_thread_blocked, id=9944, stack(0x000000ba44a00000,0x000000ba44b00000)]
  0x0000024150a6a000 JavaThread "Sweeper thread" daemon [_thread_blocked, id=5108, stack(0x000000ba44b00000,0x000000ba44c00000)]
  0x0000024151323800 JavaThread "Common-Cleaner" daemon [_thread_blocked, id=1412, stack(0x000000ba44c00000,0x000000ba44d00000)]
  0x0000024151327800 JavaThread "Daemon health stats" [_thread_blocked, id=3672, stack(0x000000ba45500000,0x000000ba45600000)]
  0x0000024151328800 JavaThread "Incoming local TCP Connector on port 1812" [_thread_in_native, id=7320, stack(0x000000ba44e00000,0x000000ba44f00000)]
  0x000002415132a000 JavaThread "Daemon periodic checks" [_thread_blocked, id=9044, stack(0x000000ba44f00000,0x000000ba45000000)]
  0x0000024153e95000 JavaThread "Cache worker for file hash cache (C:\Users\admin\.gradle\caches\7.0.2\fileHashes)" [_thread_blocked, id=12408, stack(0x000000ba45e00000,0x000000ba45f00000)]
  0x0000024153e9b800 JavaThread "File lock request listener" [_thread_in_native, id=1444, stack(0x000000ba45f00000,0x000000ba46000000)]
  0x0000024153e96000 JavaThread "Cache worker for journal cache (C:\Users\admin\.gradle\caches\journal-1)" [_thread_blocked, id=2504, stack(0x000000ba46300000,0x000000ba46400000)]
  0x0000024153e97000 JavaThread "File watcher server" daemon [_thread_in_native, id=9028, stack(0x000000ba46500000,0x000000ba46600000)]
  0x0000024153ea3000 JavaThread "File watcher consumer" daemon [_thread_blocked, id=2704, stack(0x000000ba46600000,0x000000ba46700000)]
  0x0000024153ea0000 JavaThread "Cache worker for execution history cache (C:\Users\admin\.gradle\caches\7.0.2\executionHistory)" [_thread_blocked, id=11296, stack(0x000000ba46b00000,0x000000ba46c00000)]
  0x00000241551dd800 JavaThread "jar transforms" [_thread_blocked, id=2832, stack(0x000000ba46c00000,0x000000ba46d00000)]
  0x00000241551de800 JavaThread "jar transforms Thread 2" [_thread_blocked, id=5432, stack(0x000000ba46d00000,0x000000ba46e00000)]
  0x00000241551dc000 JavaThread "Cache worker for file content cache (C:\Users\admin\.gradle\caches\7.0.2\fileContent)" [_thread_blocked, id=6648, stack(0x000000ba46e00000,0x000000ba46f00000)]
  0x00000241551e5800 JavaThread "jar transforms Thread 3" [_thread_blocked, id=9848, stack(0x000000ba47000000,0x000000ba47100000)]
  0x000002415808c800 JavaThread "jar transforms Thread 4" [_thread_blocked, id=1540, stack(0x000000ba47a00000,0x000000ba47b00000)]
  0x000002415808e000 JavaThread "jar transforms Thread 5" [_thread_blocked, id=3992, stack(0x000000ba47b00000,0x000000ba47c00000)]
  0x000002415808b800 JavaThread "jar transforms Thread 6" [_thread_blocked, id=9144, stack(0x000000ba47c00000,0x000000ba47d00000)]
  0x0000024158089800 JavaThread "jar transforms Thread 7" [_thread_blocked, id=2340, stack(0x000000ba47d00000,0x000000ba47e00000)]
  0x000002415808b000 JavaThread "jar transforms Thread 8" [_thread_blocked, id=9904, stack(0x000000ba47e00000,0x000000ba47f00000)]
  0x000002415808d800 JavaThread "Memory manager" [_thread_blocked, id=12264, stack(0x000000ba47f00000,0x000000ba48000000)]
  0x000002415a80f800 JavaThread "Cache worker for Java compile cache (C:\Users\admin\.gradle\caches\7.0.2\javaCompile)" [_thread_blocked, id=8436, stack(0x000000ba48900000,0x000000ba48a00000)]
  0x0000024158094000 JavaThread "ForkJoinPool.commonPool-worker-5" daemon [_thread_blocked, id=12552, stack(0x000000ba49500000,0x000000ba49600000)]
  0x000002415a80f000 JavaThread "Daemon Thread 19" [_thread_blocked, id=7124, stack(0x000000ba43a00000,0x000000ba43b00000)]
  0x000002415a810800 JavaThread "Handler for socket connection from /127.0.0.1:1812 to /127.0.0.1:1225" [_thread_in_native, id=5212, stack(0x000000ba43b00000,0x000000ba43c00000)]
  0x000002415a811800 JavaThread "Cancel handler" [_thread_blocked, id=4620, stack(0x000000ba43c00000,0x000000ba43d00000)]
  0x000002415a812000 JavaThread "Daemon worker Thread 19" [_thread_blocked, id=11796, stack(0x000000ba45600000,0x000000ba45700000)]
  0x000002415a813000 JavaThread "Asynchronous log dispatcher for DefaultDaemonConnection: socket connection from /127.0.0.1:1812 to /127.0.0.1:1225" [_thread_blocked, id=6712, stack(0x000000ba45700000,0x000000ba45800000)]
  0x000002415a80d000 JavaThread "Stdin handler" [_thread_blocked, id=8608, stack(0x000000ba45800000,0x000000ba45900000)]
  0x000002415a813800 JavaThread "Daemon client event forwarder" [_thread_blocked, id=9716, stack(0x000000ba45900000,0x000000ba45a00000)]
  0x000002415a815800 JavaThread "Cache worker for file hash cache (C:\Users\admin\AndroidStudioProjects\GamesForCat\.gradle\7.0.2\fileHashes)" [_thread_blocked, id=12696, stack(0x000000ba45a00000,0x000000ba45b00000)]
  0x000002415a816000 JavaThread "Cache worker for checksums cache (C:\Users\admin\AndroidStudioProjects\GamesForCat\.gradle\checksums)" [_thread_blocked, id=10188, stack(0x000000ba45b00000,0x000000ba45c00000)]
  0x000002415a817000 JavaThread "Cache worker for cache directory md-supplier (C:\Users\admin\.gradle\caches\7.0.2\md-supplier)" [_thread_blocked, id=1656, stack(0x000000ba45c00000,0x000000ba45d00000)]
  0x000002415a818000 JavaThread "Cache worker for cache directory md-rule (C:\Users\admin\.gradle\caches\7.0.2\md-rule)" [_thread_blocked, id=10860, stack(0x000000ba45d00000,0x000000ba45e00000)]
  0x000002415a819800 JavaThread "Cache worker for dependencies-accessors (C:\Users\admin\AndroidStudioProjects\GamesForCat\.gradle\7.0.2\dependencies-accessors)" [_thread_blocked, id=11712, stack(0x000000ba46400000,0x000000ba46500000)]
  0x000002415a818800 JavaThread "Cache worker for Build Output Cleanup Cache (C:\Users\admin\AndroidStudioProjects\GamesForCat\.gradle\buildOutputCleanup)" [_thread_blocked, id=1660, stack(0x000000ba46700000,0x000000ba46800000)]
  0x000002415a81a000 JavaThread "Build operations" [_thread_blocked, id=10068, stack(0x000000ba46800000,0x000000ba46900000)]
  0x000002415a814800 JavaThread "Build operations Thread 2" [_thread_blocked, id=11812, stack(0x000000ba46900000,0x000000ba46a00000)]
  0x000002415a81b000 JavaThread "Build operations Thread 3" [_thread_blocked, id=7072, stack(0x000000ba46a00000,0x000000ba46b00000)]
  0x000002415a81c000 JavaThread "Build operations Thread 4" [_thread_blocked, id=4316, stack(0x000000ba46f00000,0x000000ba47000000)]
  0x00000241551db000 JavaThread "Build operations Thread 5" [_thread_blocked, id=8344, stack(0x000000ba47100000,0x000000ba47200000)]
  0x00000241551e4000 JavaThread "Build operations Thread 6" [_thread_blocked, id=10292, stack(0x000000ba47200000,0x000000ba47300000)]
  0x00000241551e3000 JavaThread "Build operations Thread 7" [_thread_blocked, id=12720, stack(0x000000ba47300000,0x000000ba47400000)]
  0x00000241551e5000 JavaThread "Build operations Thread 8" [_thread_blocked, id=9928, stack(0x000000ba47400000,0x000000ba47500000)]
  0x00000241551e1800 JavaThread "C2 CompilerThread1" daemon [_thread_in_native, id=680, stack(0x000000ba47500000,0x000000ba47600000)]
  0x00000241551e7000 JavaThread "C2 CompilerThread2" daemon [_thread_in_native, id=9604, stack(0x000000ba47600000,0x000000ba47700000)]
  0x00000241551e8000 JavaThread "build event listener" [_thread_blocked, id=9224, stack(0x000000ba47700000,0x000000ba47800000)]
  0x00000241551e2800 JavaThread "Execution worker for ':'" [_thread_blocked, id=2536, stack(0x000000ba47800000,0x000000ba47900000)]
  0x000002415808a000 JavaThread "Execution worker for ':' Thread 2" [_thread_blocked, id=8380, stack(0x000000ba47900000,0x000000ba47a00000)]
  0x0000024158096800 JavaThread "Execution worker for ':' Thread 3" [_thread_blocked, id=8272, stack(0x000000ba48000000,0x000000ba48100000)]
  0x0000024158097000 JavaThread "Execution worker for ':' Thread 4" [_thread_blocked, id=1192, stack(0x000000ba48100000,0x000000ba48200000)]
  0x0000024158098000 JavaThread "Execution worker for ':' Thread 5" [_thread_blocked, id=12956, stack(0x000000ba48200000,0x000000ba48300000)]
  0x0000024158092800 JavaThread "Execution worker for ':' Thread 6" [_thread_blocked, id=1704, stack(0x000000ba48300000,0x000000ba48400000)]
  0x0000024158093000 JavaThread "Execution worker for ':' Thread 7" [_thread_blocked, id=9232, stack(0x000000ba48400000,0x000000ba48500000)]
  0x0000024158095800 JavaThread "Cache worker for execution history cache (C:\Users\admin\AndroidStudioProjects\GamesForCat\.gradle\7.0.2\executionHistory)" [_thread_blocked, id=7660, stack(0x000000ba48500000,0x000000ba48600000)]
  0x0000024158094800 JavaThread "WorkerExecutor Queue" [_thread_blocked, id=10456, stack(0x000000ba48600000,0x000000ba48700000)]
  0x0000024153e9b000 JavaThread "WorkerExecutor Queue Thread 2" [_thread_in_Java, id=10816, stack(0x000000ba48700000,0x000000ba48800000)]
  0x0000024153e9a000 JavaThread "pool-81-thread-1" [_thread_blocked, id=11440, stack(0x000000ba48800000,0x000000ba48900000)]
  0x0000024153e9d800 JavaThread "stderr" [_thread_in_native, id=10392, stack(0x000000ba48b00000,0x000000ba48c00000)]
  0x0000024153e99800 JavaThread "stdout" [_thread_in_native, id=11520, stack(0x000000ba48c00000,0x000000ba48d00000)]
  0x0000024153e98800 JavaThread "Cache worker for Java compile cache (C:\Users\admin\AndroidStudioProjects\GamesForCat\.gradle\7.0.2\javaCompile)" [_thread_blocked, id=2840, stack(0x000000ba48d00000,0x000000ba48e00000)]
  0x0000024153ea0800 JavaThread "WorkerExecutor Queue Thread 3" [_thread_blocked, id=8168, stack(0x000000ba48e00000,0x000000ba48f00000)]
  0x0000024153ea2000 JavaThread "WorkerExecutor Queue Thread 4" [_thread_blocked, id=4600, stack(0x000000ba48f00000,0x000000ba49000000)]
  0x0000024153ea4000 JavaThread "WorkerExecutor Queue Thread 5" [_thread_blocked, id=6036, stack(0x000000ba49000000,0x000000ba49100000)]
  0x0000024151325000 JavaThread "WorkerExecutor Queue Thread 6" [_thread_blocked, id=9292, stack(0x000000ba49100000,0x000000ba49200000)]
  0x0000024151327000 JavaThread "WorkerExecutor Queue Thread 7" [_thread_blocked, id=7496, stack(0x000000ba49200000,0x000000ba49300000)]
  0x0000024153ad2800 JavaThread "WorkerExecutor Queue Thread 8" [_thread_blocked, id=5520, stack(0x000000ba49300000,0x000000ba49400000)]
  0x0000024153acd000 JavaThread "WorkerExecutor Queue Thread 9" [_thread_blocked, id=10324, stack(0x000000ba49400000,0x000000ba49500000)]

Other Threads:
  0x0000024150a64800 VMThread "VM Thread" [stack: 0x000000ba44300000,0x000000ba44400000] [id=12216]
  0x0000024151493800 WatcherThread [stack: 0x000000ba44d00000,0x000000ba44e00000] [id=11308]
  0x00000241365e5000 GCTaskThread "GC Thread#0" [stack: 0x000000ba43e00000,0x000000ba43f00000] [id=6496]
  0x000002415281b000 GCTaskThread "GC Thread#1" [stack: 0x000000ba45000000,0x000000ba45100000] [id=3920]
  0x00000241523a4800 GCTaskThread "GC Thread#2" [stack: 0x000000ba45100000,0x000000ba45200000] [id=1124]
  0x000002415211d800 GCTaskThread "GC Thread#3" [stack: 0x000000ba45200000,0x000000ba45300000] [id=9952]
  0x0000024152327800 GCTaskThread "GC Thread#4" [stack: 0x000000ba45300000,0x000000ba45400000] [id=1332]
  0x00000241528f4000 GCTaskThread "GC Thread#5" [stack: 0x000000ba45400000,0x000000ba45500000] [id=10908]
  0x0000024152903000 GCTaskThread "GC Thread#6" [stack: 0x000000ba46000000,0x000000ba46100000] [id=2272]
  0x00000241544fa000 GCTaskThread "GC Thread#7" [stack: 0x000000ba46100000,0x000000ba46200000] [id=11516]
  0x000002413661a800 ConcurrentGCThread "G1 Main Marker" [stack: 0x000000ba43f00000,0x000000ba44000000] [id=9072]
  0x000002413661b800 ConcurrentGCThread "G1 Conc#0" [stack: 0x000000ba44000000,0x000000ba44100000] [id=7412]
=>0x000002415457f800 ConcurrentGCThread "G1 Conc#1" [stack: 0x000000ba46200000,0x000000ba46300000] [id=6792]
  0x00000241366ae000 ConcurrentGCThread "G1 Refine#0" [stack: 0x000000ba44100000,0x000000ba44200000] [id=1360]
  0x0000024151617000 ConcurrentGCThread "G1 Refine#1" [stack: 0x000000ba48a00000,0x000000ba48b00000] [id=9244]
  0x00000241508ee800 ConcurrentGCThread "G1 Young RemSet Sampling" [stack: 0x000000ba44200000,0x000000ba44300000] [id=4260]

Threads with active compile tasks:
C2 CompilerThread020486551 32493       4       java.util.TimSort::mergeHi (732 bytes)
C2 CompilerThread120486551 32526 %     4       com.android.tools.r8.dex.j::a @ 315 (1038 bytes)
C2 CompilerThread220486552 32424       4       com.android.tools.r8.internal.U6::a (4191 bytes)

VM state:not at safepoint (normal execution)

VM Mutex/Monitor currently owned by a thread: None

Heap address: 0x0000000080000000, size: 2048 MB, Compressed Oops mode: 32-bit
Narrow klass base: 0x0000000000000000, Narrow klass shift: 3
Compressed class space size: 1073741824 Address: 0x0000000100000000

Heap:
 garbage-first heap   total 262144K, used 152583K [0x0000000080000000, 0x0000000100000000)
  region size 1024K, 31 young (31744K), 3 survivors (3072K)
 Metaspace       used 143770K, capacity 148262K, committed 149368K, reserved 1179648K
  class space    used 17729K, capacity 19377K, committed 19916K, reserved 1048576K
Heap Regions: E=young(eden), S=young(survivor), O=old, HS=humongous(starts), HC=humongous(continues), CS=collection set, F=free, A=archive, TAMS=top-at-mark-start (previous, next)
|   0|0x0000000080000000, 0x0000000080100000, 0x0000000080100000|100%| O|  |TAMS 0x0000000080100000, 0x0000000080100000| Untracked 
|   1|0x0000000080100000, 0x0000000080200000, 0x0000000080200000|100%| O|  |TAMS 0x0000000080200000, 0x0000000080200000| Untracked 
|   2|0x0000000080200000, 0x0000000080300000, 0x0000000080300000|100%| O|  |TAMS 0x0000000080300000, 0x0000000080300000| Untracked 
|   3|0x0000000080300000, 0x0000000080400000, 0x0000000080400000|100%|HS|  |TAMS 0x0000000080400000, 0x0000000080400000| Complete 
|   4|0x0000000080400000, 0x0000000080500000, 0x0000000080500000|100%|HC|  |TAMS 0x0000000080500000, 0x0000000080500000| Complete 
|   5|0x0000000080500000, 0x0000000080600000, 0x0000000080600000|100%|HC|  |TAMS 0x0000000080600000, 0x0000000080600000| Complete 
|   6|0x0000000080600000, 0x0000000080700000, 0x0000000080700000|100%| O|  |TAMS 0x0000000080700000, 0x0000000080700000| Untracked 
|   7|0x0000000080700000, 0x0000000080800000, 0x0000000080800000|100%| O|  |TAMS 0x0000000080800000, 0x0000000080800000| Untracked 
|   8|0x0000000080800000, 0x0000000080900000, 0x0000000080900000|100%| O|  |TAMS 0x0000000080900000, 0x0000000080900000| Untracked 
|   9|0x0000000080900000, 0x0000000080a00000, 0x0000000080a00000|100%| O|  |TAMS 0x0000000080a00000, 0x0000000080a00000| Untracked 
|  10|0x0000000080a00000, 0x0000000080b00000, 0x0000000080b00000|100%| O|  |TAMS 0x0000000080b00000, 0x0000000080b00000| Untracked 
|  11|0x0000000080b00000, 0x0000000080c00000, 0x0000000080c00000|100%| O|  |TAMS 0x0000000080c00000, 0x0000000080c00000| Untracked 
|  12|0x0000000080c00000, 0x0000000080d00000, 0x0000000080d00000|100%| O|  |TAMS 0x0000000080d00000, 0x0000000080d00000| Untracked 
|  13|0x0000000080d00000, 0x0000000080e00000, 0x0000000080e00000|100%| O|  |TAMS 0x0000000080e00000, 0x0000000080e00000| Untracked 
|  14|0x0000000080e00000, 0x0000000080f00000, 0x0000000080f00000|100%| O|  |TAMS 0x0000000080f00000, 0x0000000080f00000| Untracked 
|  15|0x0000000080f00000, 0x0000000081000000, 0x0000000081000000|100%| O|  |TAMS 0x0000000081000000, 0x0000000081000000| Untracked 
|  16|0x0000000081000000, 0x0000000081100000, 0x0000000081100000|100%|HS|  |TAMS 0x0000000081100000, 0x0000000081100000| Complete 
|  17|0x0000000081100000, 0x0000000081200000, 0x0000000081200000|100%|HS|  |TAMS 0x0000000081200000, 0x0000000081200000| Complete 
|  18|0x0000000081200000, 0x0000000081300000, 0x0000000081300000|100%|HS|  |TAMS 0x0000000081300000, 0x0000000081300000| Complete 
|  19|0x0000000081300000, 0x0000000081400000, 0x0000000081400000|100%|HC|  |TAMS 0x0000000081400000, 0x0000000081400000| Complete 
|  20|0x0000000081400000, 0x0000000081500000, 0x0000000081500000|100%| O|  |TAMS 0x0000000081500000, 0x0000000081500000| Untracked 
|  21|0x0000000081500000, 0x0000000081600000, 0x0000000081600000|100%| O|  |TAMS 0x0000000081600000, 0x0000000081600000| Untracked 
|  22|0x0000000081600000, 0x0000000081700000, 0x0000000081700000|100%| O|  |TAMS 0x0000000081700000, 0x0000000081700000| Untracked 
|  23|0x0000000081700000, 0x0000000081800000, 0x0000000081800000|100%| O|  |TAMS 0x0000000081800000, 0x0000000081800000| Untracked 
|  24|0x0000000081800000, 0x0000000081900000, 0x0000000081900000|100%| O|  |TAMS 0x0000000081900000, 0x0000000081900000| Untracked 
|  25|0x0000000081900000, 0x0000000081a00000, 0x0000000081a00000|100%| O|  |TAMS 0x0000000081a00000, 0x0000000081a00000| Untracked 
|  26|0x0000000081a00000, 0x0000000081b00000, 0x0000000081b00000|100%| O|  |TAMS 0x0000000081b00000, 0x0000000081b00000| Untracked 
|  27|0x0000000081b00000, 0x0000000081c00000, 0x0000000081c00000|100%| O|  |TAMS 0x0000000081c00000, 0x0000000081c00000| Untracked 
|  28|0x0000000081c00000, 0x0000000081d00000, 0x0000000081d00000|100%| O|  |TAMS 0x0000000081d00000, 0x0000000081d00000| Untracked 
|  29|0x0000000081d00000, 0x0000000081e00000, 0x0000000081e00000|100%| O|  |TAMS 0x0000000081d00000, 0x0000000081e00000| Untracked 
|  30|0x0000000081e00000, 0x0000000081f00000, 0x0000000081f00000|100%| O|  |TAMS 0x0000000081f00000, 0x0000000081f00000| Untracked 
|  31|0x0000000081f00000, 0x0000000082000000, 0x0000000082000000|100%| O|  |TAMS 0x0000000082000000, 0x0000000082000000| Untracked 
|  32|0x0000000082000000, 0x0000000082100000, 0x0000000082100000|100%| O|  |TAMS 0x0000000082100000, 0x0000000082100000| Untracked 
|  33|0x0000000082100000, 0x0000000082200000, 0x0000000082200000|100%| O|  |TAMS 0x0000000082200000, 0x0000000082200000| Untracked 
|  34|0x0000000082200000, 0x0000000082300000, 0x0000000082300000|100%| O|  |TAMS 0x0000000082300000, 0x0000000082300000| Untracked 
|  35|0x0000000082300000, 0x0000000082400000, 0x0000000082400000|100%| O|  |TAMS 0x0000000082400000, 0x0000000082400000| Untracked 
|  36|0x0000000082400000, 0x0000000082500000, 0x0000000082500000|100%| O|  |TAMS 0x0000000082500000, 0x0000000082500000| Untracked 
|  37|0x0000000082500000, 0x0000000082600000, 0x0000000082600000|100%| O|  |TAMS 0x0000000082600000, 0x0000000082600000| Untracked 
|  38|0x0000000082600000, 0x0000000082700000, 0x0000000082700000|100%| O|  |TAMS 0x0000000082700000, 0x0000000082700000| Untracked 
|  39|0x0000000082700000, 0x0000000082800000, 0x0000000082800000|100%|HS|  |TAMS 0x0000000082700000, 0x0000000082700000| Complete 
|  40|0x0000000082800000, 0x0000000082900000, 0x0000000082900000|100%| O|  |TAMS 0x0000000082900000, 0x0000000082900000| Untracked 
|  41|0x0000000082900000, 0x0000000082a00000, 0x0000000082a00000|100%| O|  |TAMS 0x0000000082a00000, 0x0000000082a00000| Untracked 
|  42|0x0000000082a00000, 0x0000000082b00000, 0x0000000082b00000|100%|HS|  |TAMS 0x0000000082a00000, 0x0000000082a00000| Complete 
|  43|0x0000000082b00000, 0x0000000082c00000, 0x0000000082c00000|100%| O|  |TAMS 0x0000000082c00000, 0x0000000082c00000| Untracked 
|  44|0x0000000082c00000, 0x0000000082d00000, 0x0000000082d00000|100%| O|  |TAMS 0x0000000082d00000, 0x0000000082d00000| Untracked 
|  45|0x0000000082d00000, 0x0000000082e00000, 0x0000000082e00000|100%| O|  |TAMS 0x0000000082e00000, 0x0000000082e00000| Untracked 
|  46|0x0000000082e00000, 0x0000000082f00000, 0x0000000082f00000|100%| O|  |TAMS 0x0000000082f00000, 0x0000000082f00000| Untracked 
|  47|0x0000000082f00000, 0x0000000083000000, 0x0000000083000000|100%| O|  |TAMS 0x0000000083000000, 0x0000000083000000| Untracked 
|  48|0x0000000083000000, 0x0000000083100000, 0x0000000083100000|100%| O|  |TAMS 0x0000000083100000, 0x0000000083100000| Untracked 
|  49|0x0000000083100000, 0x0000000083200000, 0x0000000083200000|100%| O|  |TAMS 0x0000000083200000, 0x0000000083200000| Untracked 
|  50|0x0000000083200000, 0x0000000083300000, 0x0000000083300000|100%| O|  |TAMS 0x0000000083300000, 0x0000000083300000| Untracked 
|  51|0x0000000083300000, 0x0000000083400000, 0x0000000083400000|100%| O|  |TAMS 0x0000000083300000, 0x0000000083400000| Untracked 
|  52|0x0000000083400000, 0x0000000083500000, 0x0000000083500000|100%|HS|  |TAMS 0x0000000083400000, 0x0000000083400000| Complete 
|  53|0x0000000083500000, 0x0000000083600000, 0x0000000083600000|100%| O|  |TAMS 0x0000000083600000, 0x0000000083600000| Untracked 
|  54|0x0000000083600000, 0x0000000083700000, 0x0000000083700000|100%| O|  |TAMS 0x0000000083700000, 0x0000000083700000| Untracked 
|  55|0x0000000083700000, 0x0000000083800000, 0x0000000083800000|100%| O|  |TAMS 0x0000000083800000, 0x0000000083800000| Untracked 
|  56|0x0000000083800000, 0x0000000083900000, 0x0000000083900000|100%| O|  |TAMS 0x0000000083900000, 0x0000000083900000| Untracked 
|  57|0x0000000083900000, 0x0000000083a00000, 0x0000000083a00000|100%| O|  |TAMS 0x0000000083a00000, 0x0000000083a00000| Untracked 
|  58|0x0000000083a00000, 0x0000000083b00000, 0x0000000083b00000|100%| O|  |TAMS 0x0000000083b00000, 0x0000000083b00000| Untracked 
|  59|0x0000000083b00000, 0x0000000083c00000, 0x0000000083c00000|100%|HS|  |TAMS 0x0000000083b00000, 0x0000000083b00000| Complete 
|  60|0x0000000083c00000, 0x0000000083d00000, 0x0000000083d00000|100%|HC|  |TAMS 0x0000000083c00000, 0x0000000083c00000| Complete 
|  61|0x0000000083d00000, 0x0000000083d00000, 0x0000000083e00000|  0%| F|  |TAMS 0x0000000083d00000, 0x0000000083d00000| Untracked 
|  62|0x0000000083e00000, 0x0000000083e00000, 0x0000000083f00000|  0%| F|  |TAMS 0x0000000083e00000, 0x0000000083e00000| Untracked 
|  63|0x0000000083f00000, 0x0000000084000000, 0x0000000084000000|100%| O|  |TAMS 0x0000000083f00000, 0x0000000084000000| Untracked 
|  64|0x0000000084000000, 0x0000000084100000, 0x0000000084100000|100%| O|  |TAMS 0x0000000084100000, 0x0000000084100000| Untracked 
|  65|0x0000000084100000, 0x0000000084200000, 0x0000000084200000|100%| O|  |TAMS 0x0000000084200000, 0x0000000084200000| Untracked 
|  66|0x0000000084200000, 0x0000000084300000, 0x0000000084300000|100%| O|  |TAMS 0x0000000084300000, 0x0000000084300000| Untracked 
|  67|0x0000000084300000, 0x0000000084400000, 0x0000000084400000|100%| O|  |TAMS 0x0000000084400000, 0x0000000084400000| Untracked 
|  68|0x0000000084400000, 0x0000000084500000, 0x0000000084500000|100%| O|  |TAMS 0x0000000084500000, 0x0000000084500000| Untracked 
|  69|0x0000000084500000, 0x0000000084600000, 0x0000000084600000|100%| O|  |TAMS 0x0000000084600000, 0x0000000084600000| Untracked 
|  70|0x0000000084600000, 0x0000000084700000, 0x0000000084700000|100%| O|  |TAMS 0x0000000084700000, 0x0000000084700000| Untracked 
|  71|0x0000000084700000, 0x0000000084800000, 0x0000000084800000|100%| O|  |TAMS 0x0000000084800000, 0x0000000084800000| Untracked 
|  72|0x0000000084800000, 0x0000000084900000, 0x0000000084900000|100%| O|  |TAMS 0x0000000084900000, 0x0000000084900000| Untracked 
|  73|0x0000000084900000, 0x0000000084a00000, 0x0000000084a00000|100%| O|  |TAMS 0x0000000084a00000, 0x0000000084a00000| Untracked 
|  74|0x0000000084a00000, 0x0000000084b00000, 0x0000000084b00000|100%| O|  |TAMS 0x0000000084b00000, 0x0000000084b00000| Untracked 
|  75|0x0000000084b00000, 0x0000000084c00000, 0x0000000084c00000|100%| O|  |TAMS 0x0000000084c00000, 0x0000000084c00000| Untracked 
|  76|0x0000000084c00000, 0x0000000084d00000, 0x0000000084d00000|100%| O|  |TAMS 0x0000000084d00000, 0x0000000084d00000| Untracked 
|  77|0x0000000084d00000, 0x0000000084e00000, 0x0000000084e00000|100%| O|  |TAMS 0x0000000084e00000, 0x0000000084e00000| Untracked 
|  78|0x0000000084e00000, 0x0000000084f00000, 0x0000000084f00000|100%| O|  |TAMS 0x0000000084f00000, 0x0000000084f00000| Untracked 
|  79|0x0000000084f00000, 0x0000000085000000, 0x0000000085000000|100%| O|  |TAMS 0x0000000084f00000, 0x0000000085000000| Untracked 
|  80|0x0000000085000000, 0x0000000085100000, 0x0000000085100000|100%| O|  |TAMS 0x0000000085000000, 0x0000000085100000| Untracked 
|  81|0x0000000085100000, 0x0000000085200000, 0x0000000085200000|100%| O|  |TAMS 0x0000000085200000, 0x0000000085200000| Untracked 
|  82|0x0000000085200000, 0x0000000085300000, 0x0000000085300000|100%| O|  |TAMS 0x0000000085200000, 0x0000000085300000| Untracked 
|  83|0x0000000085300000, 0x0000000085400000, 0x0000000085400000|100%| O|  |TAMS 0x0000000085400000, 0x0000000085400000| Untracked 
|  84|0x0000000085400000, 0x0000000085500000, 0x0000000085500000|100%| O|  |TAMS 0x0000000085500000, 0x0000000085500000| Untracked 
|  85|0x0000000085500000, 0x0000000085600000, 0x0000000085600000|100%|HS|  |TAMS 0x0000000085600000, 0x0000000085600000| Complete 
|  86|0x0000000085600000, 0x0000000085700000, 0x0000000085700000|100%|HC|  |TAMS 0x0000000085700000, 0x0000000085700000| Complete 
|  87|0x0000000085700000, 0x0000000085800000, 0x0000000085800000|100%|HS|  |TAMS 0x0000000085800000, 0x0000000085800000| Complete 
|  88|0x0000000085800000, 0x0000000085900000, 0x0000000085900000|100%|HC|  |TAMS 0x0000000085900000, 0x0000000085900000| Complete 
|  89|0x0000000085900000, 0x0000000085a00000, 0x0000000085a00000|100%|HC|  |TAMS 0x0000000085a00000, 0x0000000085a00000| Complete 
|  90|0x0000000085a00000, 0x0000000085b00000, 0x0000000085b00000|100%| O|  |TAMS 0x0000000085b00000, 0x0000000085b00000| Untracked 
|  91|0x0000000085b00000, 0x0000000085c00000, 0x0000000085c00000|100%| O|  |TAMS 0x0000000085c00000, 0x0000000085c00000| Untracked 
|  92|0x0000000085c00000, 0x0000000085d00000, 0x0000000085d00000|100%| O|  |TAMS 0x0000000085d00000, 0x0000000085d00000| Untracked 
|  93|0x0000000085d00000, 0x0000000085e00000, 0x0000000085e00000|100%| O|  |TAMS 0x0000000085e00000, 0x0000000085e00000| Untracked 
|  94|0x0000000085e00000, 0x0000000085f00000, 0x0000000085f00000|100%| O|  |TAMS 0x0000000085f00000, 0x0000000085f00000| Untracked 
|  95|0x0000000085f00000, 0x0000000086000000, 0x0000000086000000|100%| O|  |TAMS 0x0000000086000000, 0x0000000086000000| Untracked 
|  96|0x0000000086000000, 0x0000000086100000, 0x0000000086100000|100%|HS|  |TAMS 0x0000000086100000, 0x0000000086100000| Complete 
|  97|0x0000000086100000, 0x0000000086200000, 0x0000000086200000|100%|HC|  |TAMS 0x0000000086200000, 0x0000000086200000| Complete 
|  98|0x0000000086200000, 0x0000000086300000, 0x0000000086300000|100%|HC|  |TAMS 0x0000000086300000, 0x0000000086300000| Complete 
|  99|0x0000000086300000, 0x0000000086400000, 0x0000000086400000|100%|HC|  |TAMS 0x0000000086400000, 0x0000000086400000| Complete 
| 100|0x0000000086400000, 0x0000000086500000, 0x0000000086500000|100%|HC|  |TAMS 0x0000000086500000, 0x0000000086500000| Complete 
| 101|0x0000000086500000, 0x0000000086600000, 0x0000000086600000|100%| O|  |TAMS 0x0000000086500000, 0x0000000086600000| Untracked 
| 102|0x0000000086600000, 0x0000000086600000, 0x0000000086700000|  0%| F|  |TAMS 0x0000000086600000, 0x0000000086600000| Untracked 
| 103|0x0000000086700000, 0x0000000086800000, 0x0000000086800000|100%| O|  |TAMS 0x0000000086700000, 0x0000000086800000| Untracked 
| 104|0x0000000086800000, 0x0000000086900000, 0x0000000086900000|100%| O|  |TAMS 0x0000000086900000, 0x0000000086900000| Untracked 
| 105|0x0000000086900000, 0x0000000086a00000, 0x0000000086a00000|100%| O|  |TAMS 0x0000000086a00000, 0x0000000086a00000| Untracked 
| 106|0x0000000086a00000, 0x0000000086b00000, 0x0000000086b00000|100%| O|  |TAMS 0x0000000086b00000, 0x0000000086b00000| Untracked 
| 107|0x0000000086b00000, 0x0000000086b00000, 0x0000000086c00000|  0%| F|  |TAMS 0x0000000086b00000, 0x0000000086b00000| Untracked 
| 108|0x0000000086c00000, 0x0000000086d00000, 0x0000000086d00000|100%| O|  |TAMS 0x0000000086c94e00, 0x0000000086d00000| Untracked 
| 109|0x0000000086d00000, 0x0000000086e00000, 0x0000000086e00000|100%| O|  |TAMS 0x0000000086d00000, 0x0000000086e00000| Untracked 
| 110|0x0000000086e00000, 0x0000000086f00000, 0x0000000086f00000|100%| O|  |TAMS 0x0000000086e00000, 0x0000000086f00000| Untracked 
| 111|0x0000000086f00000, 0x0000000087000000, 0x0000000087000000|100%| O|  |TAMS 0x0000000086f00000, 0x0000000087000000| Untracked 
| 112|0x0000000087000000, 0x0000000087100000, 0x0000000087100000|100%| O|  |TAMS 0x0000000087000000, 0x0000000087100000| Untracked 
| 113|0x0000000087100000, 0x0000000087139c00, 0x0000000087200000| 22%| O|  |TAMS 0x0000000087100000, 0x0000000087139c00| Untracked 
| 114|0x0000000087200000, 0x0000000087200000, 0x0000000087300000|  0%| F|  |TAMS 0x0000000087200000, 0x0000000087200000| Untracked 
| 115|0x0000000087300000, 0x0000000087300000, 0x0000000087400000|  0%| F|  |TAMS 0x0000000087300000, 0x0000000087300000| Untracked 
| 116|0x0000000087400000, 0x0000000087500000, 0x0000000087500000|100%| O|  |TAMS 0x0000000087500000, 0x0000000087500000| Untracked 
| 117|0x0000000087500000, 0x0000000087600000, 0x0000000087600000|100%| O|  |TAMS 0x0000000087600000, 0x0000000087600000| Untracked 
| 118|0x0000000087600000, 0x0000000087700000, 0x0000000087700000|100%| O|  |TAMS 0x0000000087700000, 0x0000000087700000| Untracked 
| 119|0x0000000087700000, 0x0000000087800000, 0x0000000087800000|100%| O|  |TAMS 0x0000000087800000, 0x0000000087800000| Untracked 
| 120|0x0000000087800000, 0x0000000087900000, 0x0000000087900000|100%| O|  |TAMS 0x0000000087900000, 0x0000000087900000| Untracked 
| 121|0x0000000087900000, 0x0000000087a00000, 0x0000000087a00000|100%| O|  |TAMS 0x0000000087a00000, 0x0000000087a00000| Untracked 
| 122|0x0000000087a00000, 0x0000000087b00000, 0x0000000087b00000|100%| O|  |TAMS 0x0000000087b00000, 0x0000000087b00000| Untracked 
| 123|0x0000000087b00000, 0x0000000087c00000, 0x0000000087c00000|100%| O|  |TAMS 0x0000000087c00000, 0x0000000087c00000| Untracked 
| 124|0x0000000087c00000, 0x0000000087c00000, 0x0000000087d00000|  0%| F|  |TAMS 0x0000000087c00000, 0x0000000087c00000| Untracked 
| 125|0x0000000087d00000, 0x0000000087d00000, 0x0000000087e00000|  0%| F|  |TAMS 0x0000000087d00000, 0x0000000087d00000| Untracked 
| 126|0x0000000087e00000, 0x0000000087f00000, 0x0000000087f00000|100%| O|  |TAMS 0x0000000087f00000, 0x0000000087f00000| Untracked 
| 127|0x0000000087f00000, 0x0000000087f00000, 0x0000000088000000|  0%| F|  |TAMS 0x0000000087f00000, 0x0000000087f00000| Untracked 
| 128|0x0000000088000000, 0x0000000088000000, 0x0000000088100000|  0%| F|  |TAMS 0x0000000088000000, 0x0000000088000000| Untracked 
| 129|0x0000000088100000, 0x0000000088100000, 0x0000000088200000|  0%| F|  |TAMS 0x0000000088100000, 0x0000000088100000| Untracked 
| 130|0x0000000088200000, 0x0000000088200000, 0x0000000088300000|  0%| F|  |TAMS 0x0000000088200000, 0x0000000088200000| Untracked 
| 131|0x0000000088300000, 0x0000000088300000, 0x0000000088400000|  0%| F|  |TAMS 0x0000000088300000, 0x0000000088300000| Untracked 
| 132|0x0000000088400000, 0x0000000088500000, 0x0000000088500000|100%| O|  |TAMS 0x0000000088500000, 0x0000000088500000| Untracked 
| 133|0x0000000088500000, 0x0000000088600000, 0x0000000088600000|100%| O|  |TAMS 0x0000000088600000, 0x0000000088600000| Untracked 
| 134|0x0000000088600000, 0x0000000088600000, 0x0000000088700000|  0%| F|  |TAMS 0x0000000088600000, 0x0000000088600000| Untracked 
| 135|0x0000000088700000, 0x0000000088700000, 0x0000000088800000|  0%| F|  |TAMS 0x0000000088700000, 0x0000000088700000| Untracked 
| 136|0x0000000088800000, 0x0000000088800000, 0x0000000088900000|  0%| F|  |TAMS 0x0000000088800000, 0x0000000088800000| Untracked 
| 137|0x0000000088900000, 0x0000000088900000, 0x0000000088a00000|  0%| F|  |TAMS 0x0000000088900000, 0x0000000088900000| Untracked 
| 138|0x0000000088a00000, 0x0000000088a00000, 0x0000000088b00000|  0%| F|  |TAMS 0x0000000088a00000, 0x0000000088a00000| Untracked 
| 139|0x0000000088b00000, 0x0000000088b00000, 0x0000000088c00000|  0%| F|  |TAMS 0x0000000088b00000, 0x0000000088b00000| Untracked 
| 140|0x0000000088c00000, 0x0000000088c00000, 0x0000000088d00000|  0%| F|  |TAMS 0x0000000088c00000, 0x0000000088c00000| Untracked 
| 141|0x0000000088d00000, 0x0000000088d00000, 0x0000000088e00000|  0%| F|  |TAMS 0x0000000088d00000, 0x0000000088d00000| Untracked 
| 142|0x0000000088e00000, 0x0000000088e00000, 0x0000000088f00000|  0%| F|  |TAMS 0x0000000088e00000, 0x0000000088e00000| Untracked 
| 143|0x0000000088f00000, 0x0000000088f00000, 0x0000000089000000|  0%| F|  |TAMS 0x0000000088f00000, 0x0000000088f00000| Untracked 
| 144|0x0000000089000000, 0x0000000089000000, 0x0000000089100000|  0%| F|  |TAMS 0x0000000089000000, 0x0000000089000000| Untracked 
| 145|0x0000000089100000, 0x0000000089100000, 0x0000000089200000|  0%| F|  |TAMS 0x0000000089100000, 0x0000000089100000| Untracked 
| 146|0x0000000089200000, 0x0000000089200000, 0x0000000089300000|  0%| F|  |TAMS 0x0000000089200000, 0x0000000089200000| Untracked 
| 147|0x0000000089300000, 0x0000000089300000, 0x0000000089400000|  0%| F|  |TAMS 0x0000000089300000, 0x0000000089300000| Untracked 
| 148|0x0000000089400000, 0x0000000089400000, 0x0000000089500000|  0%| F|  |TAMS 0x0000000089400000, 0x0000000089400000| Untracked 
| 149|0x0000000089500000, 0x0000000089500000, 0x0000000089600000|  0%| F|  |TAMS 0x0000000089500000, 0x0000000089500000| Untracked 
| 150|0x0000000089600000, 0x0000000089600000, 0x0000000089700000|  0%| F|  |TAMS 0x0000000089600000, 0x0000000089600000| Untracked 
| 151|0x0000000089700000, 0x0000000089700000, 0x0000000089800000|  0%| F|  |TAMS 0x0000000089700000, 0x0000000089700000| Untracked 
| 152|0x0000000089800000, 0x0000000089800000, 0x0000000089900000|  0%| F|  |TAMS 0x0000000089800000, 0x0000000089800000| Untracked 
| 153|0x0000000089900000, 0x0000000089900000, 0x0000000089a00000|  0%| F|  |TAMS 0x0000000089900000, 0x0000000089900000| Untracked 
| 154|0x0000000089a00000, 0x0000000089a00000, 0x0000000089b00000|  0%| F|  |TAMS 0x0000000089a00000, 0x0000000089a00000| Untracked 
| 155|0x0000000089b00000, 0x0000000089b00000, 0x0000000089c00000|  0%| F|  |TAMS 0x0000000089b00000, 0x0000000089b00000| Untracked 
| 156|0x0000000089c00000, 0x0000000089c00000, 0x0000000089d00000|  0%| F|  |TAMS 0x0000000089c00000, 0x0000000089c00000| Untracked 
| 157|0x0000000089d00000, 0x0000000089d00000, 0x0000000089e00000|  0%| F|  |TAMS 0x0000000089d00000, 0x0000000089d00000| Untracked 
| 158|0x0000000089e00000, 0x0000000089e00000, 0x0000000089f00000|  0%| F|  |TAMS 0x0000000089e00000, 0x0000000089e00000| Untracked 
| 159|0x0000000089f00000, 0x0000000089f00000, 0x000000008a000000|  0%| F|  |TAMS 0x0000000089f00000, 0x0000000089f00000| Untracked 
| 160|0x000000008a000000, 0x000000008a000000, 0x000000008a100000|  0%| F|  |TAMS 0x000000008a000000, 0x000000008a000000| Untracked 
| 161|0x000000008a100000, 0x000000008a100000, 0x000000008a200000|  0%| F|  |TAMS 0x000000008a100000, 0x000000008a100000| Untracked 
| 162|0x000000008a200000, 0x000000008a200000, 0x000000008a300000|  0%| F|  |TAMS 0x000000008a200000, 0x000000008a200000| Untracked 
| 163|0x000000008a300000, 0x000000008a300000, 0x000000008a400000|  0%| F|  |TAMS 0x000000008a300000, 0x000000008a300000| Untracked 
| 164|0x000000008a400000, 0x000000008a400000, 0x000000008a500000|  0%| F|  |TAMS 0x000000008a400000, 0x000000008a400000| Untracked 
| 165|0x000000008a500000, 0x000000008a500000, 0x000000008a600000|  0%| F|  |TAMS 0x000000008a500000, 0x000000008a500000| Untracked 
| 166|0x000000008a600000, 0x000000008a600000, 0x000000008a700000|  0%| F|  |TAMS 0x000000008a600000, 0x000000008a600000| Untracked 
| 167|0x000000008a700000, 0x000000008a700000, 0x000000008a800000|  0%| F|  |TAMS 0x000000008a700000, 0x000000008a700000| Untracked 
| 168|0x000000008a800000, 0x000000008a800000, 0x000000008a900000|  0%| F|  |TAMS 0x000000008a800000, 0x000000008a800000| Untracked 
| 169|0x000000008a900000, 0x000000008a900000, 0x000000008aa00000|  0%| F|  |TAMS 0x000000008a900000, 0x000000008a900000| Untracked 
| 170|0x000000008aa00000, 0x000000008aa00000, 0x000000008ab00000|  0%| F|  |TAMS 0x000000008aa00000, 0x000000008aa00000| Untracked 
| 171|0x000000008ab00000, 0x000000008ab00000, 0x000000008ac00000|  0%| F|  |TAMS 0x000000008ab00000, 0x000000008ab00000| Untracked 
| 172|0x000000008ac00000, 0x000000008ac00000, 0x000000008ad00000|  0%| F|  |TAMS 0x000000008ac00000, 0x000000008ac00000| Untracked 
| 173|0x000000008ad00000, 0x000000008ad00000, 0x000000008ae00000|  0%| F|  |TAMS 0x000000008ad00000, 0x000000008ad00000| Untracked 
| 174|0x000000008ae00000, 0x000000008ae00000, 0x000000008af00000|  0%| F|  |TAMS 0x000000008ae00000, 0x000000008ae00000| Untracked 
| 175|0x000000008af00000, 0x000000008af00000, 0x000000008b000000|  0%| F|  |TAMS 0x000000008af00000, 0x000000008af00000| Untracked 
| 176|0x000000008b000000, 0x000000008b000000, 0x000000008b100000|  0%| F|  |TAMS 0x000000008b000000, 0x000000008b000000| Untracked 
| 177|0x000000008b100000, 0x000000008b100000, 0x000000008b200000|  0%| F|  |TAMS 0x000000008b100000, 0x000000008b100000| Untracked 
| 178|0x000000008b200000, 0x000000008b200000, 0x000000008b300000|  0%| F|  |TAMS 0x000000008b200000, 0x000000008b200000| Untracked 
| 179|0x000000008b300000, 0x000000008b300000, 0x000000008b400000|  0%| F|  |TAMS 0x000000008b300000, 0x000000008b300000| Untracked 
| 180|0x000000008b400000, 0x000000008b400000, 0x000000008b500000|  0%| F|  |TAMS 0x000000008b400000, 0x000000008b400000| Untracked 
| 181|0x000000008b500000, 0x000000008b500000, 0x000000008b600000|  0%| F|  |TAMS 0x000000008b500000, 0x000000008b500000| Untracked 
| 182|0x000000008b600000, 0x000000008b600000, 0x000000008b700000|  0%| F|  |TAMS 0x000000008b600000, 0x000000008b600000| Untracked 
| 183|0x000000008b700000, 0x000000008b700000, 0x000000008b800000|  0%| F|  |TAMS 0x000000008b700000, 0x000000008b700000| Untracked 
| 184|0x000000008b800000, 0x000000008b800000, 0x000000008b900000|  0%| F|  |TAMS 0x000000008b800000, 0x000000008b800000| Untracked 
| 185|0x000000008b900000, 0x000000008b900000, 0x000000008ba00000|  0%| F|  |TAMS 0x000000008b900000, 0x000000008b900000| Untracked 
| 186|0x000000008ba00000, 0x000000008ba00000, 0x000000008bb00000|  0%| F|  |TAMS 0x000000008ba00000, 0x000000008ba00000| Untracked 
| 187|0x000000008bb00000, 0x000000008bb00000, 0x000000008bc00000|  0%| F|  |TAMS 0x000000008bb00000, 0x000000008bb00000| Untracked 
| 188|0x000000008bc00000, 0x000000008bc00000, 0x000000008bd00000|  0%| F|  |TAMS 0x000000008bc00000, 0x000000008bc00000| Untracked 
| 189|0x000000008bd00000, 0x000000008bd00000, 0x000000008be00000|  0%| F|  |TAMS 0x000000008bd00000, 0x000000008bd00000| Untracked 
| 190|0x000000008be00000, 0x000000008be00000, 0x000000008bf00000|  0%| F|  |TAMS 0x000000008be00000, 0x000000008be00000| Untracked 
| 191|0x000000008bf00000, 0x000000008bf00000, 0x000000008c000000|  0%| F|  |TAMS 0x000000008bf00000, 0x000000008bf00000| Untracked 
| 192|0x000000008c000000, 0x000000008c000000, 0x000000008c100000|  0%| F|  |TAMS 0x000000008c000000, 0x000000008c000000| Untracked 
| 193|0x000000008c100000, 0x000000008c100000, 0x000000008c200000|  0%| F|  |TAMS 0x000000008c100000, 0x000000008c100000| Untracked 
| 194|0x000000008c200000, 0x000000008c200000, 0x000000008c300000|  0%| F|  |TAMS 0x000000008c200000, 0x000000008c200000| Untracked 
| 195|0x000000008c300000, 0x000000008c300000, 0x000000008c400000|  0%| F|  |TAMS 0x000000008c300000, 0x000000008c300000| Untracked 
| 196|0x000000008c400000, 0x000000008c400000, 0x000000008c500000|  0%| F|  |TAMS 0x000000008c400000, 0x000000008c400000| Untracked 
| 197|0x000000008c500000, 0x000000008c500000, 0x000000008c600000|  0%| F|  |TAMS 0x000000008c500000, 0x000000008c500000| Untracked 
| 198|0x000000008c600000, 0x000000008c600000, 0x000000008c700000|  0%| F|  |TAMS 0x000000008c600000, 0x000000008c600000| Untracked 
| 199|0x000000008c700000, 0x000000008c700000, 0x000000008c800000|  0%| F|  |TAMS 0x000000008c700000, 0x000000008c700000| Untracked 
| 200|0x000000008c800000, 0x000000008c800000, 0x000000008c900000|  0%| F|  |TAMS 0x000000008c800000, 0x000000008c800000| Untracked 
| 201|0x000000008c900000, 0x000000008c900000, 0x000000008ca00000|  0%| F|  |TAMS 0x000000008c900000, 0x000000008c900000| Untracked 
| 202|0x000000008ca00000, 0x000000008ca00000, 0x000000008cb00000|  0%| F|  |TAMS 0x000000008ca00000, 0x000000008ca00000| Untracked 
| 203|0x000000008cb00000, 0x000000008cb00000, 0x000000008cc00000|  0%| F|  |TAMS 0x000000008cb00000, 0x000000008cb00000| Untracked 
| 204|0x000000008cc00000, 0x000000008cc00000, 0x000000008cd00000|  0%| F|  |TAMS 0x000000008cc00000, 0x000000008cc00000| Untracked 
| 205|0x000000008cd00000, 0x000000008cd00000, 0x000000008ce00000|  0%| F|  |TAMS 0x000000008cd00000, 0x000000008cd00000| Untracked 
| 206|0x000000008ce00000, 0x000000008ce00000, 0x000000008cf00000|  0%| F|  |TAMS 0x000000008ce00000, 0x000000008ce00000| Untracked 
| 207|0x000000008cf00000, 0x000000008cf00000, 0x000000008d000000|  0%| F|  |TAMS 0x000000008cf00000, 0x000000008cf00000| Untracked 
| 208|0x000000008d000000, 0x000000008d000000, 0x000000008d100000|  0%| F|  |TAMS 0x000000008d000000, 0x000000008d000000| Untracked 
| 209|0x000000008d100000, 0x000000008d100000, 0x000000008d200000|  0%| F|  |TAMS 0x000000008d100000, 0x000000008d100000| Untracked 
| 210|0x000000008d200000, 0x000000008d200000, 0x000000008d300000|  0%| F|  |TAMS 0x000000008d200000, 0x000000008d200000| Untracked 
| 211|0x000000008d300000, 0x000000008d300000, 0x000000008d400000|  0%| F|  |TAMS 0x000000008d300000, 0x000000008d300000| Untracked 
| 212|0x000000008d400000, 0x000000008d400000, 0x000000008d500000|  0%| F|  |TAMS 0x000000008d400000, 0x000000008d400000| Untracked 
| 213|0x000000008d500000, 0x000000008d500000, 0x000000008d600000|  0%| F|  |TAMS 0x000000008d500000, 0x000000008d500000| Untracked 
| 214|0x000000008d600000, 0x000000008d600000, 0x000000008d700000|  0%| F|  |TAMS 0x000000008d600000, 0x000000008d600000| Untracked 
| 215|0x000000008d700000, 0x000000008d700000, 0x000000008d800000|  0%| F|  |TAMS 0x000000008d700000, 0x000000008d700000| Untracked 
| 216|0x000000008d800000, 0x000000008d800000, 0x000000008d900000|  0%| F|  |TAMS 0x000000008d800000, 0x000000008d800000| Untracked 
| 217|0x000000008d900000, 0x000000008d900000, 0x000000008da00000|  0%| F|  |TAMS 0x000000008d900000, 0x000000008d900000| Untracked 
| 218|0x000000008da00000, 0x000000008da00000, 0x000000008db00000|  0%| F|  |TAMS 0x000000008da00000, 0x000000008da00000| Untracked 
| 219|0x000000008db00000, 0x000000008db00000, 0x000000008dc00000|  0%| F|  |TAMS 0x000000008db00000, 0x000000008db00000| Untracked 
| 220|0x000000008dc00000, 0x000000008dc00000, 0x000000008dd00000|  0%| F|  |TAMS 0x000000008dc00000, 0x000000008dc00000| Untracked 
| 221|0x000000008dd00000, 0x000000008dd00000, 0x000000008de00000|  0%| F|  |TAMS 0x000000008dd00000, 0x000000008dd00000| Untracked 
| 222|0x000000008de00000, 0x000000008de00000, 0x000000008df00000|  0%| F|  |TAMS 0x000000008de00000, 0x000000008de00000| Untracked 
| 223|0x000000008df00000, 0x000000008df00000, 0x000000008e000000|  0%| F|  |TAMS 0x000000008df00000, 0x000000008df00000| Untracked 
| 224|0x000000008e000000, 0x000000008e032498, 0x000000008e100000| 19%| E|  |TAMS 0x000000008e000000, 0x000000008e000000| Complete 
| 225|0x000000008e100000, 0x000000008e200000, 0x000000008e200000|100%| E|CS|TAMS 0x000000008e100000, 0x000000008e100000| Complete 
| 226|0x000000008e200000, 0x000000008e300000, 0x000000008e300000|100%| E|CS|TAMS 0x000000008e200000, 0x000000008e200000| Complete 
| 227|0x000000008e300000, 0x000000008e400000, 0x000000008e400000|100%| E|  |TAMS 0x000000008e300000, 0x000000008e300000| Complete 
| 228|0x000000008e400000, 0x000000008e500000, 0x000000008e500000|100%| E|CS|TAMS 0x000000008e400000, 0x000000008e400000| Complete 
| 229|0x000000008e500000, 0x000000008e600000, 0x000000008e600000|100%| E|CS|TAMS 0x000000008e500000, 0x000000008e500000| Complete 
| 230|0x000000008e600000, 0x000000008e700000, 0x000000008e700000|100%| E|CS|TAMS 0x000000008e600000, 0x000000008e600000| Complete 
| 231|0x000000008e700000, 0x000000008e800000, 0x000000008e800000|100%| E|CS|TAMS 0x000000008e700000, 0x000000008e700000| Complete 
| 232|0x000000008e800000, 0x000000008e900000, 0x000000008e900000|100%| E|CS|TAMS 0x000000008e800000, 0x000000008e800000| Complete 
| 233|0x000000008e900000, 0x000000008e9c80d0, 0x000000008ea00000| 78%| S|CS|TAMS 0x000000008e900000, 0x000000008e900000| Complete 
| 234|0x000000008ea00000, 0x000000008eb00000, 0x000000008eb00000|100%| S|CS|TAMS 0x000000008ea00000, 0x000000008ea00000| Complete 
| 235|0x000000008eb00000, 0x000000008ec00000, 0x000000008ec00000|100%| S|CS|TAMS 0x000000008eb00000, 0x000000008eb00000| Complete 
| 236|0x000000008ec00000, 0x000000008ed00000, 0x000000008ed00000|100%| E|CS|TAMS 0x000000008ec00000, 0x000000008ec00000| Complete 
| 237|0x000000008ed00000, 0x000000008ee00000, 0x000000008ee00000|100%| E|CS|TAMS 0x000000008ed00000, 0x000000008ed00000| Complete 
| 238|0x000000008ee00000, 0x000000008ef00000, 0x000000008ef00000|100%| E|CS|TAMS 0x000000008ee00000, 0x000000008ee00000| Complete 
| 239|0x000000008ef00000, 0x000000008f000000, 0x000000008f000000|100%| E|CS|TAMS 0x000000008ef00000, 0x000000008ef00000| Complete 
| 240|0x000000008f000000, 0x000000008f100000, 0x000000008f100000|100%| E|CS|TAMS 0x000000008f000000, 0x000000008f000000| Complete 
| 241|0x000000008f100000, 0x000000008f200000, 0x000000008f200000|100%| E|CS|TAMS 0x000000008f100000, 0x000000008f100000| Complete 
| 242|0x000000008f200000, 0x000000008f300000, 0x000000008f300000|100%| E|CS|TAMS 0x000000008f200000, 0x000000008f200000| Complete 
| 243|0x000000008f300000, 0x000000008f400000, 0x000000008f400000|100%| E|CS|TAMS 0x000000008f300000, 0x000000008f300000| Complete 
| 244|0x000000008f400000, 0x000000008f500000, 0x000000008f500000|100%| E|CS|TAMS 0x000000008f400000, 0x000000008f400000| Complete 
| 245|0x000000008f500000, 0x000000008f600000, 0x000000008f600000|100%| E|CS|TAMS 0x000000008f500000, 0x000000008f500000| Complete 
| 246|0x000000008f600000, 0x000000008f700000, 0x000000008f700000|100%| E|CS|TAMS 0x000000008f600000, 0x000000008f600000| Complete 
| 247|0x000000008f700000, 0x000000008f800000, 0x000000008f800000|100%| E|CS|TAMS 0x000000008f700000, 0x000000008f700000| Complete 
| 248|0x000000008f800000, 0x000000008f900000, 0x000000008f900000|100%| E|CS|TAMS 0x000000008f800000, 0x000000008f800000| Complete 
| 249|0x000000008f900000, 0x000000008fa00000, 0x000000008fa00000|100%| E|CS|TAMS 0x000000008f900000, 0x000000008f900000| Complete 
| 250|0x000000008fa00000, 0x000000008fb00000, 0x000000008fb00000|100%| E|CS|TAMS 0x000000008fa00000, 0x000000008fa00000| Complete 
| 251|0x000000008fb00000, 0x000000008fc00000, 0x000000008fc00000|100%| E|CS|TAMS 0x000000008fb00000, 0x000000008fb00000| Complete 
| 252|0x000000008fc00000, 0x000000008fd00000, 0x000000008fd00000|100%| E|CS|TAMS 0x000000008fc00000, 0x000000008fc00000| Complete 
| 253|0x000000008fd00000, 0x000000008fe00000, 0x000000008fe00000|100%| E|CS|TAMS 0x000000008fd00000, 0x000000008fd00000| Complete 
| 254|0x000000008fe00000, 0x000000008ff00000, 0x000000008ff00000|100%| E|CS|TAMS 0x000000008fe00000, 0x000000008fe00000| Complete 
| 255|0x000000008ff00000, 0x0000000090000000, 0x0000000090000000|100%| E|CS|TAMS 0x000000008ff00000, 0x000000008ff00000| Complete 

Card table byte_map: [0x00000241497f0000,0x0000024149bf0000] _byte_map_base: 0x00000241493f0000

Marking Bits (Prev, Next): (CMBitMap*) 0x00000241366109f8, (CMBitMap*) 0x0000024136610a30
 Prev Bits: [0x0000024149ff0000, 0x000002414bff0000)
 Next Bits: [0x000002414bff0000, 0x000002414dff0000)

Polling page: 0x00000241344e0000

Metaspace:

Usage:
  Non-class:    125.86 MB capacity,   123.09 MB ( 98%) used,     2.23 MB (  2%) free+waste,   557.56 KB ( <1%) overhead. 
      Class:     18.92 MB capacity,    17.31 MB ( 91%) used,     1.37 MB (  7%) free+waste,   242.44 KB (  1%) overhead. 
       Both:    144.79 MB capacity,   140.40 MB ( 97%) used,     3.60 MB (  2%) free+waste,   800.00 KB ( <1%) overhead. 

Virtual space:
  Non-class space:      128.00 MB reserved,     126.42 MB ( 99%) committed 
      Class space:        1.00 GB reserved,      19.45 MB (  2%) committed 
             Both:        1.13 GB reserved,     145.87 MB ( 13%) committed 

Chunk freelists:
   Non-Class:  503.00 KB
       Class:  527.00 KB
        Both:  1.01 MB

MaxMetaspaceSize: 17179869184.00 GB
CompressedClassSpaceSize: 1.00 GB

CodeHeap 'non-profiled nmethods': size=120000Kb used=23678Kb max_used=23678Kb free=96321Kb
 bounds [0x0000024141b90000, 0x00000241432c0000, 0x00000241490c0000]
CodeHeap 'profiled nmethods': size=120000Kb used=62090Kb max_used=62090Kb free=57909Kb
 bounds [0x000002413a660000, 0x000002413e410000, 0x0000024141b90000]
CodeHeap 'non-nmethods': size=5760Kb used=2404Kb max_used=2513Kb free=3355Kb
 bounds [0x000002413a0c0000, 0x000002413a350000, 0x000002413a660000]
 total_blobs=28511 nmethods=27471 adapters=949
 compilation: enabled
              stopped_count=0, restarted_count=0
 full_count=0

Compilation events (20 events):
Event: 20486.435 Thread 0x0000024151324800 32405       3       com.android.tools.r8.internal.q1::a (6 bytes)
Event: 20486.435 Thread 0x0000024151324800 nmethod 32405 0x000002413b824a90 code [0x000002413b824c80, 0x000002413b825168]
Event: 20486.435 Thread 0x0000024151324800 32392       3       com.android.tools.r8.internal.q1::<init> (16 bytes)
Event: 20486.435 Thread 0x0000024151324800 nmethod 32392 0x000002413b4f0710 code [0x000002413b4f08c0, 0x000002413b4f0a08]
Event: 20486.435 Thread 0x00000241551e1800 nmethod 32435 0x00000241432a4810 code [0x00000241432a4dc0, 0x00000241432aa760]
Event: 20486.435 Thread 0x0000024151324800 32393       3       com.android.tools.r8.internal.i2::b0 (8 bytes)
Event: 20486.435 Thread 0x0000024151324800 nmethod 32393 0x000002413b180b10 code [0x000002413b180cc0, 0x000002413b180dd8]
Event: 20486.435 Thread 0x0000024151324800 32394       3       com.android.tools.r8.internal.X4$$Lambda$1866/0x0000000100e6e840::accept (19 bytes)
Event: 20486.435 Thread 0x00000241551e1800 32477       4       java.util.TimSort::mergeLo (659 bytes)
Event: 20486.436 Thread 0x0000024151324800 nmethod 32394 0x000002413bf3db10 code [0x000002413bf3ddc0, 0x000002413bf3ee08]
Event: 20486.436 Thread 0x0000024151324800 32385       3       com.android.tools.r8.ir.conversion.k::a (439 bytes)
Event: 20486.438 Thread 0x0000024151324800 nmethod 32385 0x000002413c2a7b10 code [0x000002413c2a7f00, 0x000002413c2aa1c8]
Event: 20486.438 Thread 0x0000024151324800 32389       3       com.android.tools.r8.internal.Ni$d::a (13 bytes)
Event: 20486.438 Thread 0x0000024151324800 nmethod 32389 0x000002413b267490 code [0x000002413b267640, 0x000002413b267798]
Event: 20486.438 Thread 0x0000024151324800 32387       3       com.android.tools.r8.ir.conversion.k$$Lambda$1818/0x0000000100e4fc40::get (28 bytes)
Event: 20486.438 Thread 0x0000024151324800 nmethod 32387 0x000002413b533810 code [0x000002413b5339c0, 0x000002413b533b08]
Event: 20486.438 Thread 0x0000024151324800 32476       1       com.android.tools.r8.dex.z::f (5 bytes)
Event: 20486.438 Thread 0x0000024151324800 nmethod 32476 0x00000241429d8a90 code [0x00000241429d8c40, 0x00000241429d8cf8]
Event: 20486.439 Thread 0x0000024151324800 32495       2       com.android.build.gradle.internal.dexing.DexWorkActionParams$Inject::getWorkerKey (34 bytes)
Event: 20486.439 Thread 0x0000024151324800 nmethod 32495 0x000002413b6d3f10 code [0x000002413b6d4100, 0x000002413b6d4518]

GC Heap History (20 events):
Event: 11644.738 GC heap before
{Heap before GC invocations=113 (full 0):
 garbage-first heap   total 262144K, used 117374K [0x0000000080000000, 0x0000000100000000)
  region size 1024K, 6 young (6144K), 1 survivors (1024K)
 Metaspace       used 143633K, capacity 148297K, committed 149112K, reserved 1179648K
  class space    used 17768K, capacity 19452K, committed 19916K, reserved 1048576K
}
Event: 11644.741 GC heap after
{Heap after GC invocations=114 (full 0):
 garbage-first heap   total 262144K, used 113310K [0x0000000080000000, 0x0000000100000000)
  region size 1024K, 1 young (1024K), 1 survivors (1024K)
 Metaspace       used 143633K, capacity 148297K, committed 149112K, reserved 1179648K
  class space    used 17768K, capacity 19452K, committed 19916K, reserved 1048576K
}
Event: 16048.806 GC heap before
{Heap before GC invocations=115 (full 0):
 garbage-first heap   total 262144K, used 226974K [0x0000000080000000, 0x0000000100000000)
  region size 1024K, 103 young (105472K), 1 survivors (1024K)
 Metaspace       used 143644K, capacity 148361K, committed 149112K, reserved 1179648K
  class space    used 17768K, capacity 19452K, committed 19916K, reserved 1048576K
}
Event: 16048.813 GC heap after
{Heap after GC invocations=116 (full 0):
 garbage-first heap   total 262144K, used 113079K [0x0000000080000000, 0x0000000100000000)
  region size 1024K, 1 young (1024K), 1 survivors (1024K)
 Metaspace       used 143644K, capacity 148361K, committed 149112K, reserved 1179648K
  class space    used 17768K, capacity 19452K, committed 19916K, reserved 1048576K
}
Event: 16541.273 GC heap before
{Heap before GC invocations=116 (full 0):
 garbage-first heap   total 262144K, used 124343K [0x0000000080000000, 0x0000000100000000)
  region size 1024K, 12 young (12288K), 1 survivors (1024K)
 Metaspace       used 143644K, capacity 148361K, committed 149112K, reserved 1179648K
  class space    used 17768K, capacity 19452K, committed 19916K, reserved 1048576K
}
Event: 16541.285 GC heap after
{Heap after GC invocations=117 (full 0):
 garbage-first heap   total 262144K, used 108988K [0x0000000080000000, 0x0000000100000000)
  region size 1024K, 1 young (1024K), 1 survivors (1024K)
 Metaspace       used 143644K, capacity 148361K, committed 149112K, reserved 1179648K
  class space    used 17768K, capacity 19452K, committed 19916K, reserved 1048576K
}
Event: 20484.481 GC heap before
{Heap before GC invocations=117 (full 0):
 garbage-first heap   total 262144K, used 218556K [0x0000000080000000, 0x0000000100000000)
  region size 1024K, 109 young (111616K), 1 survivors (1024K)
 Metaspace       used 143663K, capacity 148362K, committed 149112K, reserved 1179648K
  class space    used 17769K, capacity 19452K, committed 19916K, reserved 1048576K
}
Event: 20484.488 GC heap after
{Heap after GC invocations=118 (full 0):
 garbage-first heap   total 262144K, used 111759K [0x0000000080000000, 0x0000000100000000)
  region size 1024K, 3 young (3072K), 3 survivors (3072K)
 Metaspace       used 143663K, capacity 148362K, committed 149112K, reserved 1179648K
  class space    used 17769K, capacity 19452K, committed 19916K, reserved 1048576K
}
Event: 20485.778 GC heap before
{Heap before GC invocations=119 (full 0):
 garbage-first heap   total 262144K, used 243855K [0x0000000080000000, 0x0000000100000000)
  region size 1024K, 110 young (112640K), 3 survivors (3072K)
 Metaspace       used 143470K, capacity 147977K, committed 149368K, reserved 1179648K
  class space    used 17717K, capacity 19354K, committed 19916K, reserved 1048576K
}
Event: 20485.786 GC heap after
{Heap after GC invocations=120 (full 0):
 garbage-first heap   total 262144K, used 118820K [0x0000000080000000, 0x0000000100000000)
  region size 1024K, 10 young (10240K), 10 survivors (10240K)
 Metaspace       used 143470K, capacity 147977K, committed 149368K, reserved 1179648K
  class space    used 17717K, capacity 19354K, committed 19916K, reserved 1048576K
}
Event: 20485.788 GC heap before
{Heap before GC invocations=120 (full 0):
 garbage-first heap   total 262144K, used 119844K [0x0000000080000000, 0x0000000100000000)
  region size 1024K, 12 young (12288K), 10 survivors (10240K)
 Metaspace       used 143470K, capacity 147977K, committed 149368K, reserved 1179648K
  class space    used 17717K, capacity 19354K, committed 19916K, reserved 1048576K
}
Event: 20485.800 GC heap after
{Heap after GC invocations=121 (full 0):
 garbage-first heap   total 262144K, used 113804K [0x0000000080000000, 0x0000000100000000)
  region size 1024K, 1 young (1024K), 1 survivors (1024K)
 Metaspace       used 143470K, capacity 147977K, committed 149368K, reserved 1179648K
  class space    used 17717K, capacity 19354K, committed 19916K, reserved 1048576K
}
Event: 20485.955 GC heap before
{Heap before GC invocations=121 (full 0):
 garbage-first heap   total 262144K, used 150668K [0x0000000080000000, 0x0000000100000000)
  region size 1024K, 38 young (38912K), 1 survivors (1024K)
 Metaspace       used 143512K, capacity 147977K, committed 149368K, reserved 1179648K
  class space    used 17717K, capacity 19354K, committed 19916K, reserved 1048576K
}
Event: 20485.962 GC heap after
{Heap after GC invocations=122 (full 0):
 garbage-first heap   total 262144K, used 114810K [0x0000000080000000, 0x0000000100000000)
  region size 1024K, 2 young (2048K), 2 survivors (2048K)
 Metaspace       used 143512K, capacity 147977K, committed 149368K, reserved 1179648K
  class space    used 17717K, capacity 19354K, committed 19916K, reserved 1048576K
}
Event: 20486.323 GC heap before
{Heap before GC invocations=123 (full 0):
 garbage-first heap   total 262144K, used 226426K [0x0000000080000000, 0x0000000100000000)
  region size 1024K, 106 young (108544K), 2 survivors (2048K)
 Metaspace       used 143710K, capacity 148148K, committed 149368K, reserved 1179648K
  class space    used 17725K, capacity 19369K, committed 19916K, reserved 1048576K
}
Event: 20486.328 GC heap after
{Heap after GC invocations=124 (full 0):
 garbage-first heap   total 262144K, used 126014K [0x0000000080000000, 0x0000000100000000)
  region size 1024K, 11 young (11264K), 11 survivors (11264K)
 Metaspace       used 143710K, capacity 148148K, committed 149368K, reserved 1179648K
  class space    used 17725K, capacity 19369K, committed 19916K, reserved 1048576K
}
Event: 20486.329 GC heap before
{Heap before GC invocations=124 (full 0):
 garbage-first heap   total 262144K, used 126014K [0x0000000080000000, 0x0000000100000000)
  region size 1024K, 12 young (12288K), 11 survivors (11264K)
 Metaspace       used 143710K, capacity 148148K, committed 149368K, reserved 1179648K
  class space    used 17725K, capacity 19369K, committed 19916K, reserved 1048576K
}
Event: 20486.335 GC heap after
{Heap after GC invocations=125 (full 0):
 garbage-first heap   total 262144K, used 119190K [0x0000000080000000, 0x0000000100000000)
  region size 1024K, 2 young (2048K), 2 survivors (2048K)
 Metaspace       used 143710K, capacity 148148K, committed 149368K, reserved 1179648K
  class space    used 17725K, capacity 19369K, committed 19916K, reserved 1048576K
}
Event: 20486.388 GC heap before
{Heap before GC invocations=125 (full 0):
 garbage-first heap   total 262144K, used 135574K [0x0000000080000000, 0x0000000100000000)
  region size 1024K, 20 young (20480K), 2 survivors (2048K)
 Metaspace       used 143710K, capacity 148148K, committed 149368K, reserved 1179648K
  class space    used 17725K, capacity 19369K, committed 19916K, reserved 1048576K
}
Event: 20486.391 GC heap after
{Heap after GC invocations=126 (full 0):
 garbage-first heap   total 262144K, used 120839K [0x0000000080000000, 0x0000000100000000)
  region size 1024K, 3 young (3072K), 3 survivors (3072K)
 Metaspace       used 143710K, capacity 148148K, committed 149368K, reserved 1179648K
  class space    used 17725K, capacity 19369K, committed 19916K, reserved 1048576K
}

Deoptimization events (20 events):
Event: 20486.348 Thread 0x0000024158094800 DEOPT PACKING pc=0x000002413c498085 sp=0x000000ba486fcce0
Event: 20486.348 Thread 0x0000024158094800 DEOPT UNPACKING pc=0x000002413a0e76ce sp=0x000000ba486fc198 mode 0
Event: 20486.373 Thread 0x0000024151325000 DEOPT PACKING pc=0x000002413bf568bc sp=0x000000ba491fcba0
Event: 20486.373 Thread 0x0000024151325000 DEOPT UNPACKING pc=0x000002413a0e76ce sp=0x000000ba491fc090 mode 0
Event: 20486.380 Thread 0x0000024151325000 DEOPT PACKING pc=0x000002413bf568bc sp=0x000000ba491fcba0
Event: 20486.380 Thread 0x0000024151325000 DEOPT UNPACKING pc=0x000002413a0e76ce sp=0x000000ba491fc090 mode 0
Event: 20486.382 Thread 0x0000024151325000 DEOPT PACKING pc=0x000002413d277c49 sp=0x000000ba491fce20
Event: 20486.382 Thread 0x0000024151325000 DEOPT UNPACKING pc=0x000002413a0e76ce sp=0x000000ba491fc348 mode 0
Event: 20486.386 Thread 0x0000024151327000 DEOPT PACKING pc=0x000002413bf568bc sp=0x000000ba492fcb60
Event: 20486.386 Thread 0x0000024151327000 DEOPT UNPACKING pc=0x000002413a0e76ce sp=0x000000ba492fc050 mode 0
Event: 20486.393 Thread 0x0000024151327000 DEOPT PACKING pc=0x000002413bf568bc sp=0x000000ba492fcc60
Event: 20486.393 Thread 0x0000024151327000 DEOPT UNPACKING pc=0x000002413a0e76ce sp=0x000000ba492fc150 mode 0
Event: 20486.394 Thread 0x0000024151325000 DEOPT PACKING pc=0x000002413c498085 sp=0x000000ba491fcfd0
Event: 20486.394 Thread 0x0000024151325000 DEOPT UNPACKING pc=0x000002413a0e76ce sp=0x000000ba491fc488 mode 0
Event: 20486.405 Thread 0x0000024151327000 DEOPT PACKING pc=0x000002413bf568bc sp=0x000000ba492fcc60
Event: 20486.405 Thread 0x0000024151327000 DEOPT UNPACKING pc=0x000002413a0e76ce sp=0x000000ba492fc150 mode 0
Event: 20486.407 Thread 0x0000024151327000 DEOPT PACKING pc=0x000002413d277c49 sp=0x000000ba492fcee0
Event: 20486.407 Thread 0x0000024151327000 DEOPT UNPACKING pc=0x000002413a0e76ce sp=0x000000ba492fc408 mode 0
Event: 20486.419 Thread 0x0000024151327000 DEOPT PACKING pc=0x000002413c498085 sp=0x000000ba492fd090
Event: 20486.419 Thread 0x0000024151327000 DEOPT UNPACKING pc=0x000002413a0e76ce sp=0x000000ba492fc548 mode 0

Classes redefined (0 events):
No events

Internal exceptions (20 events):
Event: 20486.164 Thread 0x000002415a812000 Exception <a 'sun/nio/fs/WindowsException'{0x000000008e06b208}> (0x000000008e06b208) thrown at [./src/hotspot/share/prims/jni.cpp, line 615]
Event: 20486.166 Thread 0x000002415a812000 Exception <a 'sun/nio/fs/WindowsException'{0x000000008e073808}> (0x000000008e073808) thrown at [./src/hotspot/share/prims/jni.cpp, line 615]
Event: 20486.169 Thread 0x000002415a812000 Exception <a 'sun/nio/fs/WindowsException'{0x000000008e0aa3b8}> (0x000000008e0aa3b8) thrown at [./src/hotspot/share/prims/jni.cpp, line 615]
Event: 20486.179 Thread 0x000002415a812000 Exception <a 'sun/nio/fs/WindowsException'{0x000000008dc0d460}> (0x000000008dc0d460) thrown at [./src/hotspot/share/prims/jni.cpp, line 615]
Event: 20486.181 Thread 0x000002415a812000 Exception <a 'sun/nio/fs/WindowsException'{0x000000008dc225c0}> (0x000000008dc225c0) thrown at [./src/hotspot/share/prims/jni.cpp, line 615]
Event: 20486.182 Thread 0x000002415a812000 Exception <a 'sun/nio/fs/WindowsException'{0x000000008dc2dee8}> (0x000000008dc2dee8) thrown at [./src/hotspot/share/prims/jni.cpp, line 615]
Event: 20486.183 Thread 0x000002415a812000 Exception <a 'sun/nio/fs/WindowsException'{0x000000008dc38c30}> (0x000000008dc38c30) thrown at [./src/hotspot/share/prims/jni.cpp, line 615]
Event: 20486.189 Thread 0x000002415a812000 Exception <a 'sun/nio/fs/WindowsException'{0x000000008dac0810}> (0x000000008dac0810) thrown at [./src/hotspot/share/prims/jni.cpp, line 615]
Event: 20486.190 Thread 0x000002415a812000 Exception <a 'sun/nio/fs/WindowsException'{0x000000008dac7c38}> (0x000000008dac7c38) thrown at [./src/hotspot/share/prims/jni.cpp, line 615]
Event: 20486.192 Thread 0x000002415a812000 Exception <a 'sun/nio/fs/WindowsException'{0x000000008dad1cb0}> (0x000000008dad1cb0) thrown at [./src/hotspot/share/prims/jni.cpp, line 615]
Event: 20486.193 Thread 0x000002415a812000 Exception <a 'sun/nio/fs/WindowsException'{0x000000008daded98}> (0x000000008daded98) thrown at [./src/hotspot/share/prims/jni.cpp, line 615]
Event: 20486.217 Thread 0x000002415a813800 Exception <a 'java/lang/NoSuchMethodError'{0x000000008ff0bb80}: <clinit>> (0x000000008ff0bb80) thrown at [./src/hotspot/share/prims/jni.cpp, line 1362]
Event: 20486.232 Thread 0x000002415a812000 Exception <a 'sun/nio/fs/WindowsException'{0x000000008d378ad8}> (0x000000008d378ad8) thrown at [./src/hotspot/share/prims/jni.cpp, line 615]
Event: 20486.235 Thread 0x000002415a812000 Exception <a 'java/lang/NoSuchMethodError'{0x000000008d3c7400}: <clinit>> (0x000000008d3c7400) thrown at [./src/hotspot/share/prims/jni.cpp, line 1362]
Event: 20486.238 Thread 0x0000024153e9b000 Exception <a 'sun/nio/fs/WindowsException'{0x000000008d192af8}> (0x000000008d192af8) thrown at [./src/hotspot/share/prims/jni.cpp, line 615]
Event: 20486.239 Thread 0x0000024153ea0800 Exception <a 'sun/nio/fs/WindowsException'{0x000000008d1b4138}> (0x000000008d1b4138) thrown at [./src/hotspot/share/prims/jni.cpp, line 615]
Event: 20486.239 Thread 0x0000024153ea4000 Exception <a 'sun/nio/fs/WindowsException'{0x000000008d1db818}> (0x000000008d1db818) thrown at [./src/hotspot/share/prims/jni.cpp, line 615]
Event: 20486.258 Thread 0x0000024153e9b000 Exception <a 'sun/nio/fs/WindowsException'{0x000000008c6fec60}> (0x000000008c6fec60) thrown at [./src/hotspot/share/prims/jni.cpp, line 615]
Event: 20486.263 Thread 0x0000024153ea0800 Exception <a 'sun/nio/fs/WindowsException'{0x000000008bd1a690}> (0x000000008bd1a690) thrown at [./src/hotspot/share/prims/jni.cpp, line 615]
Event: 20486.265 Thread 0x0000024153ea4000 Exception <a 'sun/nio/fs/WindowsException'{0x000000008bd8eb68}> (0x000000008bd8eb68) thrown at [./src/hotspot/share/prims/jni.cpp, line 615]

Events (20 events):
Event: 20486.238 Thread 0x0000024151325000 Thread added: 0x0000024151325000
Event: 20486.239 Thread 0x0000024151327000 Thread added: 0x0000024151327000
Event: 20486.240 Thread 0x0000024153ad2800 Thread added: 0x0000024153ad2800
Event: 20486.240 Executing VM operation: RevokeBias
Event: 20486.240 Executing VM operation: RevokeBias done
Event: 20486.241 Thread 0x0000024153acd000 Thread added: 0x0000024153acd000
Event: 20486.245 Executing VM operation: ICBufferFull
Event: 20486.245 Executing VM operation: ICBufferFull done
Event: 20486.250 Executing VM operation: ICBufferFull
Event: 20486.251 Executing VM operation: ICBufferFull done
Event: 20486.259 Executing VM operation: ICBufferFull
Event: 20486.259 Executing VM operation: ICBufferFull done
Event: 20486.322 Executing VM operation: G1CollectForAllocation
Event: 20486.328 Executing VM operation: G1CollectForAllocation done
Event: 20486.328 Executing VM operation: G1CollectForAllocation
Event: 20486.335 Executing VM operation: G1CollectForAllocation done
Event: 20486.358 Executing VM operation: RevokeBias
Event: 20486.358 Executing VM operation: RevokeBias done
Event: 20486.387 Executing VM operation: G1CollectForAllocation
Event: 20486.391 Executing VM operation: G1CollectForAllocation done


Dynamic libraries:
0x00007ff608020000 - 0x00007ff60802a000 	C:\Program Files\Android\Android Studio\jre\bin\java.exe
0x00007fff81930000 - 0x00007fff81b25000 	C:\Windows\SYSTEM32\ntdll.dll
0x00007fff80f60000 - 0x00007fff8101e000 	C:\Windows\System32\KERNEL32.DLL
0x00007fff7f020000 - 0x00007fff7f2e8000 	C:\Windows\System32\KERNELBASE.dll
0x00007fff7f610000 - 0x00007fff7f710000 	C:\Windows\System32\ucrtbase.dll
0x00007fff78960000 - 0x00007fff78979000 	C:\Program Files\Android\Android Studio\jre\bin\jli.dll
0x00007fff78940000 - 0x00007fff78957000 	C:\Program Files\Android\Android Studio\jre\bin\VCRUNTIME140.dll
0x00007fff7fdd0000 - 0x00007fff7ff70000 	C:\Windows\System32\USER32.dll
0x00007fff7e410000 - 0x00007fff7e6aa000 	C:\Windows\WinSxS\amd64_microsoft.windows.common-controls_6595b64144ccf1df_6.0.19041.1110_none_60b5254171f9507e\COMCTL32.dll
0x00007fff7f7d0000 - 0x00007fff7f7f2000 	C:\Windows\System32\win32u.dll
0x00007fff7f9c0000 - 0x00007fff7f9ea000 	C:\Windows\System32\GDI32.dll
0x00007fff7fd30000 - 0x00007fff7fdce000 	C:\Windows\System32\msvcrt.dll
0x00007fff7f850000 - 0x00007fff7f95b000 	C:\Windows\System32\gdi32full.dll
0x00007fff7f410000 - 0x00007fff7f4ad000 	C:\Windows\System32\msvcp_win.dll
0x00007fff802d0000 - 0x00007fff80300000 	C:\Windows\System32\IMM32.DLL
0x00007fff686c0000 - 0x00007fff6875d000 	C:\Program Files\Android\Android Studio\jre\bin\msvcp140.dll
0x00007fff48a10000 - 0x00007fff494df000 	C:\Program Files\Android\Android Studio\jre\bin\server\jvm.dll
0x00007fff80300000 - 0x00007fff803ae000 	C:\Windows\System32\ADVAPI32.dll
0x00007fff801c0000 - 0x00007fff8025c000 	C:\Windows\System32\sechost.dll
0x00007fff7fc00000 - 0x00007fff7fd25000 	C:\Windows\System32\RPCRT4.dll
0x00007fff81150000 - 0x00007fff81158000 	C:\Windows\System32\PSAPI.DLL
0x00007fff79cb0000 - 0x00007fff79cb9000 	C:\Windows\SYSTEM32\WSOCK32.dll
0x00007fff71d00000 - 0x00007fff71d27000 	C:\Windows\SYSTEM32\WINMM.dll
0x00007fff80260000 - 0x00007fff802cb000 	C:\Windows\System32\WS2_32.dll
0x00007fff77560000 - 0x00007fff7756a000 	C:\Windows\SYSTEM32\VERSION.dll
0x00007fff7c280000 - 0x00007fff7c292000 	C:\Windows\SYSTEM32\kernel.appcore.dll
0x00007fff67bc0000 - 0x00007fff67bd1000 	C:\Program Files\Android\Android Studio\jre\bin\verify.dll
0x00007fff7e830000 - 0x00007fff7ea14000 	C:\Windows\SYSTEM32\DBGHELP.DLL
0x00007fff7e800000 - 0x00007fff7e82c000 	C:\Windows\SYSTEM32\dbgcore.DLL
0x00007fff7f710000 - 0x00007fff7f792000 	C:\Windows\System32\bcryptPrimitives.dll
0x00007fff5c1c0000 - 0x00007fff5c1e9000 	C:\Program Files\Android\Android Studio\jre\bin\java.dll
0x00007fff73480000 - 0x00007fff7348b000 	C:\Program Files\Android\Android Studio\jre\bin\jimage.dll
0x00007fff67ba0000 - 0x00007fff67bb8000 	C:\Program Files\Android\Android Studio\jre\bin\zip.dll
0x00007fff803b0000 - 0x00007fff80af4000 	C:\Windows\System32\SHELL32.dll
0x00007fff7c480000 - 0x00007fff7cc14000 	C:\Windows\SYSTEM32\windows.storage.dll
0x00007fff80b00000 - 0x00007fff80e54000 	C:\Windows\System32\combase.dll
0x00007fff7e3a0000 - 0x00007fff7e3cc000 	C:\Windows\SYSTEM32\Wldp.dll
0x00007fff80110000 - 0x00007fff801bd000 	C:\Windows\System32\SHCORE.dll
0x00007fff7fba0000 - 0x00007fff7fbf5000 	C:\Windows\System32\shlwapi.dll
0x00007fff7ef60000 - 0x00007fff7ef7f000 	C:\Windows\SYSTEM32\profapi.dll
0x00007fff5bd40000 - 0x00007fff5bd5a000 	C:\Program Files\Android\Android Studio\jre\bin\net.dll
0x00007fff73090000 - 0x00007fff7319a000 	C:\Windows\SYSTEM32\WINHTTP.dll
0x00007fff7e270000 - 0x00007fff7e2da000 	C:\Windows\system32\mswsock.dll
0x00007fff5b2b0000 - 0x00007fff5b2c4000 	C:\Program Files\Android\Android Studio\jre\bin\nio.dll
0x00007fff79460000 - 0x00007fff79487000 	C:\Users\admin\.gradle\native\8bec1ad78214c89d9ad589b4d07fe93259594b29d510b10fafb7a158f7737e5d\windows-amd64\native-platform.dll
0x00007fff4a7a0000 - 0x00007fff4a8dd000 	C:\Users\admin\.gradle\native\53dbd7edfb1c66fb8903c78663c9afc45aea4f116125fa6feffd364cf09443e8\windows-amd64\native-platform-file-events.dll
0x00007fff6ca10000 - 0x00007fff6ca1a000 	C:\Program Files\Android\Android Studio\jre\bin\management.dll
0x00007fff6acc0000 - 0x00007fff6accc000 	C:\Program Files\Android\Android Studio\jre\bin\management_ext.dll
0x00007fff7edb0000 - 0x00007fff7edc8000 	C:\Windows\SYSTEM32\CRYPTSP.dll
0x00007fff7da60000 - 0x00007fff7da94000 	C:\Windows\system32\rsaenh.dll
0x00007fff7f7a0000 - 0x00007fff7f7c7000 	C:\Windows\System32\bcrypt.dll
0x00007fff7eee0000 - 0x00007fff7ef0e000 	C:\Windows\SYSTEM32\USERENV.dll
0x00007fff7e1e0000 - 0x00007fff7e1ec000 	C:\Windows\SYSTEM32\CRYPTBASE.dll
0x00007fff7ddb0000 - 0x00007fff7ddeb000 	C:\Windows\SYSTEM32\IPHLPAPI.DLL
0x00007fff80e60000 - 0x00007fff80e68000 	C:\Windows\System32\NSI.dll
0x00007fff77b30000 - 0x00007fff77b47000 	C:\Windows\SYSTEM32\dhcpcsvc6.DLL
0x00007fff77aa0000 - 0x00007fff77abd000 	C:\Windows\SYSTEM32\dhcpcsvc.DLL
0x00007fff7ddf0000 - 0x00007fff7debb000 	C:\Windows\SYSTEM32\DNSAPI.dll
0x00007fff54030000 - 0x00007fff54057000 	C:\Program Files\Android\Android Studio\jre\bin\sunec.dll
0x00007fff71de0000 - 0x00007fff71dea000 	C:\Windows\System32\rasadhlp.dll
0x00007fff71df0000 - 0x00007fff71e6f000 	C:\Windows\System32\fwpuclnt.dll

dbghelp: loaded successfully - version: 4.0.5 - missing functions: none
symbol engine: initialized successfully - sym options: 0x614 - pdb path: .;C:\Program Files\Android\Android Studio\jre\bin;C:\Windows\SYSTEM32;C:\Windows\WinSxS\amd64_microsoft.windows.common-controls_6595b64144ccf1df_6.0.19041.1110_none_60b5254171f9507e;C:\Program Files\Android\Android Studio\jre\bin\server;C:\Users\admin\.gradle\native\8bec1ad78214c89d9ad589b4d07fe93259594b29d510b10fafb7a158f7737e5d\windows-amd64;C:\Users\admin\.gradle\native\53dbd7edfb1c66fb8903c78663c9afc45aea4f116125fa6feffd364cf09443e8\windows-amd64

VM Arguments:
jvm_args: --add-opens=java.base/java.util=ALL-UNNAMED --add-opens=java.base/java.lang=ALL-UNNAMED --add-opens=java.base/java.lang.invoke=ALL-UNNAMED --add-opens=java.base/java.util=ALL-UNNAMED --add-opens=java.prefs/java.util.prefs=ALL-UNNAMED --add-opens=java.prefs/java.util.prefs=ALL-UNNAMED --add-opens=java.base/java.nio.charset=ALL-UNNAMED --add-opens=java.base/java.net=ALL-UNNAMED --add-opens=java.base/java.util.concurrent.atomic=ALL-UNNAMED -Xmx2048m -Dfile.encoding=UTF-8 -Duser.country=RU -Duser.language=ru -Duser.variant 
java_command: org.gradle.launcher.daemon.bootstrap.GradleDaemon 7.0.2
java_class_path (initial): C:\Users\admin\.gradle\wrapper\dists\gradle-7.0.2-bin\857tjihv64xamwrf0h14cai3r\gradle-7.0.2\lib\gradle-launcher-7.0.2.jar
Launcher Type: SUN_STANDARD

[Global flags]
     intx CICompilerCount                          = 4                                         {product} {ergonomic}
     uint ConcGCThreads                            = 2                                         {product} {ergonomic}
     uint G1ConcRefinementThreads                  = 8                                         {product} {ergonomic}
   size_t G1HeapRegionSize                         = 1048576                                   {product} {ergonomic}
    uintx GCDrainStackTargetSize                   = 64                                        {product} {ergonomic}
   size_t InitialHeapSize                          = 268435456                                 {product} {ergonomic}
   size_t MarkStackSize                            = 4194304                                   {product} {ergonomic}
   size_t MaxHeapSize                              = 2147483648                                {product} {command line}
   size_t MaxNewSize                               = 1287651328                                {product} {ergonomic}
   size_t MinHeapDeltaBytes                        = 1048576                                   {product} {ergonomic}
    uintx NonNMethodCodeHeapSize                   = 5836300                                {pd product} {ergonomic}
    uintx NonProfiledCodeHeapSize                  = 122910970                              {pd product} {ergonomic}
    uintx ProfiledCodeHeapSize                     = 122910970                              {pd product} {ergonomic}
    uintx ReservedCodeCacheSize                    = 251658240                              {pd product} {ergonomic}
     bool SegmentedCodeCache                       = true                                      {product} {ergonomic}
     bool UseCompressedClassPointers               = true                                 {lp64_product} {ergonomic}
     bool UseCompressedOops                        = true                                 {lp64_product} {ergonomic}
     bool UseG1GC                                  = true                                      {product} {ergonomic}
     bool UseLargePagesIndividualAllocation        = false                                  {pd product} {ergonomic}

Logging:
Log output configuration:
 #0: stdout all=warning uptime,level,tags
 #1: stderr all=off uptime,level,tags

Environment Variables:
PATH=C:\Program Files\Common Files\Oracle\Java\javapath;C:\Program Files (x86)\VMware\VMware Workstation\bin\;C:\Windows\system32;C:\Windows;C:\Windows\System32\Wbem;C:\Windows\System32\WindowsPowerShell\v1.0\;C:\Windows\System32\OpenSSH\;C:\Program Files (x86)\NVIDIA Corporation\PhysX\Common;C:\Program Files\NVIDIA Corporation\NVIDIA NvDLISR;C:\Program Files\Git\cmd;C:\Users\admin\AppData\Local\Microsoft\WindowsApps;C:\Program Files\JetBrains\IntelliJ IDEA Community Edition 2021.3\bin;;C:\Users\admin\AppData\Local\GitHubDesktop\bin
USERNAME=admin
OS=Windows_NT
PROCESSOR_IDENTIFIER=Intel64 Family 6 Model 94 Stepping 3, GenuineIntel



---------------  S Y S T E M  ---------------

OS: Windows 10 , 64 bit Build 19041 (10.0.19041.1645)
OS uptime: 0 days 14:46 hours

CPU:total 8 (initial active 8) (4 cores per cpu, 2 threads per core) family 6 model 94 stepping 3 microcode 0xcc, cmov, cx8, fxsr, mmx, sse, sse2, sse3, ssse3, sse4.1, sse4.2, popcnt, avx, avx2, aes, clmul, erms, rtm, 3dnowpref, lzcnt, ht, tsc, tscinvbit, bmi1, bmi2, adx, fma

Memory: 4k page, system-wide physical 16305M (9261M free)
TotalPageFile size 18737M (AvailPageFile size 9732M)
current process WorkingSet (physical memory assigned to process): 667M, peak: 700M
current process commit charge ("private bytes"): 720M, peak: 735M

vm_info: OpenJDK 64-Bit Server VM (11.0.10+0-b96-7249189) for windows-amd64 JRE (11.0.10+0-b96-7249189), built on Mar 31 2021 21:44:00 by "builder" with MS VC++ 14.0 (VS2015)

END.
